<html>
<head>
<title>TestNG:  networker</title>
<link href="../testng.css" rel="stylesheet" type="text/css" />
<link href="../my-testng.css" rel="stylesheet" type="text/css" />

<style type="text/css">
.log { display: none;} 
.stack-trace { display: none;} 
</style>
<script type="text/javascript">
<!--
function flip(e) {
  current = e.style.display;
  if (current == 'block') {
    e.style.display = 'none';
    return 0;
  }
  else {
    e.style.display = 'block';
    return 1;
  }
}

function toggleBox(szDivId, elem, msg1, msg2)
{
  var res = -1;  if (document.getElementById) {
    res = flip(document.getElementById(szDivId));
  }
  else if (document.all) {
    // this is the way old msie versions work
    res = flip(document.all[szDivId]);
  }
  if(elem) {
    if(res == 0) elem.innerHTML = msg1; else elem.innerHTML = msg2;
  }

}

function toggleAllBoxes() {
  if (document.getElementsByTagName) {
    d = document.getElementsByTagName('div');
    for (i = 0; i < d.length; i++) {
      if (d[i].className == 'log') {
        flip(d[i]);
      }
    }
  }
}

// -->
</script>

</head>
<body>
<h2 align='center'>networker</h2><table border='1' align="center">
<tr>
<td>Tests passed/Failed/Skipped:</td><td>257/18/0</td>
</tr><tr>
<td>Started on:</td><td>Sat Aug 10 16:32:01 MSK 2019</td>
</tr>
<tr><td>Total time:</td><td>171 seconds (171570 ms)</td>
</tr><tr>
<td>Included groups:</td><td></td>
</tr><tr>
<td>Excluded groups:</td><td></td>
</tr>
</table><p/>
<small><i>(Hover the method name to see the test class name)</i></small><p/>
<table width='100%' border='1' class='invocation-failed'>
<tr><td colspan='4' align='center'><b>FAILED CONFIGURATIONS</b></td></tr>
<tr><td><b>Test method</b></td>
<td width="30%"><b>Exception</b></td>
<td width="10%"><b>Time (seconds)</b></td>
<td><b>Instance</b></td>
</tr>
<tr>
<td title='ru.vachok.networker.IntoApplicationTest.tearDown()'><b>tearDown</b><br>Test class: ru.vachok.networker.IntoApplicationTest</td>
<td><div><pre>java.lang.NoClassDefFoundError: Could not initialize class ru.vachok.networker.IntoApplication
	at ru.vachok.networker.IntoApplicationTest.tearDown(IntoApplicationTest.java:36)
... Removed 24 stack frames</pre></div><a href='#' onClick='toggleBox("stack-trace90383930", this, "Click to show all stack frames", "Click to hide stack frames")'>Click to show all stack frames</a>
<div class='stack-trace' id='stack-trace90383930'><pre>java.lang.NoClassDefFoundError: Could not initialize class ru.vachok.networker.IntoApplication
	at ru.vachok.networker.IntoApplicationTest.tearDown(IntoApplicationTest.java:36)
	at java.base/jdk.internal.reflect.NativeMethodAccessorImpl.invoke0(Native Method)
	at java.base/jdk.internal.reflect.NativeMethodAccessorImpl.invoke(NativeMethodAccessorImpl.java:62)
	at java.base/jdk.internal.reflect.DelegatingMethodAccessorImpl.invoke(DelegatingMethodAccessorImpl.java:43)
	at java.base/java.lang.reflect.Method.invoke(Method.java:567)
	at org.testng.internal.MethodInvocationHelper.invokeMethod(MethodInvocationHelper.java:131)
	at org.testng.internal.MethodInvocationHelper.invokeMethodConsideringTimeout(MethodInvocationHelper.java:61)
	at org.testng.internal.ConfigInvoker.invokeConfigurationMethod(ConfigInvoker.java:340)
	at org.testng.internal.ConfigInvoker.invokeConfigurations(ConfigInvoker.java:294)
	at org.testng.internal.TestMethodWorker.invokeAfterClassMethods(TestMethodWorker.java:217)
	at org.testng.internal.TestMethodWorker.run(TestMethodWorker.java:130)
	at org.testng.TestRunner.privateRun(TestRunner.java:763)
	at org.testng.TestRunner.run(TestRunner.java:594)
	at org.testng.SuiteRunner.runTest(SuiteRunner.java:398)
	at org.testng.SuiteRunner.runSequentially(SuiteRunner.java:392)
	at org.testng.SuiteRunner.privateRun(SuiteRunner.java:355)
	at org.testng.SuiteRunner.run(SuiteRunner.java:304)
	at org.testng.SuiteRunnerWorker.runSuite(SuiteRunnerWorker.java:53)
	at org.testng.SuiteRunnerWorker.run(SuiteRunnerWorker.java:96)
	at org.testng.TestNG.runSuitesSequentially(TestNG.java:1146)
	at org.testng.TestNG.runSuitesLocally(TestNG.java:1067)
	at org.testng.TestNG.runSuites(TestNG.java:997)
	at org.testng.TestNG.run(TestNG.java:965)
	at org.testng.IDEARemoteTestNG.run(IDEARemoteTestNG.java:73)
	at org.testng.RemoteTestNGStarter.main(RemoteTestNGStarter.java:123)
</pre></div></td>
<td>0</td>
<td>ru.vachok.networker.IntoApplicationTest@75e710b</td></tr>
</table><p>
<table width='100%' border='1' class='invocation-failed'>
<tr><td colspan='4' align='center'><b>FAILED TESTS</b></td></tr>
<tr><td><b>Test method</b></td>
<td width="30%"><b>Exception</b></td>
<td width="10%"><b>Time (seconds)</b></td>
<td><b>Instance</b></td>
</tr>
<tr>
<td title='ru.vachok.networker.accesscontrol.common.usermanagement.RightsCheckerTest.copyExistsFiles()'><b>copyExistsFiles</b><br>Test class: ru.vachok.networker.accesscontrol.common.usermanagement.RightsCheckerTest</td>
<td><div><pre>java.lang.AssertionError: G:\My_Proj\FtpClientPlus\modules\networker\logscommon\common.own did not expect to find [true] but found [false]
	at ru.vachok.networker.accesscontrol.common.usermanagement.RightsCheckerTest.copyExistsFiles(RightsCheckerTest.java:82)
... Removed 29 stack frames</pre></div><a href='#' onClick='toggleBox("stack-trace1605650788", this, "Click to show all stack frames", "Click to hide stack frames")'>Click to show all stack frames</a>
<div class='stack-trace' id='stack-trace1605650788'><pre>java.lang.AssertionError: G:\My_Proj\FtpClientPlus\modules\networker\logscommon\common.own did not expect to find [true] but found [false]
	at org.testng.Assert.fail(Assert.java:97)
	at org.testng.Assert.failNotEquals(Assert.java:969)
	at org.testng.Assert.assertTrue(Assert.java:43)
	at ru.vachok.networker.accesscontrol.common.usermanagement.RightsCheckerTest.copyExistsFiles(RightsCheckerTest.java:82)
	at java.base/jdk.internal.reflect.NativeMethodAccessorImpl.invoke0(Native Method)
	at java.base/jdk.internal.reflect.NativeMethodAccessorImpl.invoke(NativeMethodAccessorImpl.java:62)
	at java.base/jdk.internal.reflect.DelegatingMethodAccessorImpl.invoke(DelegatingMethodAccessorImpl.java:43)
	at java.base/java.lang.reflect.Method.invoke(Method.java:567)
	at org.testng.internal.MethodInvocationHelper.invokeMethod(MethodInvocationHelper.java:131)
	at org.testng.internal.TestInvoker.invokeMethod(TestInvoker.java:570)
	at org.testng.internal.TestInvoker.invokeTestMethod(TestInvoker.java:170)
	at org.testng.internal.MethodRunner.runInSequence(MethodRunner.java:46)
	at org.testng.internal.TestInvoker$MethodInvocationAgent.invoke(TestInvoker.java:790)
	at org.testng.internal.TestInvoker.invokeTestMethods(TestInvoker.java:143)
	at org.testng.internal.TestMethodWorker.invokeTestMethods(TestMethodWorker.java:146)
	at org.testng.internal.TestMethodWorker.run(TestMethodWorker.java:128)
	at org.testng.TestRunner.privateRun(TestRunner.java:763)
	at org.testng.TestRunner.run(TestRunner.java:594)
	at org.testng.SuiteRunner.runTest(SuiteRunner.java:398)
	at org.testng.SuiteRunner.runSequentially(SuiteRunner.java:392)
	at org.testng.SuiteRunner.privateRun(SuiteRunner.java:355)
	at org.testng.SuiteRunner.run(SuiteRunner.java:304)
	at org.testng.SuiteRunnerWorker.runSuite(SuiteRunnerWorker.java:53)
	at org.testng.SuiteRunnerWorker.run(SuiteRunnerWorker.java:96)
	at org.testng.TestNG.runSuitesSequentially(TestNG.java:1146)
	at org.testng.TestNG.runSuitesLocally(TestNG.java:1067)
	at org.testng.TestNG.runSuites(TestNG.java:997)
	at org.testng.TestNG.run(TestNG.java:965)
	at org.testng.IDEARemoteTestNG.run(IDEARemoteTestNG.java:73)
	at org.testng.RemoteTestNGStarter.main(RemoteTestNGStarter.java:123)
</pre></div></td>
<td>0</td>
<td>ru.vachok.networker.accesscontrol.common.usermanagement.RightsCheckerTest@35dd9ed3</td></tr>
<tr>
<td title='ru.vachok.networker.AbstractNetworkerFactoryTest.getSSHFactoryOverAbsFactory()'><b>getSSHFactoryOverAbsFactory</b><br>Test class: ru.vachok.networker.AbstractNetworkerFactoryTest</td>
<td><div><pre>java.lang.AssertionError: null
FutureTask.java: java.base/java.util.concurrent.FutureTask.awaitDone(FutureTask.java:418)
FutureTask.java: java.base/java.util.concurrent.FutureTask.get(FutureTask.java:203)
AbstractNetworkerFactoryTest.java: ru.vachok.networker.AbstractNetworkerFactoryTest.getSSHFactoryOverAbsFactory(AbstractNetworkerFactoryTest.java:75)



 expected [null] but found [java.lang.InterruptedException]
	at ru.vachok.networker.AbstractNetworkerFactoryTest.getSSHFactoryOverAbsFactory(AbstractNetworkerFactoryTest.java:84)
... Removed 55 stack frames</pre></div><a href='#' onClick='toggleBox("stack-trace2136210488", this, "Click to show all stack frames", "Click to hide stack frames")'>Click to show all stack frames</a>
<div class='stack-trace' id='stack-trace2136210488'><pre>java.lang.AssertionError: null
FutureTask.java: java.base/java.util.concurrent.FutureTask.awaitDone(FutureTask.java:418)
FutureTask.java: java.base/java.util.concurrent.FutureTask.get(FutureTask.java:203)
AbstractNetworkerFactoryTest.java: ru.vachok.networker.AbstractNetworkerFactoryTest.getSSHFactoryOverAbsFactory(AbstractNetworkerFactoryTest.java:75)
NativeMethodAccessorImpl.java: java.base/jdk.internal.reflect.NativeMethodAccessorImpl.invoke0(Native Method)
NativeMethodAccessorImpl.java: java.base/jdk.internal.reflect.NativeMethodAccessorImpl.invoke(NativeMethodAccessorImpl.java:62)
DelegatingMethodAccessorImpl.java: java.base/jdk.internal.reflect.DelegatingMethodAccessorImpl.invoke(DelegatingMethodAccessorImpl.java:43)
Method.java: java.base/java.lang.reflect.Method.invoke(Method.java:567)
MethodInvocationHelper.java: org.testng.internal.MethodInvocationHelper.invokeMethod(MethodInvocationHelper.java:131)
TestInvoker.java: org.testng.internal.TestInvoker.invokeMethod(TestInvoker.java:570)
TestInvoker.java: org.testng.internal.TestInvoker.invokeTestMethod(TestInvoker.java:170)
MethodRunner.java: org.testng.internal.MethodRunner.runInSequence(MethodRunner.java:46)
TestInvoker.java: org.testng.internal.TestInvoker$MethodInvocationAgent.invoke(TestInvoker.java:790)
TestInvoker.java: org.testng.internal.TestInvoker.invokeTestMethods(TestInvoker.java:143)
TestMethodWorker.java: org.testng.internal.TestMethodWorker.invokeTestMethods(TestMethodWorker.java:146)
TestMethodWorker.java: org.testng.internal.TestMethodWorker.run(TestMethodWorker.java:128)
TestRunner.java: org.testng.TestRunner.privateRun(TestRunner.java:763)
TestRunner.java: org.testng.TestRunner.run(TestRunner.java:594)
SuiteRunner.java: org.testng.SuiteRunner.runTest(SuiteRunner.java:398)
SuiteRunner.java: org.testng.SuiteRunner.runSequentially(SuiteRunner.java:392)
SuiteRunner.java: org.testng.SuiteRunner.privateRun(SuiteRunner.java:355)
SuiteRunner.java: org.testng.SuiteRunner.run(SuiteRunner.java:304)
SuiteRunnerWorker.java: org.testng.SuiteRunnerWorker.runSuite(SuiteRunnerWorker.java:53)
SuiteRunnerWorker.java: org.testng.SuiteRunnerWorker.run(SuiteRunnerWorker.java:96)
TestNG.java: org.testng.TestNG.runSuitesSequentially(TestNG.java:1146)
TestNG.java: org.testng.TestNG.runSuitesLocally(TestNG.java:1067)
TestNG.java: org.testng.TestNG.runSuites(TestNG.java:997)
TestNG.java: org.testng.TestNG.run(TestNG.java:965)
IDEARemoteTestNG.java: org.testng.IDEARemoteTestNG.run(IDEARemoteTestNG.java:73)
RemoteTestNGStarter.java: org.testng.RemoteTestNGStarter.main(RemoteTestNGStarter.java:123)



 expected [null] but found [java.lang.InterruptedException]
	at org.testng.Assert.fail(Assert.java:97)
	at org.testng.Assert.failNotSame(Assert.java:965)
	at org.testng.Assert.assertNull(Assert.java:898)
	at ru.vachok.networker.AbstractNetworkerFactoryTest.getSSHFactoryOverAbsFactory(AbstractNetworkerFactoryTest.java:84)
	at java.base/jdk.internal.reflect.NativeMethodAccessorImpl.invoke0(Native Method)
	at java.base/jdk.internal.reflect.NativeMethodAccessorImpl.invoke(NativeMethodAccessorImpl.java:62)
	at java.base/jdk.internal.reflect.DelegatingMethodAccessorImpl.invoke(DelegatingMethodAccessorImpl.java:43)
	at java.base/java.lang.reflect.Method.invoke(Method.java:567)
	at org.testng.internal.MethodInvocationHelper.invokeMethod(MethodInvocationHelper.java:131)
	at org.testng.internal.TestInvoker.invokeMethod(TestInvoker.java:570)
	at org.testng.internal.TestInvoker.invokeTestMethod(TestInvoker.java:170)
	at org.testng.internal.MethodRunner.runInSequence(MethodRunner.java:46)
	at org.testng.internal.TestInvoker$MethodInvocationAgent.invoke(TestInvoker.java:790)
	at org.testng.internal.TestInvoker.invokeTestMethods(TestInvoker.java:143)
	at org.testng.internal.TestMethodWorker.invokeTestMethods(TestMethodWorker.java:146)
	at org.testng.internal.TestMethodWorker.run(TestMethodWorker.java:128)
	at org.testng.TestRunner.privateRun(TestRunner.java:763)
	at org.testng.TestRunner.run(TestRunner.java:594)
	at org.testng.SuiteRunner.runTest(SuiteRunner.java:398)
	at org.testng.SuiteRunner.runSequentially(SuiteRunner.java:392)
	at org.testng.SuiteRunner.privateRun(SuiteRunner.java:355)
	at org.testng.SuiteRunner.run(SuiteRunner.java:304)
	at org.testng.SuiteRunnerWorker.runSuite(SuiteRunnerWorker.java:53)
	at org.testng.SuiteRunnerWorker.run(SuiteRunnerWorker.java:96)
	at org.testng.TestNG.runSuitesSequentially(TestNG.java:1146)
	at org.testng.TestNG.runSuitesLocally(TestNG.java:1067)
	at org.testng.TestNG.runSuites(TestNG.java:997)
	at org.testng.TestNG.run(TestNG.java:965)
	at org.testng.IDEARemoteTestNG.run(IDEARemoteTestNG.java:73)
	at org.testng.RemoteTestNGStarter.main(RemoteTestNGStarter.java:123)
</pre></div></td>
<td>0</td>
<td>ru.vachok.networker.AbstractNetworkerFactoryTest@376e7531</td></tr>
<tr>
<td title='ru.vachok.networker.services.MyCalenTest.planTruncateTableUsers()'><b>planTruncateTableUsers</b><br>Test class: ru.vachok.networker.services.MyCalenTest</td>
<td><div><pre>java.util.concurrent.RejectedExecutionException: Task java.util.concurrent.ScheduledThreadPoolExecutor$ScheduledFutureTask@2bd4780c[Not completed, task = java.util.concurrent.Executors$RunnableAdapter@11309dd4[Wrapped task = ru.vachok.networker.services.MyCalen$$Lambda$272/0x00000008014a6c40@4f4d05b3]] rejected from java.util.concurrent.ScheduledThreadPoolExecutor@11d4dbd6[Terminated, pool size = 0, active threads = 0, queued tasks = 0, completed tasks = 14]
	at java.base/java.util.concurrent.ThreadPoolExecutor$AbortPolicy.rejectedExecution(ThreadPoolExecutor.java:2055)
	at java.base/java.util.concurrent.ThreadPoolExecutor.reject(ThreadPoolExecutor.java:825)
	at java.base/java.util.concurrent.ScheduledThreadPoolExecutor.delayedExecute(ScheduledThreadPoolExecutor.java:340)
	at java.base/java.util.concurrent.ScheduledThreadPoolExecutor.scheduleWithFixedDelay(ScheduledThreadPoolExecutor.java:680)
	at ru.vachok.networker.services.MyCalen.planTruncateTableUsers(MyCalen.java:170)
	at ru.vachok.networker.services.MyCalenTest.planTruncateTableUsers(MyCalenTest.java:72)
... Removed 26 stack frames</pre></div><a href='#' onClick='toggleBox("stack-trace926303796", this, "Click to show all stack frames", "Click to hide stack frames")'>Click to show all stack frames</a>
<div class='stack-trace' id='stack-trace926303796'><pre>java.util.concurrent.RejectedExecutionException: Task java.util.concurrent.ScheduledThreadPoolExecutor$ScheduledFutureTask@2bd4780c[Not completed, task = java.util.concurrent.Executors$RunnableAdapter@11309dd4[Wrapped task = ru.vachok.networker.services.MyCalen$$Lambda$272/0x00000008014a6c40@4f4d05b3]] rejected from java.util.concurrent.ScheduledThreadPoolExecutor@11d4dbd6[Terminated, pool size = 0, active threads = 0, queued tasks = 0, completed tasks = 14]
	at java.base/java.util.concurrent.ThreadPoolExecutor$AbortPolicy.rejectedExecution(ThreadPoolExecutor.java:2055)
	at java.base/java.util.concurrent.ThreadPoolExecutor.reject(ThreadPoolExecutor.java:825)
	at java.base/java.util.concurrent.ScheduledThreadPoolExecutor.delayedExecute(ScheduledThreadPoolExecutor.java:340)
	at java.base/java.util.concurrent.ScheduledThreadPoolExecutor.scheduleWithFixedDelay(ScheduledThreadPoolExecutor.java:680)
	at ru.vachok.networker.services.MyCalen.planTruncateTableUsers(MyCalen.java:170)
	at ru.vachok.networker.services.MyCalenTest.planTruncateTableUsers(MyCalenTest.java:72)
	at java.base/jdk.internal.reflect.NativeMethodAccessorImpl.invoke0(Native Method)
	at java.base/jdk.internal.reflect.NativeMethodAccessorImpl.invoke(NativeMethodAccessorImpl.java:62)
	at java.base/jdk.internal.reflect.DelegatingMethodAccessorImpl.invoke(DelegatingMethodAccessorImpl.java:43)
	at java.base/java.lang.reflect.Method.invoke(Method.java:567)
	at org.testng.internal.MethodInvocationHelper.invokeMethod(MethodInvocationHelper.java:131)
	at org.testng.internal.TestInvoker.invokeMethod(TestInvoker.java:570)
	at org.testng.internal.TestInvoker.invokeTestMethod(TestInvoker.java:170)
	at org.testng.internal.MethodRunner.runInSequence(MethodRunner.java:46)
	at org.testng.internal.TestInvoker$MethodInvocationAgent.invoke(TestInvoker.java:790)
	at org.testng.internal.TestInvoker.invokeTestMethods(TestInvoker.java:143)
	at org.testng.internal.TestMethodWorker.invokeTestMethods(TestMethodWorker.java:146)
	at org.testng.internal.TestMethodWorker.run(TestMethodWorker.java:128)
	at org.testng.TestRunner.privateRun(TestRunner.java:763)
	at org.testng.TestRunner.run(TestRunner.java:594)
	at org.testng.SuiteRunner.runTest(SuiteRunner.java:398)
	at org.testng.SuiteRunner.runSequentially(SuiteRunner.java:392)
	at org.testng.SuiteRunner.privateRun(SuiteRunner.java:355)
	at org.testng.SuiteRunner.run(SuiteRunner.java:304)
	at org.testng.SuiteRunnerWorker.runSuite(SuiteRunnerWorker.java:53)
	at org.testng.SuiteRunnerWorker.run(SuiteRunnerWorker.java:96)
	at org.testng.TestNG.runSuitesSequentially(TestNG.java:1146)
	at org.testng.TestNG.runSuitesLocally(TestNG.java:1067)
	at org.testng.TestNG.runSuites(TestNG.java:997)
	at org.testng.TestNG.run(TestNG.java:965)
	at org.testng.IDEARemoteTestNG.run(IDEARemoteTestNG.java:73)
	at org.testng.RemoteTestNGStarter.main(RemoteTestNGStarter.java:123)
</pre></div></td>
<td>0</td>
<td>ru.vachok.networker.services.MyCalenTest@af9a89f</td></tr>
<tr>
<td title='ru.vachok.networker.accesscontrol.common.usermanagement.RightsCheckerTest.runChecker()'><b>runChecker</b><br>Test class: ru.vachok.networker.accesscontrol.common.usermanagement.RightsCheckerTest</td>
<td><div><pre>java.lang.AssertionError: null
FutureTask.java: java.base/java.util.concurrent.FutureTask.awaitDone(FutureTask.java:418)
FutureTask.java: java.base/java.util.concurrent.FutureTask.get(FutureTask.java:203)
RightsCheckerTest.java: ru.vachok.networker.accesscontrol.common.usermanagement.RightsCheckerTest.runChecker(RightsCheckerTest.java:61)



 expected [null] but found [java.lang.InterruptedException]
	at ru.vachok.networker.accesscontrol.common.usermanagement.RightsCheckerTest.runChecker(RightsCheckerTest.java:64)
... Removed 55 stack frames</pre></div><a href='#' onClick='toggleBox("stack-trace1721510663", this, "Click to show all stack frames", "Click to hide stack frames")'>Click to show all stack frames</a>
<div class='stack-trace' id='stack-trace1721510663'><pre>java.lang.AssertionError: null
FutureTask.java: java.base/java.util.concurrent.FutureTask.awaitDone(FutureTask.java:418)
FutureTask.java: java.base/java.util.concurrent.FutureTask.get(FutureTask.java:203)
RightsCheckerTest.java: ru.vachok.networker.accesscontrol.common.usermanagement.RightsCheckerTest.runChecker(RightsCheckerTest.java:61)
NativeMethodAccessorImpl.java: java.base/jdk.internal.reflect.NativeMethodAccessorImpl.invoke0(Native Method)
NativeMethodAccessorImpl.java: java.base/jdk.internal.reflect.NativeMethodAccessorImpl.invoke(NativeMethodAccessorImpl.java:62)
DelegatingMethodAccessorImpl.java: java.base/jdk.internal.reflect.DelegatingMethodAccessorImpl.invoke(DelegatingMethodAccessorImpl.java:43)
Method.java: java.base/java.lang.reflect.Method.invoke(Method.java:567)
MethodInvocationHelper.java: org.testng.internal.MethodInvocationHelper.invokeMethod(MethodInvocationHelper.java:131)
TestInvoker.java: org.testng.internal.TestInvoker.invokeMethod(TestInvoker.java:570)
TestInvoker.java: org.testng.internal.TestInvoker.invokeTestMethod(TestInvoker.java:170)
MethodRunner.java: org.testng.internal.MethodRunner.runInSequence(MethodRunner.java:46)
TestInvoker.java: org.testng.internal.TestInvoker$MethodInvocationAgent.invoke(TestInvoker.java:790)
TestInvoker.java: org.testng.internal.TestInvoker.invokeTestMethods(TestInvoker.java:143)
TestMethodWorker.java: org.testng.internal.TestMethodWorker.invokeTestMethods(TestMethodWorker.java:146)
TestMethodWorker.java: org.testng.internal.TestMethodWorker.run(TestMethodWorker.java:128)
TestRunner.java: org.testng.TestRunner.privateRun(TestRunner.java:763)
TestRunner.java: org.testng.TestRunner.run(TestRunner.java:594)
SuiteRunner.java: org.testng.SuiteRunner.runTest(SuiteRunner.java:398)
SuiteRunner.java: org.testng.SuiteRunner.runSequentially(SuiteRunner.java:392)
SuiteRunner.java: org.testng.SuiteRunner.privateRun(SuiteRunner.java:355)
SuiteRunner.java: org.testng.SuiteRunner.run(SuiteRunner.java:304)
SuiteRunnerWorker.java: org.testng.SuiteRunnerWorker.runSuite(SuiteRunnerWorker.java:53)
SuiteRunnerWorker.java: org.testng.SuiteRunnerWorker.run(SuiteRunnerWorker.java:96)
TestNG.java: org.testng.TestNG.runSuitesSequentially(TestNG.java:1146)
TestNG.java: org.testng.TestNG.runSuitesLocally(TestNG.java:1067)
TestNG.java: org.testng.TestNG.runSuites(TestNG.java:997)
TestNG.java: org.testng.TestNG.run(TestNG.java:965)
IDEARemoteTestNG.java: org.testng.IDEARemoteTestNG.run(IDEARemoteTestNG.java:73)
RemoteTestNGStarter.java: org.testng.RemoteTestNGStarter.main(RemoteTestNGStarter.java:123)



 expected [null] but found [java.lang.InterruptedException]
	at org.testng.Assert.fail(Assert.java:97)
	at org.testng.Assert.failNotSame(Assert.java:965)
	at org.testng.Assert.assertNull(Assert.java:898)
	at ru.vachok.networker.accesscontrol.common.usermanagement.RightsCheckerTest.runChecker(RightsCheckerTest.java:64)
	at java.base/jdk.internal.reflect.NativeMethodAccessorImpl.invoke0(Native Method)
	at java.base/jdk.internal.reflect.NativeMethodAccessorImpl.invoke(NativeMethodAccessorImpl.java:62)
	at java.base/jdk.internal.reflect.DelegatingMethodAccessorImpl.invoke(DelegatingMethodAccessorImpl.java:43)
	at java.base/java.lang.reflect.Method.invoke(Method.java:567)
	at org.testng.internal.MethodInvocationHelper.invokeMethod(MethodInvocationHelper.java:131)
	at org.testng.internal.TestInvoker.invokeMethod(TestInvoker.java:570)
	at org.testng.internal.TestInvoker.invokeTestMethod(TestInvoker.java:170)
	at org.testng.internal.MethodRunner.runInSequence(MethodRunner.java:46)
	at org.testng.internal.TestInvoker$MethodInvocationAgent.invoke(TestInvoker.java:790)
	at org.testng.internal.TestInvoker.invokeTestMethods(TestInvoker.java:143)
	at org.testng.internal.TestMethodWorker.invokeTestMethods(TestMethodWorker.java:146)
	at org.testng.internal.TestMethodWorker.run(TestMethodWorker.java:128)
	at org.testng.TestRunner.privateRun(TestRunner.java:763)
	at org.testng.TestRunner.run(TestRunner.java:594)
	at org.testng.SuiteRunner.runTest(SuiteRunner.java:398)
	at org.testng.SuiteRunner.runSequentially(SuiteRunner.java:392)
	at org.testng.SuiteRunner.privateRun(SuiteRunner.java:355)
	at org.testng.SuiteRunner.run(SuiteRunner.java:304)
	at org.testng.SuiteRunnerWorker.runSuite(SuiteRunnerWorker.java:53)
	at org.testng.SuiteRunnerWorker.run(SuiteRunnerWorker.java:96)
	at org.testng.TestNG.runSuitesSequentially(TestNG.java:1146)
	at org.testng.TestNG.runSuitesLocally(TestNG.java:1067)
	at org.testng.TestNG.runSuites(TestNG.java:997)
	at org.testng.TestNG.run(TestNG.java:965)
	at org.testng.IDEARemoteTestNG.run(IDEARemoteTestNG.java:73)
	at org.testng.RemoteTestNGStarter.main(RemoteTestNGStarter.java:123)
</pre></div></td>
<td>0</td>
<td>ru.vachok.networker.accesscontrol.common.usermanagement.RightsCheckerTest@35dd9ed3</td></tr>
<tr>
<td title='ru.vachok.networker.IntoApplicationTest.runMainApp()'><b>runMainApp</b><br>Test class: ru.vachok.networker.IntoApplicationTest</td>
<td><div><pre>java.lang.ExceptionInInitializerError
	at ru.vachok.networker.IntoApplicationTest.runMainApp(IntoApplicationTest.java:51)
Caused by: org.springframework.context.ApplicationContextException: Unable to start web server; nested exception is org.springframework.boot.web.server.WebServerException: Unable to start embedded Tomcat
	at org.springframework.boot.web.servlet.context.ServletWebServerApplicationContext.onRefresh(ServletWebServerApplicationContext.java:155)
	at org.springframework.context.support.AbstractApplicationContext.refresh(AbstractApplicationContext.java:544)
	at org.springframework.boot.web.servlet.context.ServletWebServerApplicationContext.refresh(ServletWebServerApplicationContext.java:140)
	at org.springframework.boot.SpringApplication.refresh(SpringApplication.java:762)
	at org.springframework.boot.SpringApplication.refreshContext(SpringApplication.java:398)
	at org.springframework.boot.SpringApplication.run(SpringApplication.java:330)
	at org.springframework.boot.SpringApplication.run(SpringApplication.java:1258)
	at org.springframework.boot.SpringApplication.run(SpringApplication.java:1246)
	at ru.vachok.networker.IntoApplication.&lt;clinit&gt;(IntoApplication.java:51)
	... 27 more
Caused by: org.springframework.boot.web.server.WebServerException: Unable to start embedded Tomcat
	at org.springframework.boot.web.embedded.tomcat.TomcatWebServer.initialize(TomcatWebServer.java:126)
	at org.springframework.boot.web.embedded.tomcat.TomcatWebServer.&lt;init&gt;(TomcatWebServer.java:86)
	at org.springframework.boot.web.embedded.tomcat.TomcatServletWebServerFactory.getTomcatWebServer(TomcatServletWebServerFactory.java:413)
	at org.springframework.boot.web.embedded.tomcat.TomcatServletWebServerFactory.getWebServer(TomcatServletWebServerFactory.java:174)
	at org.springframework.boot.web.servlet.context.ServletWebServerApplicationContext.createWebServer(ServletWebServerApplicationContext.java:179)
	at org.springframework.boot.web.servlet.context.ServletWebServerApplicationContext.onRefresh(ServletWebServerApplicationContext.java:152)
	... 35 more
Caused by: org.apache.catalina.LifecycleException: Failed to start component [StandardServer[-1]]
	at org.apache.catalina.util.LifecycleBase.start(LifecycleBase.java:167)
	at org.apache.catalina.startup.Tomcat.start(Tomcat.java:367)
	at org.springframework.boot.web.embedded.tomcat.TomcatWebServer.initialize(TomcatWebServer.java:107)
	... 40 more
Caused by: org.apache.catalina.LifecycleException: Failed to start component [StandardService[Tomcat]]
	at org.apache.catalina.util.LifecycleBase.start(LifecycleBase.java:167)
	at org.apache.catalina.core.StandardServer.startInternal(StandardServer.java:793)
	at org.apache.catalina.util.LifecycleBase.start(LifecycleBase.java:150)
	... 42 more
Caused by: org.apache.catalina.LifecycleException: Failed to start component [StandardEngine[Tomcat]]
	at org.apache.catalina.util.LifecycleBase.start(LifecycleBase.java:167)
	at org.apache.catalina.core.StandardService.startInternal(StandardService.java:422)
	at org.apache.catalina.util.LifecycleBase.start(LifecycleBase.java:150)
	... 44 more
Caused by: org.apache.catalina.LifecycleException: A child container failed during start
	at org.apache.catalina.core.ContainerBase.startInternal(ContainerBase.java:949)
	at org.apache.catalina.core.StandardEngine.startInternal(StandardEngine.java:262)
	at org.apache.catalina.util.LifecycleBase.start(LifecycleBase.java:150)
	... 46 more
... Removed 26 stack frames</pre></div><a href='#' onClick='toggleBox("stack-trace709841971", this, "Click to show all stack frames", "Click to hide stack frames")'>Click to show all stack frames</a>
<div class='stack-trace' id='stack-trace709841971'><pre>java.lang.ExceptionInInitializerError
	at ru.vachok.networker.IntoApplicationTest.runMainApp(IntoApplicationTest.java:51)
	at java.base/jdk.internal.reflect.NativeMethodAccessorImpl.invoke0(Native Method)
	at java.base/jdk.internal.reflect.NativeMethodAccessorImpl.invoke(NativeMethodAccessorImpl.java:62)
	at java.base/jdk.internal.reflect.DelegatingMethodAccessorImpl.invoke(DelegatingMethodAccessorImpl.java:43)
	at java.base/java.lang.reflect.Method.invoke(Method.java:567)
	at org.testng.internal.MethodInvocationHelper.invokeMethod(MethodInvocationHelper.java:131)
	at org.testng.internal.TestInvoker.invokeMethod(TestInvoker.java:570)
	at org.testng.internal.TestInvoker.invokeTestMethod(TestInvoker.java:170)
	at org.testng.internal.MethodRunner.runInSequence(MethodRunner.java:46)
	at org.testng.internal.TestInvoker$MethodInvocationAgent.invoke(TestInvoker.java:790)
	at org.testng.internal.TestInvoker.invokeTestMethods(TestInvoker.java:143)
	at org.testng.internal.TestMethodWorker.invokeTestMethods(TestMethodWorker.java:146)
	at org.testng.internal.TestMethodWorker.run(TestMethodWorker.java:128)
	at org.testng.TestRunner.privateRun(TestRunner.java:763)
	at org.testng.TestRunner.run(TestRunner.java:594)
	at org.testng.SuiteRunner.runTest(SuiteRunner.java:398)
	at org.testng.SuiteRunner.runSequentially(SuiteRunner.java:392)
	at org.testng.SuiteRunner.privateRun(SuiteRunner.java:355)
	at org.testng.SuiteRunner.run(SuiteRunner.java:304)
	at org.testng.SuiteRunnerWorker.runSuite(SuiteRunnerWorker.java:53)
	at org.testng.SuiteRunnerWorker.run(SuiteRunnerWorker.java:96)
	at org.testng.TestNG.runSuitesSequentially(TestNG.java:1146)
	at org.testng.TestNG.runSuitesLocally(TestNG.java:1067)
	at org.testng.TestNG.runSuites(TestNG.java:997)
	at org.testng.TestNG.run(TestNG.java:965)
	at org.testng.IDEARemoteTestNG.run(IDEARemoteTestNG.java:73)
	at org.testng.RemoteTestNGStarter.main(RemoteTestNGStarter.java:123)
Caused by: org.springframework.context.ApplicationContextException: Unable to start web server; nested exception is org.springframework.boot.web.server.WebServerException: Unable to start embedded Tomcat
	at org.springframework.boot.web.servlet.context.ServletWebServerApplicationContext.onRefresh(ServletWebServerApplicationContext.java:155)
	at org.springframework.context.support.AbstractApplicationContext.refresh(AbstractApplicationContext.java:544)
	at org.springframework.boot.web.servlet.context.ServletWebServerApplicationContext.refresh(ServletWebServerApplicationContext.java:140)
	at org.springframework.boot.SpringApplication.refresh(SpringApplication.java:762)
	at org.springframework.boot.SpringApplication.refreshContext(SpringApplication.java:398)
	at org.springframework.boot.SpringApplication.run(SpringApplication.java:330)
	at org.springframework.boot.SpringApplication.run(SpringApplication.java:1258)
	at org.springframework.boot.SpringApplication.run(SpringApplication.java:1246)
	at ru.vachok.networker.IntoApplication.&lt;clinit&gt;(IntoApplication.java:51)
	... 27 more
Caused by: org.springframework.boot.web.server.WebServerException: Unable to start embedded Tomcat
	at org.springframework.boot.web.embedded.tomcat.TomcatWebServer.initialize(TomcatWebServer.java:126)
	at org.springframework.boot.web.embedded.tomcat.TomcatWebServer.&lt;init&gt;(TomcatWebServer.java:86)
	at org.springframework.boot.web.embedded.tomcat.TomcatServletWebServerFactory.getTomcatWebServer(TomcatServletWebServerFactory.java:413)
	at org.springframework.boot.web.embedded.tomcat.TomcatServletWebServerFactory.getWebServer(TomcatServletWebServerFactory.java:174)
	at org.springframework.boot.web.servlet.context.ServletWebServerApplicationContext.createWebServer(ServletWebServerApplicationContext.java:179)
	at org.springframework.boot.web.servlet.context.ServletWebServerApplicationContext.onRefresh(ServletWebServerApplicationContext.java:152)
	... 35 more
Caused by: org.apache.catalina.LifecycleException: Failed to start component [StandardServer[-1]]
	at org.apache.catalina.util.LifecycleBase.start(LifecycleBase.java:167)
	at org.apache.catalina.startup.Tomcat.start(Tomcat.java:367)
	at org.springframework.boot.web.embedded.tomcat.TomcatWebServer.initialize(TomcatWebServer.java:107)
	... 40 more
Caused by: org.apache.catalina.LifecycleException: Failed to start component [StandardService[Tomcat]]
	at org.apache.catalina.util.LifecycleBase.start(LifecycleBase.java:167)
	at org.apache.catalina.core.StandardServer.startInternal(StandardServer.java:793)
	at org.apache.catalina.util.LifecycleBase.start(LifecycleBase.java:150)
	... 42 more
Caused by: org.apache.catalina.LifecycleException: Failed to start component [StandardEngine[Tomcat]]
	at org.apache.catalina.util.LifecycleBase.start(LifecycleBase.java:167)
	at org.apache.catalina.core.StandardService.startInternal(StandardService.java:422)
	at org.apache.catalina.util.LifecycleBase.start(LifecycleBase.java:150)
	... 44 more
Caused by: org.apache.catalina.LifecycleException: A child container failed during start
	at org.apache.catalina.core.ContainerBase.startInternal(ContainerBase.java:949)
	at org.apache.catalina.core.StandardEngine.startInternal(StandardEngine.java:262)
	at org.apache.catalina.util.LifecycleBase.start(LifecycleBase.java:150)
	... 46 more
</pre></div></td>
<td>4</td>
<td>ru.vachok.networker.IntoApplicationTest@75e710b</td></tr>
<tr>
<td title='ru.vachok.networker.restapi.message.DBMessengerTest.sendMessage()'><b>sendMessage</b><br>Test class: ru.vachok.networker.restapi.message.DBMessengerTest</td>
<td><div><pre>java.lang.AssertionError: DROP command denied to user &apos;u0466446_network&apos;@&apos;91.192.22.201&apos; for table &apos;ru_vachok_networker&apos;
Util.java: com.mysql.jdbc.Util.handleNewInstance(Util.java:425)
Util.java: com.mysql.jdbc.Util.getInstance(Util.java:408)
SQLError.java: com.mysql.jdbc.SQLError.createSQLException(SQLError.java:944)
MysqlIO.java: com.mysql.jdbc.MysqlIO.checkErrorPacket(MysqlIO.java:3976)
MysqlIO.java: com.mysql.jdbc.MysqlIO.checkErrorPacket(MysqlIO.java:3912)
MysqlIO.java: com.mysql.jdbc.MysqlIO.sendCommand(MysqlIO.java:2530)
MysqlIO.java: com.mysql.jdbc.MysqlIO.sqlQueryDirect(MysqlIO.java:2683)
ConnectionImpl.java: com.mysql.jdbc.ConnectionImpl.execSQL(ConnectionImpl.java:2486)
PreparedStatement.java: com.mysql.jdbc.PreparedStatement.executeInternal(PreparedStatement.java:1858)
PreparedStatement.java: com.mysql.jdbc.PreparedStatement.executeUpdateInternal(PreparedStatement.java:2079)
PreparedStatement.java: com.mysql.jdbc.PreparedStatement.executeUpdateInternal(PreparedStatement.java:2013)
PreparedStatement.java: com.mysql.jdbc.PreparedStatement.executeLargeUpdate(PreparedStatement.java:5104)
PreparedStatement.java: com.mysql.jdbc.PreparedStatement.executeUpdate(PreparedStatement.java:1998)
DBMessengerTest.java: ru.vachok.networker.restapi.message.DBMessengerTest.checkMessageExistsInDatabase(DBMessengerTest.java:78)
DBMessengerTest.java: ru.vachok.networker.restapi.message.DBMessengerTest.sendMessage(DBMessengerTest.java:58)



 expected [null] but found [com.mysql.jdbc.exceptions.jdbc4.MySQLSyntaxErrorException: DROP command denied to user &apos;u0466446_network&apos;@&apos;91.192.22.201&apos; for table &apos;ru_vachok_networker&apos;]
	at ru.vachok.networker.restapi.message.DBMessengerTest.checkMessageExistsInDatabase(DBMessengerTest.java:84)
	at ru.vachok.networker.restapi.message.DBMessengerTest.sendMessage(DBMessengerTest.java:58)
... Removed 60 stack frames</pre></div><a href='#' onClick='toggleBox("stack-trace832152066", this, "Click to show all stack frames", "Click to hide stack frames")'>Click to show all stack frames</a>
<div class='stack-trace' id='stack-trace832152066'><pre>java.lang.AssertionError: DROP command denied to user &apos;u0466446_network&apos;@&apos;91.192.22.201&apos; for table &apos;ru_vachok_networker&apos;
NativeConstructorAccessorImpl.java: java.base/jdk.internal.reflect.NativeConstructorAccessorImpl.newInstance0(Native Method)
NativeConstructorAccessorImpl.java: java.base/jdk.internal.reflect.NativeConstructorAccessorImpl.newInstance(NativeConstructorAccessorImpl.java:62)
DelegatingConstructorAccessorImpl.java: java.base/jdk.internal.reflect.DelegatingConstructorAccessorImpl.newInstance(DelegatingConstructorAccessorImpl.java:45)
Constructor.java: java.base/java.lang.reflect.Constructor.newInstanceWithCaller(Constructor.java:500)
Constructor.java: java.base/java.lang.reflect.Constructor.newInstance(Constructor.java:481)
Util.java: com.mysql.jdbc.Util.handleNewInstance(Util.java:425)
Util.java: com.mysql.jdbc.Util.getInstance(Util.java:408)
SQLError.java: com.mysql.jdbc.SQLError.createSQLException(SQLError.java:944)
MysqlIO.java: com.mysql.jdbc.MysqlIO.checkErrorPacket(MysqlIO.java:3976)
MysqlIO.java: com.mysql.jdbc.MysqlIO.checkErrorPacket(MysqlIO.java:3912)
MysqlIO.java: com.mysql.jdbc.MysqlIO.sendCommand(MysqlIO.java:2530)
MysqlIO.java: com.mysql.jdbc.MysqlIO.sqlQueryDirect(MysqlIO.java:2683)
ConnectionImpl.java: com.mysql.jdbc.ConnectionImpl.execSQL(ConnectionImpl.java:2486)
PreparedStatement.java: com.mysql.jdbc.PreparedStatement.executeInternal(PreparedStatement.java:1858)
PreparedStatement.java: com.mysql.jdbc.PreparedStatement.executeUpdateInternal(PreparedStatement.java:2079)
PreparedStatement.java: com.mysql.jdbc.PreparedStatement.executeUpdateInternal(PreparedStatement.java:2013)
PreparedStatement.java: com.mysql.jdbc.PreparedStatement.executeLargeUpdate(PreparedStatement.java:5104)
PreparedStatement.java: com.mysql.jdbc.PreparedStatement.executeUpdate(PreparedStatement.java:1998)
DBMessengerTest.java: ru.vachok.networker.restapi.message.DBMessengerTest.checkMessageExistsInDatabase(DBMessengerTest.java:78)
DBMessengerTest.java: ru.vachok.networker.restapi.message.DBMessengerTest.sendMessage(DBMessengerTest.java:58)
NativeMethodAccessorImpl.java: java.base/jdk.internal.reflect.NativeMethodAccessorImpl.invoke0(Native Method)
NativeMethodAccessorImpl.java: java.base/jdk.internal.reflect.NativeMethodAccessorImpl.invoke(NativeMethodAccessorImpl.java:62)
DelegatingMethodAccessorImpl.java: java.base/jdk.internal.reflect.DelegatingMethodAccessorImpl.invoke(DelegatingMethodAccessorImpl.java:43)
Method.java: java.base/java.lang.reflect.Method.invoke(Method.java:567)
MethodInvocationHelper.java: org.testng.internal.MethodInvocationHelper.invokeMethod(MethodInvocationHelper.java:131)
TestInvoker.java: org.testng.internal.TestInvoker.invokeMethod(TestInvoker.java:570)
TestInvoker.java: org.testng.internal.TestInvoker.invokeTestMethod(TestInvoker.java:170)
MethodRunner.java: org.testng.internal.MethodRunner.runInSequence(MethodRunner.java:46)
TestInvoker.java: org.testng.internal.TestInvoker$MethodInvocationAgent.invoke(TestInvoker.java:790)
TestInvoker.java: org.testng.internal.TestInvoker.invokeTestMethods(TestInvoker.java:143)
TestMethodWorker.java: org.testng.internal.TestMethodWorker.invokeTestMethods(TestMethodWorker.java:146)
TestMethodWorker.java: org.testng.internal.TestMethodWorker.run(TestMethodWorker.java:128)
TestRunner.java: org.testng.TestRunner.privateRun(TestRunner.java:763)
TestRunner.java: org.testng.TestRunner.run(TestRunner.java:594)
SuiteRunner.java: org.testng.SuiteRunner.runTest(SuiteRunner.java:398)
SuiteRunner.java: org.testng.SuiteRunner.runSequentially(SuiteRunner.java:392)
SuiteRunner.java: org.testng.SuiteRunner.privateRun(SuiteRunner.java:355)
SuiteRunner.java: org.testng.SuiteRunner.run(SuiteRunner.java:304)
SuiteRunnerWorker.java: org.testng.SuiteRunnerWorker.runSuite(SuiteRunnerWorker.java:53)
SuiteRunnerWorker.java: org.testng.SuiteRunnerWorker.run(SuiteRunnerWorker.java:96)
TestNG.java: org.testng.TestNG.runSuitesSequentially(TestNG.java:1146)
TestNG.java: org.testng.TestNG.runSuitesLocally(TestNG.java:1067)
TestNG.java: org.testng.TestNG.runSuites(TestNG.java:997)
TestNG.java: org.testng.TestNG.run(TestNG.java:965)
IDEARemoteTestNG.java: org.testng.IDEARemoteTestNG.run(IDEARemoteTestNG.java:73)
RemoteTestNGStarter.java: org.testng.RemoteTestNGStarter.main(RemoteTestNGStarter.java:123)



 expected [null] but found [com.mysql.jdbc.exceptions.jdbc4.MySQLSyntaxErrorException: DROP command denied to user &apos;u0466446_network&apos;@&apos;91.192.22.201&apos; for table &apos;ru_vachok_networker&apos;]
	at org.testng.Assert.fail(Assert.java:97)
	at org.testng.Assert.failNotSame(Assert.java:965)
	at org.testng.Assert.assertNull(Assert.java:898)
	at ru.vachok.networker.restapi.message.DBMessengerTest.checkMessageExistsInDatabase(DBMessengerTest.java:84)
	at ru.vachok.networker.restapi.message.DBMessengerTest.sendMessage(DBMessengerTest.java:58)
	at java.base/jdk.internal.reflect.NativeMethodAccessorImpl.invoke0(Native Method)
	at java.base/jdk.internal.reflect.NativeMethodAccessorImpl.invoke(NativeMethodAccessorImpl.java:62)
	at java.base/jdk.internal.reflect.DelegatingMethodAccessorImpl.invoke(DelegatingMethodAccessorImpl.java:43)
	at java.base/java.lang.reflect.Method.invoke(Method.java:567)
	at org.testng.internal.MethodInvocationHelper.invokeMethod(MethodInvocationHelper.java:131)
	at org.testng.internal.TestInvoker.invokeMethod(TestInvoker.java:570)
	at org.testng.internal.TestInvoker.invokeTestMethod(TestInvoker.java:170)
	at org.testng.internal.MethodRunner.runInSequence(MethodRunner.java:46)
	at org.testng.internal.TestInvoker$MethodInvocationAgent.invoke(TestInvoker.java:790)
	at org.testng.internal.TestInvoker.invokeTestMethods(TestInvoker.java:143)
	at org.testng.internal.TestMethodWorker.invokeTestMethods(TestMethodWorker.java:146)
	at org.testng.internal.TestMethodWorker.run(TestMethodWorker.java:128)
	at org.testng.TestRunner.privateRun(TestRunner.java:763)
	at org.testng.TestRunner.run(TestRunner.java:594)
	at org.testng.SuiteRunner.runTest(SuiteRunner.java:398)
	at org.testng.SuiteRunner.runSequentially(SuiteRunner.java:392)
	at org.testng.SuiteRunner.privateRun(SuiteRunner.java:355)
	at org.testng.SuiteRunner.run(SuiteRunner.java:304)
	at org.testng.SuiteRunnerWorker.runSuite(SuiteRunnerWorker.java:53)
	at org.testng.SuiteRunnerWorker.run(SuiteRunnerWorker.java:96)
	at org.testng.TestNG.runSuitesSequentially(TestNG.java:1146)
	at org.testng.TestNG.runSuitesLocally(TestNG.java:1067)
	at org.testng.TestNG.runSuites(TestNG.java:997)
	at org.testng.TestNG.run(TestNG.java:965)
	at org.testng.IDEARemoteTestNG.run(IDEARemoteTestNG.java:73)
	at org.testng.RemoteTestNGStarter.main(RemoteTestNGStarter.java:123)
</pre></div></td>
<td>0</td>
<td>ru.vachok.networker.restapi.message.DBMessengerTest@40298285</td></tr>
<tr>
<td title='ru.vachok.networker.componentsrepo.server.TelnetStarterTest.startServer()'><b>startServer</b><br>Test class: ru.vachok.networker.componentsrepo.server.TelnetStarterTest</td>
<td><div><pre>java.lang.AssertionError: null
FutureTask.java: java.base/java.util.concurrent.FutureTask.awaitDone(FutureTask.java:418)
FutureTask.java: java.base/java.util.concurrent.FutureTask.get(FutureTask.java:203)
TelnetStarterTest.java: ru.vachok.networker.componentsrepo.server.TelnetStarterTest.startServer(TelnetStarterTest.java:46)



 expected [null] but found [java.lang.InterruptedException]
	at ru.vachok.networker.componentsrepo.server.TelnetStarterTest.startServer(TelnetStarterTest.java:49)
... Removed 55 stack frames</pre></div><a href='#' onClick='toggleBox("stack-trace1653096330", this, "Click to show all stack frames", "Click to hide stack frames")'>Click to show all stack frames</a>
<div class='stack-trace' id='stack-trace1653096330'><pre>java.lang.AssertionError: null
FutureTask.java: java.base/java.util.concurrent.FutureTask.awaitDone(FutureTask.java:418)
FutureTask.java: java.base/java.util.concurrent.FutureTask.get(FutureTask.java:203)
TelnetStarterTest.java: ru.vachok.networker.componentsrepo.server.TelnetStarterTest.startServer(TelnetStarterTest.java:46)
NativeMethodAccessorImpl.java: java.base/jdk.internal.reflect.NativeMethodAccessorImpl.invoke0(Native Method)
NativeMethodAccessorImpl.java: java.base/jdk.internal.reflect.NativeMethodAccessorImpl.invoke(NativeMethodAccessorImpl.java:62)
DelegatingMethodAccessorImpl.java: java.base/jdk.internal.reflect.DelegatingMethodAccessorImpl.invoke(DelegatingMethodAccessorImpl.java:43)
Method.java: java.base/java.lang.reflect.Method.invoke(Method.java:567)
MethodInvocationHelper.java: org.testng.internal.MethodInvocationHelper.invokeMethod(MethodInvocationHelper.java:131)
TestInvoker.java: org.testng.internal.TestInvoker.invokeMethod(TestInvoker.java:570)
TestInvoker.java: org.testng.internal.TestInvoker.invokeTestMethod(TestInvoker.java:170)
MethodRunner.java: org.testng.internal.MethodRunner.runInSequence(MethodRunner.java:46)
TestInvoker.java: org.testng.internal.TestInvoker$MethodInvocationAgent.invoke(TestInvoker.java:790)
TestInvoker.java: org.testng.internal.TestInvoker.invokeTestMethods(TestInvoker.java:143)
TestMethodWorker.java: org.testng.internal.TestMethodWorker.invokeTestMethods(TestMethodWorker.java:146)
TestMethodWorker.java: org.testng.internal.TestMethodWorker.run(TestMethodWorker.java:128)
TestRunner.java: org.testng.TestRunner.privateRun(TestRunner.java:763)
TestRunner.java: org.testng.TestRunner.run(TestRunner.java:594)
SuiteRunner.java: org.testng.SuiteRunner.runTest(SuiteRunner.java:398)
SuiteRunner.java: org.testng.SuiteRunner.runSequentially(SuiteRunner.java:392)
SuiteRunner.java: org.testng.SuiteRunner.privateRun(SuiteRunner.java:355)
SuiteRunner.java: org.testng.SuiteRunner.run(SuiteRunner.java:304)
SuiteRunnerWorker.java: org.testng.SuiteRunnerWorker.runSuite(SuiteRunnerWorker.java:53)
SuiteRunnerWorker.java: org.testng.SuiteRunnerWorker.run(SuiteRunnerWorker.java:96)
TestNG.java: org.testng.TestNG.runSuitesSequentially(TestNG.java:1146)
TestNG.java: org.testng.TestNG.runSuitesLocally(TestNG.java:1067)
TestNG.java: org.testng.TestNG.runSuites(TestNG.java:997)
TestNG.java: org.testng.TestNG.run(TestNG.java:965)
IDEARemoteTestNG.java: org.testng.IDEARemoteTestNG.run(IDEARemoteTestNG.java:73)
RemoteTestNGStarter.java: org.testng.RemoteTestNGStarter.main(RemoteTestNGStarter.java:123)



 expected [null] but found [java.lang.InterruptedException]
	at org.testng.Assert.fail(Assert.java:97)
	at org.testng.Assert.failNotSame(Assert.java:965)
	at org.testng.Assert.assertNull(Assert.java:898)
	at ru.vachok.networker.componentsrepo.server.TelnetStarterTest.startServer(TelnetStarterTest.java:49)
	at java.base/jdk.internal.reflect.NativeMethodAccessorImpl.invoke0(Native Method)
	at java.base/jdk.internal.reflect.NativeMethodAccessorImpl.invoke(NativeMethodAccessorImpl.java:62)
	at java.base/jdk.internal.reflect.DelegatingMethodAccessorImpl.invoke(DelegatingMethodAccessorImpl.java:43)
	at java.base/java.lang.reflect.Method.invoke(Method.java:567)
	at org.testng.internal.MethodInvocationHelper.invokeMethod(MethodInvocationHelper.java:131)
	at org.testng.internal.TestInvoker.invokeMethod(TestInvoker.java:570)
	at org.testng.internal.TestInvoker.invokeTestMethod(TestInvoker.java:170)
	at org.testng.internal.MethodRunner.runInSequence(MethodRunner.java:46)
	at org.testng.internal.TestInvoker$MethodInvocationAgent.invoke(TestInvoker.java:790)
	at org.testng.internal.TestInvoker.invokeTestMethods(TestInvoker.java:143)
	at org.testng.internal.TestMethodWorker.invokeTestMethods(TestMethodWorker.java:146)
	at org.testng.internal.TestMethodWorker.run(TestMethodWorker.java:128)
	at org.testng.TestRunner.privateRun(TestRunner.java:763)
	at org.testng.TestRunner.run(TestRunner.java:594)
	at org.testng.SuiteRunner.runTest(SuiteRunner.java:398)
	at org.testng.SuiteRunner.runSequentially(SuiteRunner.java:392)
	at org.testng.SuiteRunner.privateRun(SuiteRunner.java:355)
	at org.testng.SuiteRunner.run(SuiteRunner.java:304)
	at org.testng.SuiteRunnerWorker.runSuite(SuiteRunnerWorker.java:53)
	at org.testng.SuiteRunnerWorker.run(SuiteRunnerWorker.java:96)
	at org.testng.TestNG.runSuitesSequentially(TestNG.java:1146)
	at org.testng.TestNG.runSuitesLocally(TestNG.java:1067)
	at org.testng.TestNG.runSuites(TestNG.java:997)
	at org.testng.TestNG.run(TestNG.java:965)
	at org.testng.IDEARemoteTestNG.run(IDEARemoteTestNG.java:73)
	at org.testng.RemoteTestNGStarter.main(RemoteTestNGStarter.java:123)
</pre></div></td>
<td>0</td>
<td>ru.vachok.networker.componentsrepo.server.TelnetStarterTest@7a22a3c2</td></tr>
<tr>
<td title='ru.vachok.networker.systray.actions.ActionMakeInfoAboutOldCommonFilesTest.testActionPerformed()'><b>testActionPerformed</b><br>Test class: ru.vachok.networker.systray.actions.ActionMakeInfoAboutOldCommonFilesTest</td>
<td><div><pre>java.lang.AssertionError: did not expect to find [true] but found [false]
	at ru.vachok.networker.systray.actions.ActionMakeInfoAboutOldCommonFilesTest.testActionPerformed(ActionMakeInfoAboutOldCommonFilesTest.java:35)
... Removed 30 stack frames</pre></div><a href='#' onClick='toggleBox("stack-trace1051786632", this, "Click to show all stack frames", "Click to hide stack frames")'>Click to show all stack frames</a>
<div class='stack-trace' id='stack-trace1051786632'><pre>java.lang.AssertionError: did not expect to find [true] but found [false]
	at org.testng.Assert.fail(Assert.java:97)
	at org.testng.Assert.failNotEquals(Assert.java:969)
	at org.testng.Assert.assertTrue(Assert.java:43)
	at org.testng.Assert.assertTrue(Assert.java:53)
	at ru.vachok.networker.systray.actions.ActionMakeInfoAboutOldCommonFilesTest.testActionPerformed(ActionMakeInfoAboutOldCommonFilesTest.java:35)
	at java.base/jdk.internal.reflect.NativeMethodAccessorImpl.invoke0(Native Method)
	at java.base/jdk.internal.reflect.NativeMethodAccessorImpl.invoke(NativeMethodAccessorImpl.java:62)
	at java.base/jdk.internal.reflect.DelegatingMethodAccessorImpl.invoke(DelegatingMethodAccessorImpl.java:43)
	at java.base/java.lang.reflect.Method.invoke(Method.java:567)
	at org.testng.internal.MethodInvocationHelper.invokeMethod(MethodInvocationHelper.java:131)
	at org.testng.internal.TestInvoker.invokeMethod(TestInvoker.java:570)
	at org.testng.internal.TestInvoker.invokeTestMethod(TestInvoker.java:170)
	at org.testng.internal.MethodRunner.runInSequence(MethodRunner.java:46)
	at org.testng.internal.TestInvoker$MethodInvocationAgent.invoke(TestInvoker.java:790)
	at org.testng.internal.TestInvoker.invokeTestMethods(TestInvoker.java:143)
	at org.testng.internal.TestMethodWorker.invokeTestMethods(TestMethodWorker.java:146)
	at org.testng.internal.TestMethodWorker.run(TestMethodWorker.java:128)
	at org.testng.TestRunner.privateRun(TestRunner.java:763)
	at org.testng.TestRunner.run(TestRunner.java:594)
	at org.testng.SuiteRunner.runTest(SuiteRunner.java:398)
	at org.testng.SuiteRunner.runSequentially(SuiteRunner.java:392)
	at org.testng.SuiteRunner.privateRun(SuiteRunner.java:355)
	at org.testng.SuiteRunner.run(SuiteRunner.java:304)
	at org.testng.SuiteRunnerWorker.runSuite(SuiteRunnerWorker.java:53)
	at org.testng.SuiteRunnerWorker.run(SuiteRunnerWorker.java:96)
	at org.testng.TestNG.runSuitesSequentially(TestNG.java:1146)
	at org.testng.TestNG.runSuitesLocally(TestNG.java:1067)
	at org.testng.TestNG.runSuites(TestNG.java:997)
	at org.testng.TestNG.run(TestNG.java:965)
	at org.testng.IDEARemoteTestNG.run(IDEARemoteTestNG.java:73)
	at org.testng.RemoteTestNGStarter.main(RemoteTestNGStarter.java:123)
</pre></div></td>
<td>0</td>
<td>ru.vachok.networker.systray.actions.ActionMakeInfoAboutOldCommonFilesTest@5bcb04cb</td></tr>
<tr>
<td title='ru.vachok.networker.IntoApplicationTest.testBeforeSt()'><b>testBeforeSt</b><br>Test class: ru.vachok.networker.IntoApplicationTest</td>
<td><div><pre>java.lang.NoClassDefFoundError: Could not initialize class ru.vachok.networker.IntoApplication
	at ru.vachok.networker.IntoApplicationTest.testBeforeSt(IntoApplicationTest.java:108)
... Removed 26 stack frames</pre></div><a href='#' onClick='toggleBox("stack-trace2115670387", this, "Click to show all stack frames", "Click to hide stack frames")'>Click to show all stack frames</a>
<div class='stack-trace' id='stack-trace2115670387'><pre>java.lang.NoClassDefFoundError: Could not initialize class ru.vachok.networker.IntoApplication
	at ru.vachok.networker.IntoApplicationTest.testBeforeSt(IntoApplicationTest.java:108)
	at java.base/jdk.internal.reflect.NativeMethodAccessorImpl.invoke0(Native Method)
	at java.base/jdk.internal.reflect.NativeMethodAccessorImpl.invoke(NativeMethodAccessorImpl.java:62)
	at java.base/jdk.internal.reflect.DelegatingMethodAccessorImpl.invoke(DelegatingMethodAccessorImpl.java:43)
	at java.base/java.lang.reflect.Method.invoke(Method.java:567)
	at org.testng.internal.MethodInvocationHelper.invokeMethod(MethodInvocationHelper.java:131)
	at org.testng.internal.TestInvoker.invokeMethod(TestInvoker.java:570)
	at org.testng.internal.TestInvoker.invokeTestMethod(TestInvoker.java:170)
	at org.testng.internal.MethodRunner.runInSequence(MethodRunner.java:46)
	at org.testng.internal.TestInvoker$MethodInvocationAgent.invoke(TestInvoker.java:790)
	at org.testng.internal.TestInvoker.invokeTestMethods(TestInvoker.java:143)
	at org.testng.internal.TestMethodWorker.invokeTestMethods(TestMethodWorker.java:146)
	at org.testng.internal.TestMethodWorker.run(TestMethodWorker.java:128)
	at org.testng.TestRunner.privateRun(TestRunner.java:763)
	at org.testng.TestRunner.run(TestRunner.java:594)
	at org.testng.SuiteRunner.runTest(SuiteRunner.java:398)
	at org.testng.SuiteRunner.runSequentially(SuiteRunner.java:392)
	at org.testng.SuiteRunner.privateRun(SuiteRunner.java:355)
	at org.testng.SuiteRunner.run(SuiteRunner.java:304)
	at org.testng.SuiteRunnerWorker.runSuite(SuiteRunnerWorker.java:53)
	at org.testng.SuiteRunnerWorker.run(SuiteRunnerWorker.java:96)
	at org.testng.TestNG.runSuitesSequentially(TestNG.java:1146)
	at org.testng.TestNG.runSuitesLocally(TestNG.java:1067)
	at org.testng.TestNG.runSuites(TestNG.java:997)
	at org.testng.TestNG.run(TestNG.java:965)
	at org.testng.IDEARemoteTestNG.run(IDEARemoteTestNG.java:73)
	at org.testng.RemoteTestNGStarter.main(RemoteTestNGStarter.java:123)
</pre></div></td>
<td>0</td>
<td>ru.vachok.networker.IntoApplicationTest@75e710b</td></tr>
<tr>
<td title='ru.vachok.networker.SSHFactoryTest.testCall()'><b>testCall</b><br>Test class: ru.vachok.networker.SSHFactoryTest</td>
<td><div><pre>java.lang.AssertionError: null
FutureTask.java: java.base/java.util.concurrent.FutureTask.awaitDone(FutureTask.java:418)
FutureTask.java: java.base/java.util.concurrent.FutureTask.get(FutureTask.java:203)
SSHFactoryTest.java: ru.vachok.networker.SSHFactoryTest.testCall(SSHFactoryTest.java:79)



 expected [null] but found [java.lang.InterruptedException]
	at ru.vachok.networker.SSHFactoryTest.testCall(SSHFactoryTest.java:82)
... Removed 55 stack frames</pre></div><a href='#' onClick='toggleBox("stack-trace1674071345", this, "Click to show all stack frames", "Click to hide stack frames")'>Click to show all stack frames</a>
<div class='stack-trace' id='stack-trace1674071345'><pre>java.lang.AssertionError: null
FutureTask.java: java.base/java.util.concurrent.FutureTask.awaitDone(FutureTask.java:418)
FutureTask.java: java.base/java.util.concurrent.FutureTask.get(FutureTask.java:203)
SSHFactoryTest.java: ru.vachok.networker.SSHFactoryTest.testCall(SSHFactoryTest.java:79)
NativeMethodAccessorImpl.java: java.base/jdk.internal.reflect.NativeMethodAccessorImpl.invoke0(Native Method)
NativeMethodAccessorImpl.java: java.base/jdk.internal.reflect.NativeMethodAccessorImpl.invoke(NativeMethodAccessorImpl.java:62)
DelegatingMethodAccessorImpl.java: java.base/jdk.internal.reflect.DelegatingMethodAccessorImpl.invoke(DelegatingMethodAccessorImpl.java:43)
Method.java: java.base/java.lang.reflect.Method.invoke(Method.java:567)
MethodInvocationHelper.java: org.testng.internal.MethodInvocationHelper.invokeMethod(MethodInvocationHelper.java:131)
TestInvoker.java: org.testng.internal.TestInvoker.invokeMethod(TestInvoker.java:570)
TestInvoker.java: org.testng.internal.TestInvoker.invokeTestMethod(TestInvoker.java:170)
MethodRunner.java: org.testng.internal.MethodRunner.runInSequence(MethodRunner.java:46)
TestInvoker.java: org.testng.internal.TestInvoker$MethodInvocationAgent.invoke(TestInvoker.java:790)
TestInvoker.java: org.testng.internal.TestInvoker.invokeTestMethods(TestInvoker.java:143)
TestMethodWorker.java: org.testng.internal.TestMethodWorker.invokeTestMethods(TestMethodWorker.java:146)
TestMethodWorker.java: org.testng.internal.TestMethodWorker.run(TestMethodWorker.java:128)
TestRunner.java: org.testng.TestRunner.privateRun(TestRunner.java:763)
TestRunner.java: org.testng.TestRunner.run(TestRunner.java:594)
SuiteRunner.java: org.testng.SuiteRunner.runTest(SuiteRunner.java:398)
SuiteRunner.java: org.testng.SuiteRunner.runSequentially(SuiteRunner.java:392)
SuiteRunner.java: org.testng.SuiteRunner.privateRun(SuiteRunner.java:355)
SuiteRunner.java: org.testng.SuiteRunner.run(SuiteRunner.java:304)
SuiteRunnerWorker.java: org.testng.SuiteRunnerWorker.runSuite(SuiteRunnerWorker.java:53)
SuiteRunnerWorker.java: org.testng.SuiteRunnerWorker.run(SuiteRunnerWorker.java:96)
TestNG.java: org.testng.TestNG.runSuitesSequentially(TestNG.java:1146)
TestNG.java: org.testng.TestNG.runSuitesLocally(TestNG.java:1067)
TestNG.java: org.testng.TestNG.runSuites(TestNG.java:997)
TestNG.java: org.testng.TestNG.run(TestNG.java:965)
IDEARemoteTestNG.java: org.testng.IDEARemoteTestNG.run(IDEARemoteTestNG.java:73)
RemoteTestNGStarter.java: org.testng.RemoteTestNGStarter.main(RemoteTestNGStarter.java:123)



 expected [null] but found [java.lang.InterruptedException]
	at org.testng.Assert.fail(Assert.java:97)
	at org.testng.Assert.failNotSame(Assert.java:965)
	at org.testng.Assert.assertNull(Assert.java:898)
	at ru.vachok.networker.SSHFactoryTest.testCall(SSHFactoryTest.java:82)
	at java.base/jdk.internal.reflect.NativeMethodAccessorImpl.invoke0(Native Method)
	at java.base/jdk.internal.reflect.NativeMethodAccessorImpl.invoke(NativeMethodAccessorImpl.java:62)
	at java.base/jdk.internal.reflect.DelegatingMethodAccessorImpl.invoke(DelegatingMethodAccessorImpl.java:43)
	at java.base/java.lang.reflect.Method.invoke(Method.java:567)
	at org.testng.internal.MethodInvocationHelper.invokeMethod(MethodInvocationHelper.java:131)
	at org.testng.internal.TestInvoker.invokeMethod(TestInvoker.java:570)
	at org.testng.internal.TestInvoker.invokeTestMethod(TestInvoker.java:170)
	at org.testng.internal.MethodRunner.runInSequence(MethodRunner.java:46)
	at org.testng.internal.TestInvoker$MethodInvocationAgent.invoke(TestInvoker.java:790)
	at org.testng.internal.TestInvoker.invokeTestMethods(TestInvoker.java:143)
	at org.testng.internal.TestMethodWorker.invokeTestMethods(TestMethodWorker.java:146)
	at org.testng.internal.TestMethodWorker.run(TestMethodWorker.java:128)
	at org.testng.TestRunner.privateRun(TestRunner.java:763)
	at org.testng.TestRunner.run(TestRunner.java:594)
	at org.testng.SuiteRunner.runTest(SuiteRunner.java:398)
	at org.testng.SuiteRunner.runSequentially(SuiteRunner.java:392)
	at org.testng.SuiteRunner.privateRun(SuiteRunner.java:355)
	at org.testng.SuiteRunner.run(SuiteRunner.java:304)
	at org.testng.SuiteRunnerWorker.runSuite(SuiteRunnerWorker.java:53)
	at org.testng.SuiteRunnerWorker.run(SuiteRunnerWorker.java:96)
	at org.testng.TestNG.runSuitesSequentially(TestNG.java:1146)
	at org.testng.TestNG.runSuitesLocally(TestNG.java:1067)
	at org.testng.TestNG.runSuites(TestNG.java:997)
	at org.testng.TestNG.run(TestNG.java:965)
	at org.testng.IDEARemoteTestNG.run(IDEARemoteTestNG.java:73)
	at org.testng.RemoteTestNGStarter.main(RemoteTestNGStarter.java:123)
</pre></div></td>
<td>0</td>
<td>ru.vachok.networker.SSHFactoryTest@26f7cdf8</td></tr>
<tr>
<td title='ru.vachok.networker.abstr.NetKeeperTest.testGetKudrWorkTime()'><b>testGetKudrWorkTime</b><br>Test class: ru.vachok.networker.abstr.NetKeeperTest</td>
<td><div><pre>java.lang.AssertionError: did not expect to find [true] but found [false]
	at ru.vachok.networker.abstr.NetKeeperTest.testGetKudrWorkTime(NetKeeperTest.java:72)
... Removed 30 stack frames</pre></div><a href='#' onClick='toggleBox("stack-trace278976826", this, "Click to show all stack frames", "Click to hide stack frames")'>Click to show all stack frames</a>
<div class='stack-trace' id='stack-trace278976826'><pre>java.lang.AssertionError: did not expect to find [true] but found [false]
	at org.testng.Assert.fail(Assert.java:97)
	at org.testng.Assert.failNotEquals(Assert.java:969)
	at org.testng.Assert.assertTrue(Assert.java:43)
	at org.testng.Assert.assertTrue(Assert.java:53)
	at ru.vachok.networker.abstr.NetKeeperTest.testGetKudrWorkTime(NetKeeperTest.java:72)
	at java.base/jdk.internal.reflect.NativeMethodAccessorImpl.invoke0(Native Method)
	at java.base/jdk.internal.reflect.NativeMethodAccessorImpl.invoke(NativeMethodAccessorImpl.java:62)
	at java.base/jdk.internal.reflect.DelegatingMethodAccessorImpl.invoke(DelegatingMethodAccessorImpl.java:43)
	at java.base/java.lang.reflect.Method.invoke(Method.java:567)
	at org.testng.internal.MethodInvocationHelper.invokeMethod(MethodInvocationHelper.java:131)
	at org.testng.internal.TestInvoker.invokeMethod(TestInvoker.java:570)
	at org.testng.internal.TestInvoker.invokeTestMethod(TestInvoker.java:170)
	at org.testng.internal.MethodRunner.runInSequence(MethodRunner.java:46)
	at org.testng.internal.TestInvoker$MethodInvocationAgent.invoke(TestInvoker.java:790)
	at org.testng.internal.TestInvoker.invokeTestMethods(TestInvoker.java:143)
	at org.testng.internal.TestMethodWorker.invokeTestMethods(TestMethodWorker.java:146)
	at org.testng.internal.TestMethodWorker.run(TestMethodWorker.java:128)
	at org.testng.TestRunner.privateRun(TestRunner.java:763)
	at org.testng.TestRunner.run(TestRunner.java:594)
	at org.testng.SuiteRunner.runTest(SuiteRunner.java:398)
	at org.testng.SuiteRunner.runSequentially(SuiteRunner.java:392)
	at org.testng.SuiteRunner.privateRun(SuiteRunner.java:355)
	at org.testng.SuiteRunner.run(SuiteRunner.java:304)
	at org.testng.SuiteRunnerWorker.runSuite(SuiteRunnerWorker.java:53)
	at org.testng.SuiteRunnerWorker.run(SuiteRunnerWorker.java:96)
	at org.testng.TestNG.runSuitesSequentially(TestNG.java:1146)
	at org.testng.TestNG.runSuitesLocally(TestNG.java:1067)
	at org.testng.TestNG.runSuites(TestNG.java:997)
	at org.testng.TestNG.run(TestNG.java:965)
	at org.testng.IDEARemoteTestNG.run(IDEARemoteTestNG.java:73)
	at org.testng.RemoteTestNGStarter.main(RemoteTestNGStarter.java:123)
</pre></div></td>
<td>0</td>
<td>ru.vachok.networker.abstr.NetKeeperTest@23202c31</td></tr>
<tr>
<td title='ru.vachok.networker.componentsrepo.server.TelnetServerTest.testGetSocket()'><b>testGetSocket</b><br>Test class: ru.vachok.networker.componentsrepo.server.TelnetServerTest</td>
<td><div><pre>ru.vachok.networker.componentsrepo.exceptions.TODOException: This functional is not ready yet. this is ru_vachok_networker- :ru.vachok.networker.componentsrepo.server.TelnetServerTest.testGetSocket(TelnetServerTest.java:41)

TODO: 05.08.2019 (23:43)
	at ru.vachok.networker.componentsrepo.server.TelnetServerTest.testGetSocket(TelnetServerTest.java:41)
... Removed 26 stack frames</pre></div><a href='#' onClick='toggleBox("stack-trace1793335880", this, "Click to show all stack frames", "Click to hide stack frames")'>Click to show all stack frames</a>
<div class='stack-trace' id='stack-trace1793335880'><pre>ru.vachok.networker.componentsrepo.exceptions.TODOException: This functional is not ready yet. this is ru_vachok_networker- :ru.vachok.networker.componentsrepo.server.TelnetServerTest.testGetSocket(TelnetServerTest.java:41)

TODO: 05.08.2019 (23:43)
	at ru.vachok.networker.componentsrepo.server.TelnetServerTest.testGetSocket(TelnetServerTest.java:41)
	at java.base/jdk.internal.reflect.NativeMethodAccessorImpl.invoke0(Native Method)
	at java.base/jdk.internal.reflect.NativeMethodAccessorImpl.invoke(NativeMethodAccessorImpl.java:62)
	at java.base/jdk.internal.reflect.DelegatingMethodAccessorImpl.invoke(DelegatingMethodAccessorImpl.java:43)
	at java.base/java.lang.reflect.Method.invoke(Method.java:567)
	at org.testng.internal.MethodInvocationHelper.invokeMethod(MethodInvocationHelper.java:131)
	at org.testng.internal.TestInvoker.invokeMethod(TestInvoker.java:570)
	at org.testng.internal.TestInvoker.invokeTestMethod(TestInvoker.java:170)
	at org.testng.internal.MethodRunner.runInSequence(MethodRunner.java:46)
	at org.testng.internal.TestInvoker$MethodInvocationAgent.invoke(TestInvoker.java:790)
	at org.testng.internal.TestInvoker.invokeTestMethods(TestInvoker.java:143)
	at org.testng.internal.TestMethodWorker.invokeTestMethods(TestMethodWorker.java:146)
	at org.testng.internal.TestMethodWorker.run(TestMethodWorker.java:128)
	at org.testng.TestRunner.privateRun(TestRunner.java:763)
	at org.testng.TestRunner.run(TestRunner.java:594)
	at org.testng.SuiteRunner.runTest(SuiteRunner.java:398)
	at org.testng.SuiteRunner.runSequentially(SuiteRunner.java:392)
	at org.testng.SuiteRunner.privateRun(SuiteRunner.java:355)
	at org.testng.SuiteRunner.run(SuiteRunner.java:304)
	at org.testng.SuiteRunnerWorker.runSuite(SuiteRunnerWorker.java:53)
	at org.testng.SuiteRunnerWorker.run(SuiteRunnerWorker.java:96)
	at org.testng.TestNG.runSuitesSequentially(TestNG.java:1146)
	at org.testng.TestNG.runSuitesLocally(TestNG.java:1067)
	at org.testng.TestNG.runSuites(TestNG.java:997)
	at org.testng.TestNG.run(TestNG.java:965)
	at org.testng.IDEARemoteTestNG.run(IDEARemoteTestNG.java:73)
	at org.testng.RemoteTestNGStarter.main(RemoteTestNGStarter.java:123)
</pre></div></td>
<td>0</td>
<td>ru.vachok.networker.componentsrepo.server.TelnetServerTest@359ff4d9</td></tr>
<tr>
<td title='ru.vachok.networker.services.MyCalenTest.testGetTimeInfo()'><b>testGetTimeInfo</b><br>Test class: ru.vachok.networker.services.MyCalenTest</td>
<td><div><pre>java.lang.AssertionError: did not expect to find [true] but found [false]
	at ru.vachok.networker.services.MyCalenTest.testGetTimeInfo(MyCalenTest.java:32)
... Removed 30 stack frames</pre></div><a href='#' onClick='toggleBox("stack-trace1547112627", this, "Click to show all stack frames", "Click to hide stack frames")'>Click to show all stack frames</a>
<div class='stack-trace' id='stack-trace1547112627'><pre>java.lang.AssertionError: did not expect to find [true] but found [false]
	at org.testng.Assert.fail(Assert.java:97)
	at org.testng.Assert.failNotEquals(Assert.java:969)
	at org.testng.Assert.assertTrue(Assert.java:43)
	at org.testng.Assert.assertTrue(Assert.java:53)
	at ru.vachok.networker.services.MyCalenTest.testGetTimeInfo(MyCalenTest.java:32)
	at java.base/jdk.internal.reflect.NativeMethodAccessorImpl.invoke0(Native Method)
	at java.base/jdk.internal.reflect.NativeMethodAccessorImpl.invoke(NativeMethodAccessorImpl.java:62)
	at java.base/jdk.internal.reflect.DelegatingMethodAccessorImpl.invoke(DelegatingMethodAccessorImpl.java:43)
	at java.base/java.lang.reflect.Method.invoke(Method.java:567)
	at org.testng.internal.MethodInvocationHelper.invokeMethod(MethodInvocationHelper.java:131)
	at org.testng.internal.TestInvoker.invokeMethod(TestInvoker.java:570)
	at org.testng.internal.TestInvoker.invokeTestMethod(TestInvoker.java:170)
	at org.testng.internal.MethodRunner.runInSequence(MethodRunner.java:46)
	at org.testng.internal.TestInvoker$MethodInvocationAgent.invoke(TestInvoker.java:790)
	at org.testng.internal.TestInvoker.invokeTestMethods(TestInvoker.java:143)
	at org.testng.internal.TestMethodWorker.invokeTestMethods(TestMethodWorker.java:146)
	at org.testng.internal.TestMethodWorker.run(TestMethodWorker.java:128)
	at org.testng.TestRunner.privateRun(TestRunner.java:763)
	at org.testng.TestRunner.run(TestRunner.java:594)
	at org.testng.SuiteRunner.runTest(SuiteRunner.java:398)
	at org.testng.SuiteRunner.runSequentially(SuiteRunner.java:392)
	at org.testng.SuiteRunner.privateRun(SuiteRunner.java:355)
	at org.testng.SuiteRunner.run(SuiteRunner.java:304)
	at org.testng.SuiteRunnerWorker.runSuite(SuiteRunnerWorker.java:53)
	at org.testng.SuiteRunnerWorker.run(SuiteRunnerWorker.java:96)
	at org.testng.TestNG.runSuitesSequentially(TestNG.java:1146)
	at org.testng.TestNG.runSuitesLocally(TestNG.java:1067)
	at org.testng.TestNG.runSuites(TestNG.java:997)
	at org.testng.TestNG.run(TestNG.java:965)
	at org.testng.IDEARemoteTestNG.run(IDEARemoteTestNG.java:73)
	at org.testng.RemoteTestNGStarter.main(RemoteTestNGStarter.java:123)
</pre></div></td>
<td>0</td>
<td>ru.vachok.networker.services.MyCalenTest@af9a89f</td></tr>
<tr>
<td title='ru.vachok.networker.IntoApplicationTest.testMain()'><b>testMain</b><br>Test class: ru.vachok.networker.IntoApplicationTest</td>
<td><div><pre>java.lang.NoClassDefFoundError: Could not initialize class ru.vachok.networker.IntoApplication
	at ru.vachok.networker.IntoApplicationTest.testMain(IntoApplicationTest.java:89)
... Removed 26 stack frames</pre></div><a href='#' onClick='toggleBox("stack-trace468154998", this, "Click to show all stack frames", "Click to hide stack frames")'>Click to show all stack frames</a>
<div class='stack-trace' id='stack-trace468154998'><pre>java.lang.NoClassDefFoundError: Could not initialize class ru.vachok.networker.IntoApplication
	at ru.vachok.networker.IntoApplicationTest.testMain(IntoApplicationTest.java:89)
	at java.base/jdk.internal.reflect.NativeMethodAccessorImpl.invoke0(Native Method)
	at java.base/jdk.internal.reflect.NativeMethodAccessorImpl.invoke(NativeMethodAccessorImpl.java:62)
	at java.base/jdk.internal.reflect.DelegatingMethodAccessorImpl.invoke(DelegatingMethodAccessorImpl.java:43)
	at java.base/java.lang.reflect.Method.invoke(Method.java:567)
	at org.testng.internal.MethodInvocationHelper.invokeMethod(MethodInvocationHelper.java:131)
	at org.testng.internal.TestInvoker.invokeMethod(TestInvoker.java:570)
	at org.testng.internal.TestInvoker.invokeTestMethod(TestInvoker.java:170)
	at org.testng.internal.MethodRunner.runInSequence(MethodRunner.java:46)
	at org.testng.internal.TestInvoker$MethodInvocationAgent.invoke(TestInvoker.java:790)
	at org.testng.internal.TestInvoker.invokeTestMethods(TestInvoker.java:143)
	at org.testng.internal.TestMethodWorker.invokeTestMethods(TestMethodWorker.java:146)
	at org.testng.internal.TestMethodWorker.run(TestMethodWorker.java:128)
	at org.testng.TestRunner.privateRun(TestRunner.java:763)
	at org.testng.TestRunner.run(TestRunner.java:594)
	at org.testng.SuiteRunner.runTest(SuiteRunner.java:398)
	at org.testng.SuiteRunner.runSequentially(SuiteRunner.java:392)
	at org.testng.SuiteRunner.privateRun(SuiteRunner.java:355)
	at org.testng.SuiteRunner.run(SuiteRunner.java:304)
	at org.testng.SuiteRunnerWorker.runSuite(SuiteRunnerWorker.java:53)
	at org.testng.SuiteRunnerWorker.run(SuiteRunnerWorker.java:96)
	at org.testng.TestNG.runSuitesSequentially(TestNG.java:1146)
	at org.testng.TestNG.runSuitesLocally(TestNG.java:1067)
	at org.testng.TestNG.runSuites(TestNG.java:997)
	at org.testng.TestNG.run(TestNG.java:965)
	at org.testng.IDEARemoteTestNG.run(IDEARemoteTestNG.java:73)
	at org.testng.RemoteTestNGStarter.main(RemoteTestNGStarter.java:123)
</pre></div></td>
<td>0</td>
<td>ru.vachok.networker.IntoApplicationTest@75e710b</td></tr>
<tr>
<td title='ru.vachok.networker.controller.OKMakerTest.testMakeOk()'><b>testMakeOk</b><br>Test class: ru.vachok.networker.controller.OKMakerTest</td>
<td><div><pre>java.lang.AssertionError: did not expect to find [true] but found [false]
	at ru.vachok.networker.controller.OKMakerTest.testMakeOk(OKMakerTest.java:43)
... Removed 30 stack frames</pre></div><a href='#' onClick='toggleBox("stack-trace374205056", this, "Click to show all stack frames", "Click to hide stack frames")'>Click to show all stack frames</a>
<div class='stack-trace' id='stack-trace374205056'><pre>java.lang.AssertionError: did not expect to find [true] but found [false]
	at org.testng.Assert.fail(Assert.java:97)
	at org.testng.Assert.failNotEquals(Assert.java:969)
	at org.testng.Assert.assertTrue(Assert.java:43)
	at org.testng.Assert.assertTrue(Assert.java:53)
	at ru.vachok.networker.controller.OKMakerTest.testMakeOk(OKMakerTest.java:43)
	at java.base/jdk.internal.reflect.NativeMethodAccessorImpl.invoke0(Native Method)
	at java.base/jdk.internal.reflect.NativeMethodAccessorImpl.invoke(NativeMethodAccessorImpl.java:62)
	at java.base/jdk.internal.reflect.DelegatingMethodAccessorImpl.invoke(DelegatingMethodAccessorImpl.java:43)
	at java.base/java.lang.reflect.Method.invoke(Method.java:567)
	at org.testng.internal.MethodInvocationHelper.invokeMethod(MethodInvocationHelper.java:131)
	at org.testng.internal.TestInvoker.invokeMethod(TestInvoker.java:570)
	at org.testng.internal.TestInvoker.invokeTestMethod(TestInvoker.java:170)
	at org.testng.internal.MethodRunner.runInSequence(MethodRunner.java:46)
	at org.testng.internal.TestInvoker$MethodInvocationAgent.invoke(TestInvoker.java:790)
	at org.testng.internal.TestInvoker.invokeTestMethods(TestInvoker.java:143)
	at org.testng.internal.TestMethodWorker.invokeTestMethods(TestMethodWorker.java:146)
	at org.testng.internal.TestMethodWorker.run(TestMethodWorker.java:128)
	at org.testng.TestRunner.privateRun(TestRunner.java:763)
	at org.testng.TestRunner.run(TestRunner.java:594)
	at org.testng.SuiteRunner.runTest(SuiteRunner.java:398)
	at org.testng.SuiteRunner.runSequentially(SuiteRunner.java:392)
	at org.testng.SuiteRunner.privateRun(SuiteRunner.java:355)
	at org.testng.SuiteRunner.run(SuiteRunner.java:304)
	at org.testng.SuiteRunnerWorker.runSuite(SuiteRunnerWorker.java:53)
	at org.testng.SuiteRunnerWorker.run(SuiteRunnerWorker.java:96)
	at org.testng.TestNG.runSuitesSequentially(TestNG.java:1146)
	at org.testng.TestNG.runSuitesLocally(TestNG.java:1067)
	at org.testng.TestNG.runSuites(TestNG.java:997)
	at org.testng.TestNG.run(TestNG.java:965)
	at org.testng.IDEARemoteTestNG.run(IDEARemoteTestNG.java:73)
	at org.testng.RemoteTestNGStarter.main(RemoteTestNGStarter.java:123)
</pre></div></td>
<td>0</td>
<td>ru.vachok.networker.controller.OKMakerTest@73ad7e90</td></tr>
<tr>
<td title='ru.vachok.networker.IntoApplicationTest.testReloadConfigurableApplicationContext()'><b>testReloadConfigurableApplicationContext</b><br>Test class: ru.vachok.networker.IntoApplicationTest</td>
<td><div><pre>java.lang.NoClassDefFoundError: Could not initialize class ru.vachok.networker.IntoApplication
	at ru.vachok.networker.IntoApplicationTest.testReloadConfigurableApplicationContext(IntoApplicationTest.java:72)
... Removed 26 stack frames</pre></div><a href='#' onClick='toggleBox("stack-trace2021178331", this, "Click to show all stack frames", "Click to hide stack frames")'>Click to show all stack frames</a>
<div class='stack-trace' id='stack-trace2021178331'><pre>java.lang.NoClassDefFoundError: Could not initialize class ru.vachok.networker.IntoApplication
	at ru.vachok.networker.IntoApplicationTest.testReloadConfigurableApplicationContext(IntoApplicationTest.java:72)
	at java.base/jdk.internal.reflect.NativeMethodAccessorImpl.invoke0(Native Method)
	at java.base/jdk.internal.reflect.NativeMethodAccessorImpl.invoke(NativeMethodAccessorImpl.java:62)
	at java.base/jdk.internal.reflect.DelegatingMethodAccessorImpl.invoke(DelegatingMethodAccessorImpl.java:43)
	at java.base/java.lang.reflect.Method.invoke(Method.java:567)
	at org.testng.internal.MethodInvocationHelper.invokeMethod(MethodInvocationHelper.java:131)
	at org.testng.internal.TestInvoker.invokeMethod(TestInvoker.java:570)
	at org.testng.internal.TestInvoker.invokeTestMethod(TestInvoker.java:170)
	at org.testng.internal.MethodRunner.runInSequence(MethodRunner.java:46)
	at org.testng.internal.TestInvoker$MethodInvocationAgent.invoke(TestInvoker.java:790)
	at org.testng.internal.TestInvoker.invokeTestMethods(TestInvoker.java:143)
	at org.testng.internal.TestMethodWorker.invokeTestMethods(TestMethodWorker.java:146)
	at org.testng.internal.TestMethodWorker.run(TestMethodWorker.java:128)
	at org.testng.TestRunner.privateRun(TestRunner.java:763)
	at org.testng.TestRunner.run(TestRunner.java:594)
	at org.testng.SuiteRunner.runTest(SuiteRunner.java:398)
	at org.testng.SuiteRunner.runSequentially(SuiteRunner.java:392)
	at org.testng.SuiteRunner.privateRun(SuiteRunner.java:355)
	at org.testng.SuiteRunner.run(SuiteRunner.java:304)
	at org.testng.SuiteRunnerWorker.runSuite(SuiteRunnerWorker.java:53)
	at org.testng.SuiteRunnerWorker.run(SuiteRunnerWorker.java:96)
	at org.testng.TestNG.runSuitesSequentially(TestNG.java:1146)
	at org.testng.TestNG.runSuitesLocally(TestNG.java:1067)
	at org.testng.TestNG.runSuites(TestNG.java:997)
	at org.testng.TestNG.run(TestNG.java:965)
	at org.testng.IDEARemoteTestNG.run(IDEARemoteTestNG.java:73)
	at org.testng.RemoteTestNGStarter.main(RemoteTestNGStarter.java:123)
</pre></div></td>
<td>0</td>
<td>ru.vachok.networker.IntoApplicationTest@75e710b</td></tr>
<tr>
<td title='ru.vachok.networker.net.monitor.PCMonitoringTest.testRun()'><b>testRun</b><br>Test class: ru.vachok.networker.net.monitor.PCMonitoringTest</td>
<td><div><pre>java.lang.AssertionError: null
FutureTask.java: java.base/java.util.concurrent.FutureTask.awaitDone(FutureTask.java:418)
FutureTask.java: java.base/java.util.concurrent.FutureTask.get(FutureTask.java:203)
PCMonitoringTest.java: ru.vachok.networker.net.monitor.PCMonitoringTest.testRun(PCMonitoringTest.java:102)



 expected [null] but found [java.lang.InterruptedException]
	at ru.vachok.networker.net.monitor.PCMonitoringTest.testRun(PCMonitoringTest.java:108)
... Removed 55 stack frames</pre></div><a href='#' onClick='toggleBox("stack-trace102100768", this, "Click to show all stack frames", "Click to hide stack frames")'>Click to show all stack frames</a>
<div class='stack-trace' id='stack-trace102100768'><pre>java.lang.AssertionError: null
FutureTask.java: java.base/java.util.concurrent.FutureTask.awaitDone(FutureTask.java:418)
FutureTask.java: java.base/java.util.concurrent.FutureTask.get(FutureTask.java:203)
PCMonitoringTest.java: ru.vachok.networker.net.monitor.PCMonitoringTest.testRun(PCMonitoringTest.java:102)
NativeMethodAccessorImpl.java: java.base/jdk.internal.reflect.NativeMethodAccessorImpl.invoke0(Native Method)
NativeMethodAccessorImpl.java: java.base/jdk.internal.reflect.NativeMethodAccessorImpl.invoke(NativeMethodAccessorImpl.java:62)
DelegatingMethodAccessorImpl.java: java.base/jdk.internal.reflect.DelegatingMethodAccessorImpl.invoke(DelegatingMethodAccessorImpl.java:43)
Method.java: java.base/java.lang.reflect.Method.invoke(Method.java:567)
MethodInvocationHelper.java: org.testng.internal.MethodInvocationHelper.invokeMethod(MethodInvocationHelper.java:131)
TestInvoker.java: org.testng.internal.TestInvoker.invokeMethod(TestInvoker.java:570)
TestInvoker.java: org.testng.internal.TestInvoker.invokeTestMethod(TestInvoker.java:170)
MethodRunner.java: org.testng.internal.MethodRunner.runInSequence(MethodRunner.java:46)
TestInvoker.java: org.testng.internal.TestInvoker$MethodInvocationAgent.invoke(TestInvoker.java:790)
TestInvoker.java: org.testng.internal.TestInvoker.invokeTestMethods(TestInvoker.java:143)
TestMethodWorker.java: org.testng.internal.TestMethodWorker.invokeTestMethods(TestMethodWorker.java:146)
TestMethodWorker.java: org.testng.internal.TestMethodWorker.run(TestMethodWorker.java:128)
TestRunner.java: org.testng.TestRunner.privateRun(TestRunner.java:763)
TestRunner.java: org.testng.TestRunner.run(TestRunner.java:594)
SuiteRunner.java: org.testng.SuiteRunner.runTest(SuiteRunner.java:398)
SuiteRunner.java: org.testng.SuiteRunner.runSequentially(SuiteRunner.java:392)
SuiteRunner.java: org.testng.SuiteRunner.privateRun(SuiteRunner.java:355)
SuiteRunner.java: org.testng.SuiteRunner.run(SuiteRunner.java:304)
SuiteRunnerWorker.java: org.testng.SuiteRunnerWorker.runSuite(SuiteRunnerWorker.java:53)
SuiteRunnerWorker.java: org.testng.SuiteRunnerWorker.run(SuiteRunnerWorker.java:96)
TestNG.java: org.testng.TestNG.runSuitesSequentially(TestNG.java:1146)
TestNG.java: org.testng.TestNG.runSuitesLocally(TestNG.java:1067)
TestNG.java: org.testng.TestNG.runSuites(TestNG.java:997)
TestNG.java: org.testng.TestNG.run(TestNG.java:965)
IDEARemoteTestNG.java: org.testng.IDEARemoteTestNG.run(IDEARemoteTestNG.java:73)
RemoteTestNGStarter.java: org.testng.RemoteTestNGStarter.main(RemoteTestNGStarter.java:123)



 expected [null] but found [java.lang.InterruptedException]
	at org.testng.Assert.fail(Assert.java:97)
	at org.testng.Assert.failNotSame(Assert.java:965)
	at org.testng.Assert.assertNull(Assert.java:898)
	at ru.vachok.networker.net.monitor.PCMonitoringTest.testRun(PCMonitoringTest.java:108)
	at java.base/jdk.internal.reflect.NativeMethodAccessorImpl.invoke0(Native Method)
	at java.base/jdk.internal.reflect.NativeMethodAccessorImpl.invoke(NativeMethodAccessorImpl.java:62)
	at java.base/jdk.internal.reflect.DelegatingMethodAccessorImpl.invoke(DelegatingMethodAccessorImpl.java:43)
	at java.base/java.lang.reflect.Method.invoke(Method.java:567)
	at org.testng.internal.MethodInvocationHelper.invokeMethod(MethodInvocationHelper.java:131)
	at org.testng.internal.TestInvoker.invokeMethod(TestInvoker.java:570)
	at org.testng.internal.TestInvoker.invokeTestMethod(TestInvoker.java:170)
	at org.testng.internal.MethodRunner.runInSequence(MethodRunner.java:46)
	at org.testng.internal.TestInvoker$MethodInvocationAgent.invoke(TestInvoker.java:790)
	at org.testng.internal.TestInvoker.invokeTestMethods(TestInvoker.java:143)
	at org.testng.internal.TestMethodWorker.invokeTestMethods(TestMethodWorker.java:146)
	at org.testng.internal.TestMethodWorker.run(TestMethodWorker.java:128)
	at org.testng.TestRunner.privateRun(TestRunner.java:763)
	at org.testng.TestRunner.run(TestRunner.java:594)
	at org.testng.SuiteRunner.runTest(SuiteRunner.java:398)
	at org.testng.SuiteRunner.runSequentially(SuiteRunner.java:392)
	at org.testng.SuiteRunner.privateRun(SuiteRunner.java:355)
	at org.testng.SuiteRunner.run(SuiteRunner.java:304)
	at org.testng.SuiteRunnerWorker.runSuite(SuiteRunnerWorker.java:53)
	at org.testng.SuiteRunnerWorker.run(SuiteRunnerWorker.java:96)
	at org.testng.TestNG.runSuitesSequentially(TestNG.java:1146)
	at org.testng.TestNG.runSuitesLocally(TestNG.java:1067)
	at org.testng.TestNG.runSuites(TestNG.java:997)
	at org.testng.TestNG.run(TestNG.java:965)
	at org.testng.IDEARemoteTestNG.run(IDEARemoteTestNG.java:73)
	at org.testng.RemoteTestNGStarter.main(RemoteTestNGStarter.java:123)
</pre></div></td>
<td>0</td>
<td>ru.vachok.networker.net.monitor.PCMonitoringTest@7c2312fa</td></tr>
<tr>
<td title='ru.vachok.networker.accesscontrol.sshactions.TemporaryFullInternetTest.testRunAdd()'><b>testRunAdd</b><br>Test class: ru.vachok.networker.accesscontrol.sshactions.TemporaryFullInternetTest</td>
<td><div><pre>java.lang.AssertionError: null
FutureTask.java: java.base/java.util.concurrent.FutureTask.get(FutureTask.java:204)
TemporaryFullInternetTest.java: ru.vachok.networker.accesscontrol.sshactions.TemporaryFullInternetTest.testRunAdd(TemporaryFullInternetTest.java:67)



 expected [null] but found [java.util.concurrent.TimeoutException]
	at ru.vachok.networker.accesscontrol.sshactions.TemporaryFullInternetTest.testRunAdd(TemporaryFullInternetTest.java:71)
... Removed 55 stack frames</pre></div><a href='#' onClick='toggleBox("stack-trace821725803", this, "Click to show all stack frames", "Click to hide stack frames")'>Click to show all stack frames</a>
<div class='stack-trace' id='stack-trace821725803'><pre>java.lang.AssertionError: null
FutureTask.java: java.base/java.util.concurrent.FutureTask.get(FutureTask.java:204)
TemporaryFullInternetTest.java: ru.vachok.networker.accesscontrol.sshactions.TemporaryFullInternetTest.testRunAdd(TemporaryFullInternetTest.java:67)
NativeMethodAccessorImpl.java: java.base/jdk.internal.reflect.NativeMethodAccessorImpl.invoke0(Native Method)
NativeMethodAccessorImpl.java: java.base/jdk.internal.reflect.NativeMethodAccessorImpl.invoke(NativeMethodAccessorImpl.java:62)
DelegatingMethodAccessorImpl.java: java.base/jdk.internal.reflect.DelegatingMethodAccessorImpl.invoke(DelegatingMethodAccessorImpl.java:43)
Method.java: java.base/java.lang.reflect.Method.invoke(Method.java:567)
MethodInvocationHelper.java: org.testng.internal.MethodInvocationHelper.invokeMethod(MethodInvocationHelper.java:131)
TestInvoker.java: org.testng.internal.TestInvoker.invokeMethod(TestInvoker.java:570)
TestInvoker.java: org.testng.internal.TestInvoker.invokeTestMethod(TestInvoker.java:170)
MethodRunner.java: org.testng.internal.MethodRunner.runInSequence(MethodRunner.java:46)
TestInvoker.java: org.testng.internal.TestInvoker$MethodInvocationAgent.invoke(TestInvoker.java:790)
TestInvoker.java: org.testng.internal.TestInvoker.invokeTestMethods(TestInvoker.java:143)
TestMethodWorker.java: org.testng.internal.TestMethodWorker.invokeTestMethods(TestMethodWorker.java:146)
TestMethodWorker.java: org.testng.internal.TestMethodWorker.run(TestMethodWorker.java:128)
TestRunner.java: org.testng.TestRunner.privateRun(TestRunner.java:763)
TestRunner.java: org.testng.TestRunner.run(TestRunner.java:594)
SuiteRunner.java: org.testng.SuiteRunner.runTest(SuiteRunner.java:398)
SuiteRunner.java: org.testng.SuiteRunner.runSequentially(SuiteRunner.java:392)
SuiteRunner.java: org.testng.SuiteRunner.privateRun(SuiteRunner.java:355)
SuiteRunner.java: org.testng.SuiteRunner.run(SuiteRunner.java:304)
SuiteRunnerWorker.java: org.testng.SuiteRunnerWorker.runSuite(SuiteRunnerWorker.java:53)
SuiteRunnerWorker.java: org.testng.SuiteRunnerWorker.run(SuiteRunnerWorker.java:96)
TestNG.java: org.testng.TestNG.runSuitesSequentially(TestNG.java:1146)
TestNG.java: org.testng.TestNG.runSuitesLocally(TestNG.java:1067)
TestNG.java: org.testng.TestNG.runSuites(TestNG.java:997)
TestNG.java: org.testng.TestNG.run(TestNG.java:965)
IDEARemoteTestNG.java: org.testng.IDEARemoteTestNG.run(IDEARemoteTestNG.java:73)
RemoteTestNGStarter.java: org.testng.RemoteTestNGStarter.main(RemoteTestNGStarter.java:123)



 expected [null] but found [java.util.concurrent.TimeoutException]
	at org.testng.Assert.fail(Assert.java:97)
	at org.testng.Assert.failNotSame(Assert.java:965)
	at org.testng.Assert.assertNull(Assert.java:898)
	at ru.vachok.networker.accesscontrol.sshactions.TemporaryFullInternetTest.testRunAdd(TemporaryFullInternetTest.java:71)
	at java.base/jdk.internal.reflect.NativeMethodAccessorImpl.invoke0(Native Method)
	at java.base/jdk.internal.reflect.NativeMethodAccessorImpl.invoke(NativeMethodAccessorImpl.java:62)
	at java.base/jdk.internal.reflect.DelegatingMethodAccessorImpl.invoke(DelegatingMethodAccessorImpl.java:43)
	at java.base/java.lang.reflect.Method.invoke(Method.java:567)
	at org.testng.internal.MethodInvocationHelper.invokeMethod(MethodInvocationHelper.java:131)
	at org.testng.internal.TestInvoker.invokeMethod(TestInvoker.java:570)
	at org.testng.internal.TestInvoker.invokeTestMethod(TestInvoker.java:170)
	at org.testng.internal.MethodRunner.runInSequence(MethodRunner.java:46)
	at org.testng.internal.TestInvoker$MethodInvocationAgent.invoke(TestInvoker.java:790)
	at org.testng.internal.TestInvoker.invokeTestMethods(TestInvoker.java:143)
	at org.testng.internal.TestMethodWorker.invokeTestMethods(TestMethodWorker.java:146)
	at org.testng.internal.TestMethodWorker.run(TestMethodWorker.java:128)
	at org.testng.TestRunner.privateRun(TestRunner.java:763)
	at org.testng.TestRunner.run(TestRunner.java:594)
	at org.testng.SuiteRunner.runTest(SuiteRunner.java:398)
	at org.testng.SuiteRunner.runSequentially(SuiteRunner.java:392)
	at org.testng.SuiteRunner.privateRun(SuiteRunner.java:355)
	at org.testng.SuiteRunner.run(SuiteRunner.java:304)
	at org.testng.SuiteRunnerWorker.runSuite(SuiteRunnerWorker.java:53)
	at org.testng.SuiteRunnerWorker.run(SuiteRunnerWorker.java:96)
	at org.testng.TestNG.runSuitesSequentially(TestNG.java:1146)
	at org.testng.TestNG.runSuitesLocally(TestNG.java:1067)
	at org.testng.TestNG.runSuites(TestNG.java:997)
	at org.testng.TestNG.run(TestNG.java:965)
	at org.testng.IDEARemoteTestNG.run(IDEARemoteTestNG.java:73)
	at org.testng.RemoteTestNGStarter.main(RemoteTestNGStarter.java:123)
</pre></div></td>
<td>17</td>
<td>ru.vachok.networker.accesscontrol.sshactions.TemporaryFullInternetTest@35fb22a9</td></tr>
</table><p>
<table width='100%' border='1' class='invocation-passed'>
<tr><td colspan='4' align='center'><b>PASSED TESTS</b></td></tr>
<tr><td><b>Test method</b></td>
<td width="30%"><b>Exception</b></td>
<td width="10%"><b>Time (seconds)</b></td>
<td><b>Instance</b></td>
</tr>
<tr>
<td title='ru.vachok.networker.ad.user.DataBaseADUsersSRVTest.adUsersFromFileGetter()'><b>adUsersFromFileGetter</b><br>Test class: ru.vachok.networker.ad.user.DataBaseADUsersSRVTest</td>
<td></td>
<td>1</td>
<td>ru.vachok.networker.ad.user.DataBaseADUsersSRVTest@184dbacc</td></tr>
<tr>
<td title='ru.vachok.networker.net.libswork.RegRuFTPLibsUploaderTest.checkPassOverDB()'><b>checkPassOverDB</b><br>Test class: ru.vachok.networker.net.libswork.RegRuFTPLibsUploaderTest</td>
<td></td>
<td>0</td>
<td>RegRuFTPLibsUploader{ftpClient=null}</td></tr>
<tr>
<td title='ru.vachok.networker.net.libswork.RegRuFTPLibsUploaderTest.chkPC$$COPY()'><b>chkPC$$COPY</b><br>Test class: ru.vachok.networker.net.libswork.RegRuFTPLibsUploaderTest</td>
<td></td>
<td>0</td>
<td>RegRuFTPLibsUploader{ftpClient=null}</td></tr>
<tr>
<td title='ru.vachok.networker.net.libswork.RegRuFTPLibsUploaderTest.continueConnect()'><b>continueConnect</b><br>Test class: ru.vachok.networker.net.libswork.RegRuFTPLibsUploaderTest</td>
<td></td>
<td>0</td>
<td>RegRuFTPLibsUploader{ftpClient=null}</td></tr>
<tr>
<td title='ru.vachok.networker.ad.PhotoConverterSRVTest.convertFoto()'><b>convertFoto</b><br>Test class: ru.vachok.networker.ad.PhotoConverterSRVTest</td>
<td></td>
<td>0</td>
<td>ru.vachok.networker.ad.PhotoConverterSRVTest@3cae7b8b</td></tr>
<tr>
<td title='ru.vachok.networker.services.SimpleCalculatorTest.countThreads()'><b>countThreads</b><br>Test class: ru.vachok.networker.services.SimpleCalculatorTest</td>
<td></td>
<td>0</td>
<td>ru.vachok.networker.services.SimpleCalculatorTest@6482eef</td></tr>
<tr>
<td title='ru.vachok.networker.net.monitor.PCMonitoringTest.exp$$WriteLog()'><b>exp$$WriteLog</b><br>Test class: ru.vachok.networker.net.monitor.PCMonitoringTest</td>
<td></td>
<td>0</td>
<td>ru.vachok.networker.net.monitor.PCMonitoringTest@7c2312fa</td></tr>
<tr>
<td title='ru.vachok.networker.net.scanner.ScanOnlineTest.fileOnToLastCopyTest()'><b>fileOnToLastCopyTest</b><br>Test class: ru.vachok.networker.net.scanner.ScanOnlineTest</td>
<td></td>
<td>0</td>
<td>ru.vachok.networker.net.scanner.ScanOnlineTest@64a4dd8d</td></tr>
<tr>
<td title='ru.vachok.networker.net.libswork.RegRuFTPLibsUploaderTest.ftpTest()'><b>ftpTest</b><br>Test class: ru.vachok.networker.net.libswork.RegRuFTPLibsUploaderTest</td>
<td></td>
<td>4</td>
<td>RegRuFTPLibsUploader{ftpClient=null}</td></tr>
<tr>
<td title='ru.vachok.networker.net.monitor.KudrWorkTimeTest.getExecution$$COPY()'><b>getExecution$$COPY</b><br>Test class: ru.vachok.networker.net.monitor.KudrWorkTimeTest</td>
<td></td>
<td>0</td>
<td>ru.vachok.networker.net.monitor.KudrWorkTimeTest@289778cd</td></tr>
<tr>
<td title='ru.vachok.networker.net.monitor.DiapazonScanTest.isOldFilesExistsTest()'><b>isOldFilesExistsTest</b><br>Test class: ru.vachok.networker.net.monitor.DiapazonScanTest</td>
<td></td>
<td>0</td>
<td>ru.vachok.networker.net.monitor.DiapazonScanTest@30501e60</td></tr>
<tr>
<td title='ru.vachok.networker.net.monitor.KudrWorkTimeTest.kudrMonitorTest()'><b>kudrMonitorTest</b><br>Test class: ru.vachok.networker.net.monitor.KudrWorkTimeTest</td>
<td></td>
<td>1</td>
<td>ru.vachok.networker.net.monitor.KudrWorkTimeTest@289778cd</td></tr>
<tr>
<td title='ru.vachok.networker.restapi.props.DBPropsCallableTest.localFind()'><b>localFind</b><br>Test class: ru.vachok.networker.restapi.props.DBPropsCallableTest</td>
<td></td>
<td>0</td>
<td>ru.vachok.networker.restapi.props.DBPropsCallableTest@22367b8</td></tr>
<tr>
<td title='ru.vachok.networker.mailserver.testserver.MailPOPTesterTest.logFileReader()'><b>logFileReader</b><br>Test class: ru.vachok.networker.mailserver.testserver.MailPOPTesterTest</td>
<td></td>
<td>2</td>
<td>ru.vachok.networker.mailserver.testserver.MailPOPTesterTest@280e8a1a</td></tr>
<tr>
<td title='ru.vachok.networker.net.monitor.DiapazonScanTest.makeFilesMapTest()'><b>makeFilesMapTest</b><br>Test class: ru.vachok.networker.net.monitor.DiapazonScanTest</td>
<td></td>
<td>0</td>
<td>ru.vachok.networker.net.monitor.DiapazonScanTest@30501e60</td></tr>
<tr>
<td title='ru.vachok.networker.AppInfoOnLoadTest.onePCMonStart()'><b>onePCMonStart</b><br>Test class: ru.vachok.networker.AppInfoOnLoadTest</td>
<td></td>
<td>0</td>
<td>ru.vachok.networker.AppInfoOnLoadTest@58e92c23</td></tr>
<tr>
<td title='ru.vachok.networker.net.monitor.NetMonitorPTVTests.ptvIfBigTest()'><b>ptvIfBigTest</b><br>Test class: ru.vachok.networker.net.monitor.NetMonitorPTVTests</td>
<td></td>
<td>0</td>
<td>ru.vachok.networker.net.monitor.NetMonitorPTVTests@7495699f</td></tr>
<tr>
<td title='ru.vachok.networker.AppInfoOnLoadTest.realRun()'><b>realRun</b><br>Test class: ru.vachok.networker.AppInfoOnLoadTest</td>
<td></td>
<td>5</td>
<td>ru.vachok.networker.AppInfoOnLoadTest@58e92c23</td></tr>
<tr>
<td title='ru.vachok.networker.net.monitor.DiapazonScanTest.scanFilesTest()'><b>scanFilesTest</b><br>Test class: ru.vachok.networker.net.monitor.DiapazonScanTest</td>
<td></td>
<td>0</td>
<td>ru.vachok.networker.net.monitor.DiapazonScanTest@30501e60</td></tr>
<tr>
<td title='ru.vachok.networker.accesscontrol.sshactions.TemporaryFullInternetTest.sshChecker$$Copy()'><b>sshChecker$$Copy</b><br>Test class: ru.vachok.networker.accesscontrol.sshactions.TemporaryFullInternetTest</td>
<td></td>
<td>1</td>
<td>ru.vachok.networker.accesscontrol.sshactions.TemporaryFullInternetTest@35fb22a9</td></tr>
<tr>
<td title='ru.vachok.networker.controller.ActDirectoryCTRLTest.testAdFoto()'><b>testAdFoto</b><br>Test class: ru.vachok.networker.controller.ActDirectoryCTRLTest</td>
<td></td>
<td>0</td>
<td>ru.vachok.networker.controller.ActDirectoryCTRLTest@f4cfd90</td></tr>
<tr>
<td title='ru.vachok.networker.AppComponentsTest.testAdSrv()'><b>testAdSrv</b><br>Test class: ru.vachok.networker.AppComponentsTest</td>
<td></td>
<td>0</td>
<td>ru.vachok.networker.AppComponentsTest@4b2d44bc</td></tr>
<tr>
<td title='ru.vachok.networker.controller.UserWebCTRLTest.testAdSrvForUser()'><b>testAdSrvForUser</b><br>Test class: ru.vachok.networker.controller.UserWebCTRLTest</td>
<td></td>
<td>0</td>
<td>ru.vachok.networker.controller.UserWebCTRLTest@7ea08277</td></tr>
<tr>
<td title='ru.vachok.networker.controller.ActDirectoryCTRLTest.testAdUsersComps()'><b>testAdUsersComps</b><br>Test class: ru.vachok.networker.controller.ActDirectoryCTRLTest</td>
<td></td>
<td>0</td>
<td>ru.vachok.networker.controller.ActDirectoryCTRLTest@f4cfd90</td></tr>
<tr>
<td title='ru.vachok.networker.accesscontrol.sshactions.SshActsTest.testAllowDomainAdd()'><b>testAllowDomainAdd</b><br>Test class: ru.vachok.networker.accesscontrol.sshactions.SshActsTest</td>
<td></td>
<td>0</td>
<td>ru.vachok.networker.accesscontrol.sshactions.SshActsTest@363f0ba0</td></tr>
<tr>
<td title='ru.vachok.networker.accesscontrol.sshactions.SshActsTest.testAllowDomainDel()'><b>testAllowDomainDel</b><br>Test class: ru.vachok.networker.accesscontrol.sshactions.SshActsTest</td>
<td></td>
<td>0</td>
<td>ru.vachok.networker.accesscontrol.sshactions.SshActsTest@363f0ba0</td></tr>
<tr>
<td title='ru.vachok.networker.controller.SshActsCTRLTest.testAllowPOST()'><b>testAllowPOST</b><br>Test class: ru.vachok.networker.controller.SshActsCTRLTest</td>
<td></td>
<td>0</td>
<td>ru.vachok.networker.controller.SshActsCTRLTest@29528a22</td></tr>
<tr>
<td title='ru.vachok.networker.fileworks.FileSystemWorkerTest.testAppendObjectToFile()'><b>testAppendObjectToFile</b><br>Test class: ru.vachok.networker.fileworks.FileSystemWorkerTest</td>
<td></td>
<td>0</td>
<td>ru.vachok.networker.fileworks.FileSystemWorkerTest@b965857</td></tr>
<tr>
<td title='ru.vachok.networker.restapi.message.DBMessengerTest.testAsSingle()'><b>testAsSingle</b><br>Test class: ru.vachok.networker.restapi.message.DBMessengerTest</td>
<td></td>
<td>0</td>
<td>ru.vachok.networker.restapi.message.DBMessengerTest@40298285</td></tr>
<tr>
<td title='ru.vachok.networker.accesscontrol.common.OldBigFilesInfoCollectorTest.testCall()'><b>testCall</b><br>Test class: ru.vachok.networker.accesscontrol.common.OldBigFilesInfoCollectorTest</td>
<td></td>
<td>0</td>
<td>ru.vachok.networker.accesscontrol.common.OldBigFilesInfoCollectorTest@681adc8f</td></tr>
<tr>
<td title='ru.vachok.networker.restapi.props.DBPropsCallableTest.testCall()'><b>testCall</b><br>Test class: ru.vachok.networker.restapi.props.DBPropsCallableTest</td>
<td></td>
<td>0</td>
<td>ru.vachok.networker.restapi.props.DBPropsCallableTest@22367b8</td></tr>
<tr>
<td title='ru.vachok.networker.services.TimeCheckerTest.testCall()'><b>testCall</b><br>Test class: ru.vachok.networker.services.TimeCheckerTest</td>
<td></td>
<td>0</td>
<td>ru.vachok.networker.services.TimeCheckerTest@1fcf9739</td></tr>
<tr>
<td title='ru.vachok.networker.ad.ADSrvTest.testCheckCommonRightsForUserName()'><b>testCheckCommonRightsForUserName</b><br>Test class: ru.vachok.networker.ad.ADSrvTest</td>
<td></td>
<td>0</td>
<td>ru.vachok.networker.ad.ADSrvTest@1e008f36</td></tr>
<tr>
<td title='ru.vachok.networker.net.scanner.NetScannerSvcTest.testCheckMapSizeAndDoAction()'><b>testCheckMapSizeAndDoAction</b><br>Test class: ru.vachok.networker.net.scanner.NetScannerSvcTest</td>
<td></td>
<td>0</td>
<td>ru.vachok.networker.net.scanner.NetScannerSvcTest@74abbb</td></tr>
<tr>
<td title='ru.vachok.networker.sysinfo.ServiceInfoCtrlTest.testCloseApp()'><b>testCloseApp</b><br>Test class: ru.vachok.networker.sysinfo.ServiceInfoCtrlTest</td>
<td></td>
<td>0</td>
<td>ru.vachok.networker.sysinfo.ServiceInfoCtrlTest@1cb37ee4</td></tr>
<tr>
<td title='ru.vachok.networker.accesscontrol.common.CommonCTRLTest.testCommonGET()'><b>testCommonGET</b><br>Test class: ru.vachok.networker.accesscontrol.common.CommonCTRLTest</td>
<td></td>
<td>0</td>
<td>ru.vachok.networker.accesscontrol.common.CommonCTRLTest@b016b4e</td></tr>
<tr>
<td title='ru.vachok.networker.accesscontrol.common.CommonCTRLTest.testCommonSearch()'><b>testCommonSearch</b><br>Test class: ru.vachok.networker.accesscontrol.common.CommonCTRLTest</td>
<td></td>
<td>0</td>
<td>ru.vachok.networker.accesscontrol.common.CommonCTRLTest@b016b4e</td></tr>
<tr>
<td title='ru.vachok.networker.AppComponentsTest.testConnection()'><b>testConnection</b><br>Test class: ru.vachok.networker.AppComponentsTest</td>
<td></td>
<td>0</td>
<td>ru.vachok.networker.AppComponentsTest@4b2d44bc</td></tr>
<tr>
<td title='ru.vachok.networker.fileworks.FileSystemWorkerTest.testCopyOrDelFile()'><b>testCopyOrDelFile</b><br>Test class: ru.vachok.networker.fileworks.FileSystemWorkerTest</td>
<td></td>
<td>0</td>
<td>ru.vachok.networker.fileworks.FileSystemWorkerTest@b965857</td></tr>
<tr>
<td title='ru.vachok.networker.services.SimpleCalculatorTest.testCountDoubles()'><b>testCountDoubles</b><br>Test class: ru.vachok.networker.services.SimpleCalculatorTest</td>
<td></td>
<td>0</td>
<td>ru.vachok.networker.services.SimpleCalculatorTest@6482eef</td></tr>
<tr>
<td title='ru.vachok.networker.fileworks.FileSystemWorkerTest.testCountStringsInFile()'><b>testCountStringsInFile</b><br>Test class: ru.vachok.networker.fileworks.FileSystemWorkerTest</td>
<td></td>
<td>7</td>
<td>ru.vachok.networker.fileworks.FileSystemWorkerTest@b965857</td></tr>
<tr>
<td title='ru.vachok.networker.AbstractNetworkerFactoryTest.testCreateNetMonitorFactory()'><b>testCreateNetMonitorFactory</b><br>Test class: ru.vachok.networker.AbstractNetworkerFactoryTest</td>
<td></td>
<td>0</td>
<td>ru.vachok.networker.AbstractNetworkerFactoryTest@376e7531</td></tr>
<tr>
<td title='ru.vachok.networker.AbstractNetworkerFactoryTest.testCreateSSHFactory()'><b>testCreateSSHFactory</b><br>Test class: ru.vachok.networker.AbstractNetworkerFactoryTest</td>
<td></td>
<td>0</td>
<td>ru.vachok.networker.AbstractNetworkerFactoryTest@376e7531</td></tr>
<tr>
<td title='ru.vachok.networker.controller.SshActsCTRLTest.testDelDomPOST()'><b>testDelDomPOST</b><br>Test class: ru.vachok.networker.controller.SshActsCTRLTest</td>
<td></td>
<td>0</td>
<td>ru.vachok.networker.controller.SshActsCTRLTest@29528a22</td></tr>
<tr>
<td title='ru.vachok.networker.restapi.props.DBPropsCallableTest.testDelProps()'><b>testDelProps</b><br>Test class: ru.vachok.networker.restapi.props.DBPropsCallableTest</td>
<td></td>
<td>0</td>
<td>ru.vachok.networker.restapi.props.DBPropsCallableTest@22367b8</td></tr>
<tr>
<td title='ru.vachok.networker.restapi.props.FilePropsLocalTest.testDelProps()'><b>testDelProps</b><br>Test class: ru.vachok.networker.restapi.props.FilePropsLocalTest</td>
<td></td>
<td>0</td>
<td>ru.vachok.networker.restapi.props.FilePropsLocalTest@41b0ae4c</td></tr>
<tr>
<td title='ru.vachok.networker.fileworks.FileSystemWorkerTest.testDelTemp()'><b>testDelTemp</b><br>Test class: ru.vachok.networker.fileworks.FileSystemWorkerTest</td>
<td></td>
<td>0</td>
<td>ru.vachok.networker.fileworks.FileSystemWorkerTest@b965857</td></tr>
<tr>
<td title='ru.vachok.networker.AppComponentsTest.testDiapazonedScanInfo()'><b>testDiapazonedScanInfo</b><br>Test class: ru.vachok.networker.AppComponentsTest</td>
<td></td>
<td>0</td>
<td>ru.vachok.networker.AppComponentsTest@4b2d44bc</td></tr>
<tr>
<td title='ru.vachok.networker.SSHFactoryTest.testDirectCall()'><b>testDirectCall</b><br>Test class: ru.vachok.networker.SSHFactoryTest</td>
<td></td>
<td>0</td>
<td>ru.vachok.networker.SSHFactoryTest@26f7cdf8</td></tr>
<tr>
<td title='ru.vachok.networker.exe.ThreadConfigTest.testDumpToFile()'><b>testDumpToFile</b><br>Test class: ru.vachok.networker.exe.ThreadConfigTest</td>
<td></td>
<td>0</td>
<td>ru.vachok.networker.exe.ThreadConfigTest@6401d0a0</td></tr>
<tr>
<td title='ru.vachok.networker.controller.ErrCtrTest.testErrHandle()'><b>testErrHandle</b><br>Test class: ru.vachok.networker.controller.ErrCtrTest</td>
<td></td>
<td>0</td>
<td>ru.vachok.networker.controller.ErrCtrTest@5fc930f0</td></tr>
<tr>
<td title='ru.vachok.networker.fileworks.FileSystemWorkerTest.testError()'><b>testError</b><br>Test class: ru.vachok.networker.fileworks.FileSystemWorkerTest</td>
<td></td>
<td>0</td>
<td>ru.vachok.networker.fileworks.FileSystemWorkerTest@b965857</td></tr>
<tr>
<td title='ru.vachok.networker.exe.ThreadConfigTest.testExecByThreadConfig()'><b>testExecByThreadConfig</b><br>Test class: ru.vachok.networker.exe.ThreadConfigTest</td>
<td></td>
<td>0</td>
<td>ru.vachok.networker.exe.ThreadConfigTest@6401d0a0</td></tr>
<tr>
<td title='ru.vachok.networker.mailserver.ExSRVTest.testFileAsStrings()'><b>testFileAsStrings</b><br>Test class: ru.vachok.networker.mailserver.ExSRVTest</td>
<td></td>
<td>0</td>
<td>ru.vachok.networker.mailserver.ExSRVTest@27a7ef08</td></tr>
<tr>
<td title='ru.vachok.networker.ad.user.DataBaseADUsersSRVTest.testFileParser()'><b>testFileParser</b><br>Test class: ru.vachok.networker.ad.user.DataBaseADUsersSRVTest</td>
<td></td>
<td>0</td>
<td>ru.vachok.networker.ad.user.DataBaseADUsersSRVTest@184dbacc</td></tr>
<tr>
<td title='ru.vachok.networker.ad.ADSrvTest.testFromADUsersList()'><b>testFromADUsersList</b><br>Test class: ru.vachok.networker.ad.ADSrvTest</td>
<td></td>
<td>0</td>
<td>ru.vachok.networker.ad.ADSrvTest@1e008f36</td></tr>
<tr>
<td title='ru.vachok.networker.ad.ADSrvTest.testGetAdComputer()'><b>testGetAdComputer</b><br>Test class: ru.vachok.networker.ad.ADSrvTest</td>
<td></td>
<td>0</td>
<td>ru.vachok.networker.ad.ADSrvTest@1e008f36</td></tr>
<tr>
<td title='ru.vachok.networker.ad.PhotoConverterSRVTest.testGetAdFotoFile()'><b>testGetAdFotoFile</b><br>Test class: ru.vachok.networker.ad.PhotoConverterSRVTest</td>
<td></td>
<td>0</td>
<td>ru.vachok.networker.ad.PhotoConverterSRVTest@3cae7b8b</td></tr>
<tr>
<td title='ru.vachok.networker.ad.ADSrvTest.testGetAdUser()'><b>testGetAdUser</b><br>Test class: ru.vachok.networker.ad.ADSrvTest</td>
<td></td>
<td>0</td>
<td>ru.vachok.networker.ad.ADSrvTest@1e008f36</td></tr>
<tr>
<td title='ru.vachok.networker.ad.user.DataBaseADUsersSRVTest.testGetAdUsers()'><b>testGetAdUsers</b><br>Test class: ru.vachok.networker.ad.user.DataBaseADUsersSRVTest</td>
<td></td>
<td>0</td>
<td>ru.vachok.networker.ad.user.DataBaseADUsersSRVTest@184dbacc</td></tr>
<tr>
<td title='ru.vachok.networker.abstr.NetKeeperTest.testGetAllDevices()'><b>testGetAllDevices</b><br>Test class: ru.vachok.networker.abstr.NetKeeperTest</td>
<td></td>
<td>0</td>
<td>ru.vachok.networker.abstr.NetKeeperTest@23202c31</td></tr>
<tr>
<td title='ru.vachok.networker.AppInfoOnLoadTest.testGetBuildStamp()'><b>testGetBuildStamp</b><br>Test class: ru.vachok.networker.AppInfoOnLoadTest</td>
<td></td>
<td>0</td>
<td>ru.vachok.networker.AppInfoOnLoadTest@58e92c23</td></tr>
<tr>
<td title='ru.vachok.networker.abstr.NetKeeperTest.testGetCurrentScanFiles()'><b>testGetCurrentScanFiles</b><br>Test class: ru.vachok.networker.abstr.NetKeeperTest</td>
<td></td>
<td>0</td>
<td>ru.vachok.networker.abstr.NetKeeperTest@23202c31</td></tr>
<tr>
<td title='ru.vachok.networker.abstr.NetKeeperTest.testGetCurrentScanLists()'><b>testGetCurrentScanLists</b><br>Test class: ru.vachok.networker.abstr.NetKeeperTest</td>
<td></td>
<td>0</td>
<td>ru.vachok.networker.abstr.NetKeeperTest@23202c31</td></tr>
<tr>
<td title='ru.vachok.networker.restapi.database.DataConnectToAdapterTest.testGetDataSource()'><b>testGetDataSource</b><br>Test class: ru.vachok.networker.restapi.database.DataConnectToAdapterTest</td>
<td></td>
<td>0</td>
<td>ru.vachok.networker.restapi.database.DataConnectToAdapterTest@2dddc1b9</td></tr>
<tr>
<td title='ru.vachok.networker.accesscontrol.common.OldBigFilesInfoCollectorTest.testGetDate()'><b>testGetDate</b><br>Test class: ru.vachok.networker.accesscontrol.common.OldBigFilesInfoCollectorTest</td>
<td></td>
<td>0</td>
<td>ru.vachok.networker.accesscontrol.common.OldBigFilesInfoCollectorTest@681adc8f</td></tr>
<tr>
<td title='ru.vachok.networker.restapi.database.RegRuMysqlLocTest.testGetDefaultConnection()'><b>testGetDefaultConnection</b><br>Test class: ru.vachok.networker.restapi.database.RegRuMysqlLocTest</td>
<td></td>
<td>0</td>
<td>ru.vachok.networker.restapi.database.RegRuMysqlLocTest@65a5d4f9</td></tr>
<tr>
<td title='ru.vachok.networker.ad.ADSrvTest.testGetDetails()'><b>testGetDetails</b><br>Test class: ru.vachok.networker.ad.ADSrvTest</td>
<td></td>
<td>33</td>
<td>ru.vachok.networker.ad.ADSrvTest@1e008f36</td></tr>
<tr>
<td title='ru.vachok.networker.controller.ErrCtrTest.testGetErrorPath()'><b>testGetErrorPath</b><br>Test class: ru.vachok.networker.controller.ErrCtrTest</td>
<td></td>
<td>0</td>
<td>ru.vachok.networker.controller.ErrCtrTest@5fc930f0</td></tr>
<tr>
<td title='ru.vachok.networker.net.monitor.PCMonitoringTest.testGetExecution()'><b>testGetExecution</b><br>Test class: ru.vachok.networker.net.monitor.PCMonitoringTest</td>
<td></td>
<td>0</td>
<td>ru.vachok.networker.net.monitor.PCMonitoringTest@7c2312fa</td></tr>
<tr>
<td title='ru.vachok.networker.net.scanner.ScanOnlineTest.testGetExecution()'><b>testGetExecution</b><br>Test class: ru.vachok.networker.net.scanner.ScanOnlineTest</td>
<td></td>
<td>0</td>
<td>ru.vachok.networker.net.scanner.ScanOnlineTest@64a4dd8d</td></tr>
<tr>
<td title='ru.vachok.networker.net.scanner.ScanOnlineTest.testGetFileMAXOnlines()'><b>testGetFileMAXOnlines</b><br>Test class: ru.vachok.networker.net.scanner.ScanOnlineTest</td>
<td></td>
<td>0</td>
<td>ru.vachok.networker.net.scanner.ScanOnlineTest@64a4dd8d</td></tr>
<tr>
<td title='ru.vachok.networker.AbstractNetworkerFactoryTest.testGetFilesFactory()'><b>testGetFilesFactory</b><br>Test class: ru.vachok.networker.AbstractNetworkerFactoryTest</td>
<td></td>
<td>0</td>
<td>ru.vachok.networker.AbstractNetworkerFactoryTest@376e7531</td></tr>
<tr>
<td title='ru.vachok.networker.controller.FileCleanerCTRLTest.testGetFilesInfo()'><b>testGetFilesInfo</b><br>Test class: ru.vachok.networker.controller.FileCleanerCTRLTest</td>
<td></td>
<td>0</td>
<td>ru.vachok.networker.controller.FileCleanerCTRLTest@3701e6e4</td></tr>
<tr>
<td title='ru.vachok.networker.controller.MatrixCtrTest.testGetFirst()'><b>testGetFirst</b><br>Test class: ru.vachok.networker.controller.MatrixCtrTest</td>
<td></td>
<td>0</td>
<td>ru.vachok.networker.controller.MatrixCtrTest@c6634d</td></tr>
<tr>
<td title='ru.vachok.networker.exe.ThreadConfigTest.testGetI()'><b>testGetI</b><br>Test class: ru.vachok.networker.exe.ThreadConfigTest</td>
<td></td>
<td>0</td>
<td>ru.vachok.networker.exe.ThreadConfigTest@6401d0a0</td></tr>
<tr>
<td title='ru.vachok.networker.restapi.database.DataConnectToAdapterTest.testGetI()'><b>testGetI</b><br>Test class: ru.vachok.networker.restapi.database.DataConnectToAdapterTest</td>
<td></td>
<td>0</td>
<td>ru.vachok.networker.restapi.database.DataConnectToAdapterTest@2dddc1b9</td></tr>
<tr>
<td title='ru.vachok.networker.AppInfoOnLoadTest.testGetIISLogSize()'><b>testGetIISLogSize</b><br>Test class: ru.vachok.networker.AppInfoOnLoadTest</td>
<td></td>
<td>0</td>
<td>ru.vachok.networker.AppInfoOnLoadTest@58e92c23</td></tr>
<tr>
<td title='ru.vachok.networker.exe.schedule.WeekStatsTest.testGetInetStats()'><b>testGetInetStats</b><br>Test class: ru.vachok.networker.exe.schedule.WeekStatsTest</td>
<td></td>
<td>0</td>
<td>ru.vachok.networker.exe.schedule.WeekStatsTest@71dfcf21</td></tr>
<tr>
<td title='ru.vachok.networker.info.PageFooterTest.testGetInfoAbout()'><b>testGetInfoAbout</b><br>Test class: ru.vachok.networker.info.PageFooterTest</td>
<td></td>
<td>0</td>
<td>ru.vachok.networker.info.PageFooterTest@61f80d55</td></tr>
<tr>
<td title='ru.vachok.networker.AbstractNetworkerFactoryTest.testGetInfoFactory()'><b>testGetInfoFactory</b><br>Test class: ru.vachok.networker.AbstractNetworkerFactoryTest</td>
<td></td>
<td>0</td>
<td>ru.vachok.networker.AbstractNetworkerFactoryTest@376e7531</td></tr>
<tr>
<td title='ru.vachok.networker.controller.CalculateCTRLTest.testGetM()'><b>testGetM</b><br>Test class: ru.vachok.networker.controller.CalculateCTRLTest</td>
<td></td>
<td>0</td>
<td>ru.vachok.networker.controller.CalculateCTRLTest@301aa982</td></tr>
<tr>
<td title='ru.vachok.networker.AppComponentsTest.testGetMailProps()'><b>testGetMailProps</b><br>Test class: ru.vachok.networker.AppComponentsTest</td>
<td></td>
<td>0</td>
<td>ru.vachok.networker.AppComponentsTest@4b2d44bc</td></tr>
<tr>
<td title='ru.vachok.networker.controller.AnketaKonfetaCRTLTest.testGetMapForAnketa()'><b>testGetMapForAnketa</b><br>Test class: ru.vachok.networker.controller.AnketaKonfetaCRTLTest</td>
<td></td>
<td>0</td>
<td>ru.vachok.networker.controller.AnketaKonfetaCRTLTest@7ae9a33a</td></tr>
<tr>
<td title='ru.vachok.networker.net.monitor.KudrWorkTimeTest.testGetMapOfConditionsTypeNameTypeCondition()'><b>testGetMapOfConditionsTypeNameTypeCondition</b><br>Test class: ru.vachok.networker.net.monitor.KudrWorkTimeTest</td>
<td></td>
<td>0</td>
<td>ru.vachok.networker.net.monitor.KudrWorkTimeTest@289778cd</td></tr>
<tr>
<td title='ru.vachok.networker.net.monitor.PCMonitoringTest.testGetMonitoringRunnable()'><b>testGetMonitoringRunnable</b><br>Test class: ru.vachok.networker.net.monitor.PCMonitoringTest</td>
<td></td>
<td>0</td>
<td>ru.vachok.networker.net.monitor.PCMonitoringTest@7c2312fa</td></tr>
<tr>
<td title='ru.vachok.networker.net.scanner.ScanOnlineTest.testGetMonitoringRunnable()'><b>testGetMonitoringRunnable</b><br>Test class: ru.vachok.networker.net.scanner.ScanOnlineTest</td>
<td></td>
<td>0</td>
<td>ru.vachok.networker.net.scanner.ScanOnlineTest@64a4dd8d</td></tr>
<tr>
<td title='ru.vachok.networker.abstr.NetKeeperTest.testGetNetworkPCs()'><b>testGetNetworkPCs</b><br>Test class: ru.vachok.networker.abstr.NetKeeperTest</td>
<td></td>
<td>0</td>
<td>ru.vachok.networker.abstr.NetKeeperTest@23202c31</td></tr>
<tr>
<td title='ru.vachok.networker.services.MyCalenTest.testGetNextDay()'><b>testGetNextDay</b><br>Test class: ru.vachok.networker.services.MyCalenTest</td>
<td></td>
<td>0</td>
<td>ru.vachok.networker.services.MyCalenTest@af9a89f</td></tr>
<tr>
<td title='ru.vachok.networker.services.MyCalenTest.testGetNextDayofWeek()'><b>testGetNextDayofWeek</b><br>Test class: ru.vachok.networker.services.MyCalenTest</td>
<td></td>
<td>0</td>
<td>ru.vachok.networker.services.MyCalenTest@af9a89f</td></tr>
<tr>
<td title='ru.vachok.networker.abstr.NetKeeperTest.testGetOnePcMonitor()'><b>testGetOnePcMonitor</b><br>Test class: ru.vachok.networker.abstr.NetKeeperTest</td>
<td></td>
<td>0</td>
<td>ru.vachok.networker.abstr.NetKeeperTest@23202c31</td></tr>
<tr>
<td title='ru.vachok.networker.net.scanner.ScanOnlineTest.testGetOnlinesFile()'><b>testGetOnlinesFile</b><br>Test class: ru.vachok.networker.net.scanner.ScanOnlineTest</td>
<td></td>
<td>0</td>
<td>ru.vachok.networker.net.scanner.ScanOnlineTest@64a4dd8d</td></tr>
<tr>
<td title='ru.vachok.networker.exe.schedule.WeekStatsTest.testGetPCStats()'><b>testGetPCStats</b><br>Test class: ru.vachok.networker.exe.schedule.WeekStatsTest</td>
<td></td>
<td>4</td>
<td>ru.vachok.networker.exe.schedule.WeekStatsTest@71dfcf21</td></tr>
<tr>
<td title='ru.vachok.networker.AppComponentsTest.testGetPFLists()'><b>testGetPFLists</b><br>Test class: ru.vachok.networker.AppComponentsTest</td>
<td></td>
<td>0</td>
<td>ru.vachok.networker.AppComponentsTest@4b2d44bc</td></tr>
<tr>
<td title='ru.vachok.networker.net.monitor.KudrWorkTimeTest.testGetPingResultStr()'><b>testGetPingResultStr</b><br>Test class: ru.vachok.networker.net.monitor.KudrWorkTimeTest</td>
<td></td>
<td>0</td>
<td>ru.vachok.networker.net.monitor.KudrWorkTimeTest@289778cd</td></tr>
<tr>
<td title='ru.vachok.networker.net.monitor.PCMonitoringTest.testGetPingResultStr()'><b>testGetPingResultStr</b><br>Test class: ru.vachok.networker.net.monitor.PCMonitoringTest</td>
<td></td>
<td>0</td>
<td>ru.vachok.networker.net.monitor.PCMonitoringTest@7c2312fa</td></tr>
<tr>
<td title='ru.vachok.networker.net.scanner.ScanOnlineTest.testGetPingResultStr()'><b>testGetPingResultStr</b><br>Test class: ru.vachok.networker.net.scanner.ScanOnlineTest</td>
<td></td>
<td>0</td>
<td>ru.vachok.networker.net.scanner.ScanOnlineTest@64a4dd8d</td></tr>
<tr>
<td title='ru.vachok.networker.AppComponentsTest.testGetProps()'><b>testGetProps</b><br>Test class: ru.vachok.networker.AppComponentsTest</td>
<td></td>
<td>0</td>
<td>ru.vachok.networker.AppComponentsTest@4b2d44bc</td></tr>
<tr>
<td title='ru.vachok.networker.restapi.props.DBPropsCallableTest.testGetProps()'><b>testGetProps</b><br>Test class: ru.vachok.networker.restapi.props.DBPropsCallableTest</td>
<td></td>
<td>0</td>
<td>ru.vachok.networker.restapi.props.DBPropsCallableTest@22367b8</td></tr>
<tr>
<td title='ru.vachok.networker.restapi.props.FilePropsLocalTest.testGetProps()'><b>testGetProps</b><br>Test class: ru.vachok.networker.restapi.props.FilePropsLocalTest</td>
<td></td>
<td>0</td>
<td>ru.vachok.networker.restapi.props.FilePropsLocalTest@41b0ae4c</td></tr>
<tr>
<td title='ru.vachok.networker.services.SimpleCalculatorTest.testGetQuery()'><b>testGetQuery</b><br>Test class: ru.vachok.networker.services.SimpleCalculatorTest</td>
<td></td>
<td>0</td>
<td>ru.vachok.networker.services.SimpleCalculatorTest@6482eef</td></tr>
<tr>
<td title='ru.vachok.networker.restapi.database.DataConnectToAdapterTest.testGetRegRuMysqlLibConnection()'><b>testGetRegRuMysqlLibConnection</b><br>Test class: ru.vachok.networker.restapi.database.DataConnectToAdapterTest</td>
<td></td>
<td>0</td>
<td>ru.vachok.networker.restapi.database.DataConnectToAdapterTest@2dddc1b9</td></tr>
<tr>
<td title='ru.vachok.networker.restapi.props.DBPropsCallableTest.testGetRegSourceForProperties()'><b>testGetRegSourceForProperties</b><br>Test class: ru.vachok.networker.restapi.props.DBPropsCallableTest</td>
<td></td>
<td>0</td>
<td>ru.vachok.networker.restapi.props.DBPropsCallableTest@22367b8</td></tr>
<tr>
<td title='ru.vachok.networker.net.scanner.ScanOnlineTest.testGetReplaceFileNamePattern()'><b>testGetReplaceFileNamePattern</b><br>Test class: ru.vachok.networker.net.scanner.ScanOnlineTest</td>
<td></td>
<td>0</td>
<td>ru.vachok.networker.net.scanner.ScanOnlineTest@64a4dd8d</td></tr>
<tr>
<td title='ru.vachok.networker.AbstractNetworkerFactoryTest.testGetSSHFactory()'><b>testGetSSHFactory</b><br>Test class: ru.vachok.networker.AbstractNetworkerFactoryTest</td>
<td></td>
<td>0</td>
<td>ru.vachok.networker.AbstractNetworkerFactoryTest@376e7531</td></tr>
<tr>
<td title='ru.vachok.networker.restapi.database.DataConnectToAdapterTest.testGetSavepoint()'><b>testGetSavepoint</b><br>Test class: ru.vachok.networker.restapi.database.DataConnectToAdapterTest</td>
<td></td>
<td>0</td>
<td>ru.vachok.networker.restapi.database.DataConnectToAdapterTest@2dddc1b9</td></tr>
<tr>
<td title='ru.vachok.networker.abstr.NetKeeperTest.testGetScanFiles()'><b>testGetScanFiles</b><br>Test class: ru.vachok.networker.abstr.NetKeeperTest</td>
<td></td>
<td>0</td>
<td>ru.vachok.networker.abstr.NetKeeperTest@23202c31</td></tr>
<tr>
<td title='ru.vachok.networker.services.SimpleCalculatorTest.testGetStampFromDate()'><b>testGetStampFromDate</b><br>Test class: ru.vachok.networker.services.SimpleCalculatorTest</td>
<td></td>
<td>0</td>
<td>ru.vachok.networker.services.SimpleCalculatorTest@6482eef</td></tr>
<tr>
<td title='ru.vachok.networker.accesscontrol.common.OldBigFilesInfoCollectorTest.testGetStartPath()'><b>testGetStartPath</b><br>Test class: ru.vachok.networker.accesscontrol.common.OldBigFilesInfoCollectorTest</td>
<td></td>
<td>0</td>
<td>ru.vachok.networker.accesscontrol.common.OldBigFilesInfoCollectorTest@681adc8f</td></tr>
<tr>
<td title='ru.vachok.networker.net.monitor.KudrWorkTimeTest.testGetStatistics()'><b>testGetStatistics</b><br>Test class: ru.vachok.networker.net.monitor.KudrWorkTimeTest</td>
<td></td>
<td>0</td>
<td>ru.vachok.networker.net.monitor.KudrWorkTimeTest@289778cd</td></tr>
<tr>
<td title='ru.vachok.networker.net.monitor.PCMonitoringTest.testGetStatistics()'><b>testGetStatistics</b><br>Test class: ru.vachok.networker.net.monitor.PCMonitoringTest</td>
<td></td>
<td>0</td>
<td>ru.vachok.networker.net.monitor.PCMonitoringTest@7c2312fa</td></tr>
<tr>
<td title='ru.vachok.networker.net.scanner.ScanOnlineTest.testGetStatistics()'><b>testGetStatistics</b><br>Test class: ru.vachok.networker.net.scanner.ScanOnlineTest</td>
<td></td>
<td>0</td>
<td>ru.vachok.networker.net.scanner.ScanOnlineTest@64a4dd8d</td></tr>
<tr>
<td title='ru.vachok.networker.net.scanner.ScanOnlineTest.testGetStatistics()'><b>testGetStatistics</b><br>Test class: ru.vachok.networker.net.scanner.ScanOnlineTest</td>
<td></td>
<td>0</td>
<td>ru.vachok.networker.net.scanner.ScanOnlineTest@64a4dd8d</td></tr>
<tr>
<td title='ru.vachok.networker.net.scanner.ScanOnlineTest.testGetStatistics()'><b>testGetStatistics</b><br>Test class: ru.vachok.networker.net.scanner.ScanOnlineTest</td>
<td></td>
<td>0</td>
<td>ru.vachok.networker.net.scanner.ScanOnlineTest@64a4dd8d</td></tr>
<tr>
<td title='ru.vachok.networker.net.scanner.ScanOnlineTest.testGetStatistics()'><b>testGetStatistics</b><br>Test class: ru.vachok.networker.net.scanner.ScanOnlineTest</td>
<td></td>
<td>0</td>
<td>ru.vachok.networker.net.scanner.ScanOnlineTest@64a4dd8d</td></tr>
<tr>
<td title='ru.vachok.networker.net.scanner.ScanOnlineTest.testGetStatistics()'><b>testGetStatistics</b><br>Test class: ru.vachok.networker.net.scanner.ScanOnlineTest</td>
<td></td>
<td>0</td>
<td>ru.vachok.networker.net.scanner.ScanOnlineTest@64a4dd8d</td></tr>
<tr>
<td title='ru.vachok.networker.exe.ThreadConfigTest.testGetTaskExecutor()'><b>testGetTaskExecutor</b><br>Test class: ru.vachok.networker.exe.ThreadConfigTest</td>
<td></td>
<td>0</td>
<td>ru.vachok.networker.exe.ThreadConfigTest@6401d0a0</td></tr>
<tr>
<td title='ru.vachok.networker.exe.ThreadConfigTest.testGetTaskScheduler()'><b>testGetTaskScheduler</b><br>Test class: ru.vachok.networker.exe.ThreadConfigTest</td>
<td></td>
<td>0</td>
<td>ru.vachok.networker.exe.ThreadConfigTest@6401d0a0</td></tr>
<tr>
<td title='ru.vachok.networker.net.scanner.NetScannerSvcTest.testGetThePc()'><b>testGetThePc</b><br>Test class: ru.vachok.networker.net.scanner.NetScannerSvcTest</td>
<td></td>
<td>0</td>
<td>ru.vachok.networker.net.scanner.NetScannerSvcTest@74abbb</td></tr>
<tr>
<td title='ru.vachok.networker.services.MyCalenTest.testGetThisDay()'><b>testGetThisDay</b><br>Test class: ru.vachok.networker.services.MyCalenTest</td>
<td></td>
<td>0</td>
<td>ru.vachok.networker.services.MyCalenTest@af9a89f</td></tr>
<tr>
<td title='ru.vachok.networker.AppInfoOnLoadTest.testGetThisDelay()'><b>testGetThisDelay</b><br>Test class: ru.vachok.networker.AppInfoOnLoadTest</td>
<td></td>
<td>0</td>
<td>ru.vachok.networker.AppInfoOnLoadTest@58e92c23</td></tr>
<tr>
<td title='ru.vachok.networker.net.scanner.ScanOnlineTest.testGetTimeToEndStr()'><b>testGetTimeToEndStr</b><br>Test class: ru.vachok.networker.net.scanner.ScanOnlineTest</td>
<td></td>
<td>0</td>
<td>ru.vachok.networker.net.scanner.ScanOnlineTest@64a4dd8d</td></tr>
<tr>
<td title='ru.vachok.networker.accesscontrol.inetstats.InetUserPCNameTest.testGetUsage()'><b>testGetUsage</b><br>Test class: ru.vachok.networker.accesscontrol.inetstats.InetUserPCNameTest</td>
<td></td>
<td>33</td>
<td>ru.vachok.networker.accesscontrol.inetstats.InetUserPCNameTest@8ff5094</td></tr>
<tr>
<td title='ru.vachok.networker.ad.ADSrvTest.testGetUserInputRaw()'><b>testGetUserInputRaw</b><br>Test class: ru.vachok.networker.ad.ADSrvTest</td>
<td></td>
<td>0</td>
<td>ru.vachok.networker.ad.ADSrvTest@1e008f36</td></tr>
<tr>
<td title='ru.vachok.networker.AppComponentsTest.testGetUserPref()'><b>testGetUserPref</b><br>Test class: ru.vachok.networker.AppComponentsTest</td>
<td></td>
<td>0</td>
<td>ru.vachok.networker.AppComponentsTest@4b2d44bc</td></tr>
<tr>
<td title='ru.vachok.networker.AppComponentsTest.testGetUserResolver()'><b>testGetUserResolver</b><br>Test class: ru.vachok.networker.AppComponentsTest</td>
<td></td>
<td>17</td>
<td>ru.vachok.networker.AppComponentsTest@4b2d44bc</td></tr>
<tr>
<td title='ru.vachok.networker.ExitAppTest.testGetVisitsMap()'><b>testGetVisitsMap</b><br>Test class: ru.vachok.networker.ExitAppTest</td>
<td></td>
<td>0</td>
<td>ru.vachok.networker.ExitAppTest@3e7545e8</td></tr>
<tr>
<td title='ru.vachok.networker.controller.MatrixCtrTest.testGetWorkPosition()'><b>testGetWorkPosition</b><br>Test class: ru.vachok.networker.controller.MatrixCtrTest</td>
<td></td>
<td>0</td>
<td>ru.vachok.networker.controller.MatrixCtrTest@c6634d</td></tr>
<tr>
<td title='ru.vachok.networker.sysinfo.ServiceInfoCtrlTest.testInfoMapping()'><b>testInfoMapping</b><br>Test class: ru.vachok.networker.sysinfo.ServiceInfoCtrlTest</td>
<td></td>
<td>0</td>
<td>ru.vachok.networker.sysinfo.ServiceInfoCtrlTest@1cb37ee4</td></tr>
<tr>
<td title='ru.vachok.networker.sysinfo.ServiceInfoCtrlTest.testInfoMappingCOPY()'><b>testInfoMappingCOPY</b><br>Test class: ru.vachok.networker.sysinfo.ServiceInfoCtrlTest</td>
<td></td>
<td>0</td>
<td>ru.vachok.networker.sysinfo.ServiceInfoCtrlTest@1cb37ee4</td></tr>
<tr>
<td title='ru.vachok.networker.AppComponentsTest.testIpFlushDNS()'><b>testIpFlushDNS</b><br>Test class: ru.vachok.networker.AppComponentsTest</td>
<td></td>
<td>0</td>
<td>ru.vachok.networker.AppComponentsTest@4b2d44bc</td></tr>
<tr>
<td title='ru.vachok.networker.net.monitor.KudrWorkTimeTest.testIsReach()'><b>testIsReach</b><br>Test class: ru.vachok.networker.net.monitor.KudrWorkTimeTest</td>
<td></td>
<td>0</td>
<td>ru.vachok.networker.net.monitor.KudrWorkTimeTest@289778cd</td></tr>
<tr>
<td title='ru.vachok.networker.net.monitor.PCMonitoringTest.testIsReach()'><b>testIsReach</b><br>Test class: ru.vachok.networker.net.monitor.PCMonitoringTest</td>
<td></td>
<td>0</td>
<td>ru.vachok.networker.net.monitor.PCMonitoringTest@7c2312fa</td></tr>
<tr>
<td title='ru.vachok.networker.net.monitor.PingerFromFileTest.testIsReach()'><b>testIsReach</b><br>Test class: ru.vachok.networker.net.monitor.PingerFromFileTest</td>
<td></td>
<td>0</td>
<td>ru.vachok.networker.net.monitor.PingerFromFileTest@4cb0a000</td></tr>
<tr>
<td title='ru.vachok.networker.net.scanner.ScanOnlineTest.testIsReach()'><b>testIsReach</b><br>Test class: ru.vachok.networker.net.scanner.ScanOnlineTest</td>
<td></td>
<td>0</td>
<td>ru.vachok.networker.net.scanner.ScanOnlineTest@64a4dd8d</td></tr>
<tr>
<td title='ru.vachok.networker.exe.ThreadConfigTest.testKillAll()'><b>testKillAll</b><br>Test class: ru.vachok.networker.exe.ThreadConfigTest</td>
<td></td>
<td>0</td>
<td>ru.vachok.networker.exe.ThreadConfigTest@6401d0a0</td></tr>
<tr>
<td title='ru.vachok.networker.AppComponentsTest.testLaunchRegRuFTPLibsUploader()'><b>testLaunchRegRuFTPLibsUploader</b><br>Test class: ru.vachok.networker.AppComponentsTest</td>
<td></td>
<td>0</td>
<td>ru.vachok.networker.AppComponentsTest@4b2d44bc</td></tr>
<tr>
<td title='ru.vachok.networker.AppComponentsTest.testLoadPropsAndWriteToFile()'><b>testLoadPropsAndWriteToFile</b><br>Test class: ru.vachok.networker.AppComponentsTest</td>
<td></td>
<td>0</td>
<td>ru.vachok.networker.AppComponentsTest@4b2d44bc</td></tr>
<tr>
<td title='ru.vachok.networker.abstr.NetKeeperTest.testMakeFilesMap()'><b>testMakeFilesMap</b><br>Test class: ru.vachok.networker.abstr.NetKeeperTest</td>
<td></td>
<td>0</td>
<td>ru.vachok.networker.abstr.NetKeeperTest@23202c31</td></tr>
<tr>
<td title='ru.vachok.networker.controller.ShowAllDevCTRLTest.testModel()'><b>testModel</b><br>Test class: ru.vachok.networker.controller.ShowAllDevCTRLTest</td>
<td></td>
<td>0</td>
<td>ru.vachok.networker.controller.ShowAllDevCTRLTest@31133b6e</td></tr>
<tr>
<td title='ru.vachok.networker.controller.ShowAllDevCTRLTest.testModel()'><b>testModel</b><br>Test class: ru.vachok.networker.controller.ShowAllDevCTRLTest</td>
<td></td>
<td>0</td>
<td>ru.vachok.networker.controller.ShowAllDevCTRLTest@31133b6e</td></tr>
<tr>
<td title='ru.vachok.networker.controller.ShowAllDevCTRLTest.testModel()'><b>testModel</b><br>Test class: ru.vachok.networker.controller.ShowAllDevCTRLTest</td>
<td></td>
<td>0</td>
<td>ru.vachok.networker.controller.ShowAllDevCTRLTest@31133b6e</td></tr>
<tr>
<td title='ru.vachok.networker.controller.ShowAllDevCTRLTest.testModel()'><b>testModel</b><br>Test class: ru.vachok.networker.controller.ShowAllDevCTRLTest</td>
<td></td>
<td>0</td>
<td>ru.vachok.networker.controller.ShowAllDevCTRLTest@31133b6e</td></tr>
<tr>
<td title='ru.vachok.networker.controller.ShowAllDevCTRLTest.testModel()'><b>testModel</b><br>Test class: ru.vachok.networker.controller.ShowAllDevCTRLTest</td>
<td></td>
<td>0</td>
<td>ru.vachok.networker.controller.ShowAllDevCTRLTest@31133b6e</td></tr>
<tr>
<td title='ru.vachok.networker.net.scanner.NetScanCtrTest.testNetScan()'><b>testNetScan</b><br>Test class: ru.vachok.networker.net.scanner.NetScanCtrTest</td>
<td></td>
<td>0</td>
<td>ru.vachok.networker.net.scanner.NetScanCtrTest@5ff2e84b</td></tr>
<tr>
<td title='ru.vachok.networker.AbstractNetworkerFactoryTest.testNetScanServiceFactory()'><b>testNetScanServiceFactory</b><br>Test class: ru.vachok.networker.AbstractNetworkerFactoryTest</td>
<td></td>
<td>0</td>
<td>ru.vachok.networker.AbstractNetworkerFactoryTest@376e7531</td></tr>
<tr>
<td title='ru.vachok.networker.AppComponentsTest.testNetScannerSvc()'><b>testNetScannerSvc</b><br>Test class: ru.vachok.networker.AppComponentsTest</td>
<td></td>
<td>0</td>
<td>ru.vachok.networker.AppComponentsTest@4b2d44bc</td></tr>
<tr>
<td title='ru.vachok.networker.controller.NoHupOutTest.testNoHupGet()'><b>testNoHupGet</b><br>Test class: ru.vachok.networker.controller.NoHupOutTest</td>
<td></td>
<td>0</td>
<td>ru.vachok.networker.controller.NoHupOutTest@65f58c6e</td></tr>
<tr>
<td title='ru.vachok.networker.sysinfo.ServiceInfoCtrlTest.testOffPC()'><b>testOffPC</b><br>Test class: ru.vachok.networker.sysinfo.ServiceInfoCtrlTest</td>
<td></td>
<td>0</td>
<td>ru.vachok.networker.sysinfo.ServiceInfoCtrlTest@1cb37ee4</td></tr>
<tr>
<td title='ru.vachok.networker.controller.OkCTRLTest.testOkStr()'><b>testOkStr</b><br>Test class: ru.vachok.networker.controller.OkCTRLTest</td>
<td></td>
<td>0</td>
<td>ru.vachok.networker.controller.OkCTRLTest@784c5ef5</td></tr>
<tr>
<td title='ru.vachok.networker.fileworks.FileSystemWorkerTest.testPackFiles()'><b>testPackFiles</b><br>Test class: ru.vachok.networker.fileworks.FileSystemWorkerTest</td>
<td></td>
<td>0</td>
<td>ru.vachok.networker.fileworks.FileSystemWorkerTest@b965857</td></tr>
<tr>
<td title='ru.vachok.networker.controller.SshActsCTRLTest.testParseReq()'><b>testParseReq</b><br>Test class: ru.vachok.networker.controller.SshActsCTRLTest</td>
<td></td>
<td>0</td>
<td>ru.vachok.networker.controller.SshActsCTRLTest@29528a22</td></tr>
<tr>
<td title='ru.vachok.networker.net.scanner.NetScanCtrTest.testPcNameForInfo()'><b>testPcNameForInfo</b><br>Test class: ru.vachok.networker.net.scanner.NetScanCtrTest</td>
<td></td>
<td>0</td>
<td>ru.vachok.networker.net.scanner.NetScanCtrTest@5ff2e84b</td></tr>
<tr>
<td title='ru.vachok.networker.net.scanner.NetScanCtrTest.testPingAddr()'><b>testPingAddr</b><br>Test class: ru.vachok.networker.net.scanner.NetScanCtrTest</td>
<td></td>
<td>0</td>
<td>ru.vachok.networker.net.scanner.NetScanCtrTest@5ff2e84b</td></tr>
<tr>
<td title='ru.vachok.networker.net.monitor.PingerFromFileTest.testPingDev()'><b>testPingDev</b><br>Test class: ru.vachok.networker.net.monitor.PingerFromFileTest</td>
<td></td>
<td>0</td>
<td>ru.vachok.networker.net.monitor.PingerFromFileTest@4cb0a000</td></tr>
<tr>
<td title='ru.vachok.networker.net.monitor.KudrWorkTimeTest.testPingDevices()'><b>testPingDevices</b><br>Test class: ru.vachok.networker.net.monitor.KudrWorkTimeTest</td>
<td></td>
<td>0</td>
<td>ru.vachok.networker.net.monitor.KudrWorkTimeTest@289778cd</td></tr>
<tr>
<td title='ru.vachok.networker.net.scanner.ScanOnlineTest.testPingDevices()'><b>testPingDevices</b><br>Test class: ru.vachok.networker.net.scanner.ScanOnlineTest</td>
<td></td>
<td>0</td>
<td>ru.vachok.networker.net.scanner.ScanOnlineTest@64a4dd8d</td></tr>
<tr>
<td title='ru.vachok.networker.net.scanner.NetScanCtrTest.testPingPost()'><b>testPingPost</b><br>Test class: ru.vachok.networker.net.scanner.NetScanCtrTest</td>
<td></td>
<td>0</td>
<td>ru.vachok.networker.net.scanner.NetScanCtrTest@5ff2e84b</td></tr>
<tr>
<td title='ru.vachok.networker.controller.AnketaKonfetaCRTLTest.testPostAnketa()'><b>testPostAnketa</b><br>Test class: ru.vachok.networker.controller.AnketaKonfetaCRTLTest</td>
<td></td>
<td>0</td>
<td>ru.vachok.networker.controller.AnketaKonfetaCRTLTest@7ae9a33a</td></tr>
<tr>
<td title='ru.vachok.networker.controller.FileCleanerCTRLTest.testPostFile()'><b>testPostFile</b><br>Test class: ru.vachok.networker.controller.FileCleanerCTRLTest</td>
<td></td>
<td>0</td>
<td>ru.vachok.networker.controller.FileCleanerCTRLTest@3701e6e4</td></tr>
<tr>
<td title='ru.vachok.networker.ad.PhotoConverterSRVTest.testPsCommands()'><b>testPsCommands</b><br>Test class: ru.vachok.networker.ad.PhotoConverterSRVTest</td>
<td></td>
<td>0</td>
<td>ru.vachok.networker.ad.PhotoConverterSRVTest@3cae7b8b</td></tr>
<tr>
<td title='ru.vachok.networker.accesscontrol.common.CommonSRVTest.testReStoreDir()'><b>testReStoreDir</b><br>Test class: ru.vachok.networker.accesscontrol.common.CommonSRVTest</td>
<td></td>
<td>4</td>
<td>ru.vachok.networker.accesscontrol.common.CommonSRVTest@29629fbb</td></tr>
<tr>
<td title='ru.vachok.networker.fileworks.FileSystemWorkerTest.testReadFile()'><b>testReadFile</b><br>Test class: ru.vachok.networker.fileworks.FileSystemWorkerTest</td>
<td></td>
<td>0</td>
<td>ru.vachok.networker.fileworks.FileSystemWorkerTest@b965857</td></tr>
<tr>
<td title='ru.vachok.networker.fileworks.FileSystemWorkerTest.testReadFileToList()'><b>testReadFileToList</b><br>Test class: ru.vachok.networker.fileworks.FileSystemWorkerTest</td>
<td></td>
<td>0</td>
<td>ru.vachok.networker.fileworks.FileSystemWorkerTest@b965857</td></tr>
<tr>
<td title='ru.vachok.networker.fileworks.FileSystemWorkerTest.testReadFileToQueue()'><b>testReadFileToQueue</b><br>Test class: ru.vachok.networker.fileworks.FileSystemWorkerTest</td>
<td></td>
<td>0</td>
<td>ru.vachok.networker.fileworks.FileSystemWorkerTest@b965857</td></tr>
<tr>
<td title='ru.vachok.networker.fileworks.FileSystemWorkerTest.testReadFileToSet()'><b>testReadFileToSet</b><br>Test class: ru.vachok.networker.fileworks.FileSystemWorkerTest</td>
<td></td>
<td>0</td>
<td>ru.vachok.networker.fileworks.FileSystemWorkerTest@b965857</td></tr>
<tr>
<td title='ru.vachok.networker.controller.OdinAssSyncCTRLTest.testResetForm()'><b>testResetForm</b><br>Test class: ru.vachok.networker.controller.OdinAssSyncCTRLTest</td>
<td></td>
<td>0</td>
<td>ru.vachok.networker.controller.OdinAssSyncCTRLTest@4ba380c7</td></tr>
<tr>
<td title='ru.vachok.networker.accesscontrol.common.usermanagement.ConcreteFolderACLWriterTest.testRun()'><b>testRun</b><br>Test class: ru.vachok.networker.accesscontrol.common.usermanagement.ConcreteFolderACLWriterTest</td>
<td></td>
<td>0</td>
<td>ru.vachok.networker.accesscontrol.common.usermanagement.ConcreteFolderACLWriterTest@3506d826</td></tr>
<tr>
<td title='ru.vachok.networker.ad.ADSrvTest.testRun()'><b>testRun</b><br>Test class: ru.vachok.networker.ad.ADSrvTest</td>
<td></td>
<td>0</td>
<td>ru.vachok.networker.ad.ADSrvTest@1e008f36</td></tr>
<tr>
<td title='ru.vachok.networker.ad.PCUserResolverTest.testRun()'><b>testRun</b><br>Test class: ru.vachok.networker.ad.PCUserResolverTest</td>
<td></td>
<td>0</td>
<td>ru.vachok.networker.ad.PCUserResolverTest@50acf55d</td></tr>
<tr>
<td title='ru.vachok.networker.exe.schedule.MailIISLogsCleanerTest.testRun()'><b>testRun</b><br>Test class: ru.vachok.networker.exe.schedule.MailIISLogsCleanerTest</td>
<td></td>
<td>0</td>
<td>ru.vachok.networker.exe.schedule.MailIISLogsCleanerTest@4ce14f05</td></tr>
<tr>
<td title='ru.vachok.networker.net.monitor.DiapazonScanTest.testRun()'><b>testRun</b><br>Test class: ru.vachok.networker.net.monitor.DiapazonScanTest</td>
<td></td>
<td>0</td>
<td>ru.vachok.networker.net.monitor.DiapazonScanTest@30501e60</td></tr>
<tr>
<td title='ru.vachok.networker.net.monitor.NetMonitorPTVTests.testRun()'><b>testRun</b><br>Test class: ru.vachok.networker.net.monitor.NetMonitorPTVTests</td>
<td></td>
<td>1</td>
<td>ru.vachok.networker.net.monitor.NetMonitorPTVTests@7495699f</td></tr>
<tr>
<td title='ru.vachok.networker.net.monitor.PingerFromFileTest.testRun()'><b>testRun</b><br>Test class: ru.vachok.networker.net.monitor.PingerFromFileTest</td>
<td></td>
<td>3</td>
<td>ru.vachok.networker.net.monitor.PingerFromFileTest@4cb0a000</td></tr>
<tr>
<td title='ru.vachok.networker.net.scanner.ScanOnlineTest.testRun()'><b>testRun</b><br>Test class: ru.vachok.networker.net.scanner.ScanOnlineTest</td>
<td></td>
<td>0</td>
<td>ru.vachok.networker.net.scanner.ScanOnlineTest@64a4dd8d</td></tr>
<tr>
<td title='ru.vachok.networker.accesscontrol.sshactions.TemporaryFullInternetTest.testRunCheck()'><b>testRunCheck</b><br>Test class: ru.vachok.networker.accesscontrol.sshactions.TemporaryFullInternetTest</td>
<td></td>
<td>0</td>
<td>ru.vachok.networker.accesscontrol.sshactions.TemporaryFullInternetTest@35fb22a9</td></tr>
<tr>
<td title='ru.vachok.networker.accesscontrol.sshactions.TemporaryFullInternetTest.testRunFromMonitors()'><b>testRunFromMonitors</b><br>Test class: ru.vachok.networker.accesscontrol.sshactions.TemporaryFullInternetTest</td>
<td></td>
<td>0</td>
<td>ru.vachok.networker.accesscontrol.sshactions.TemporaryFullInternetTest@35fb22a9</td></tr>
<tr>
<td title='ru.vachok.networker.componentsrepo.server.TelnetServerTest.testRunSocket()'><b>testRunSocket</b><br>Test class: ru.vachok.networker.componentsrepo.server.TelnetServerTest</td>
<td></td>
<td>0</td>
<td>ru.vachok.networker.componentsrepo.server.TelnetServerTest@359ff4d9</td></tr>
<tr>
<td title='ru.vachok.networker.AppComponentsTest.testSaveLogsToDB()'><b>testSaveLogsToDB</b><br>Test class: ru.vachok.networker.AppComponentsTest</td>
<td></td>
<td>1</td>
<td>ru.vachok.networker.AppComponentsTest@4b2d44bc</td></tr>
<tr>
<td title='ru.vachok.networker.AppComponentsTest.testScanOnline()'><b>testScanOnline</b><br>Test class: ru.vachok.networker.AppComponentsTest</td>
<td></td>
<td>0</td>
<td>ru.vachok.networker.AppComponentsTest@4b2d44bc</td></tr>
<tr>
<td title='ru.vachok.networker.net.scanner.ScanOnlineTest.testScanOnlineLastBigger()'><b>testScanOnlineLastBigger</b><br>Test class: ru.vachok.networker.net.scanner.ScanOnlineTest</td>
<td></td>
<td>0</td>
<td>ru.vachok.networker.net.scanner.ScanOnlineTest@64a4dd8d</td></tr>
<tr>
<td title='ru.vachok.networker.accesscontrol.MatrixSRVTest.testSearchAccessPrincipals()'><b>testSearchAccessPrincipals</b><br>Test class: ru.vachok.networker.accesscontrol.MatrixSRVTest</td>
<td></td>
<td>0</td>
<td>ru.vachok.networker.accesscontrol.MatrixSRVTest@5782d777</td></tr>
<tr>
<td title='ru.vachok.networker.accesscontrol.common.CommonSRVTest.testSearchByPat()'><b>testSearchByPat</b><br>Test class: ru.vachok.networker.accesscontrol.common.CommonSRVTest</td>
<td></td>
<td>3</td>
<td>ru.vachok.networker.accesscontrol.common.CommonSRVTest@29629fbb</td></tr>
<tr>
<td title='ru.vachok.networker.controller.MatrixCtrTest.testSetCurrentProvider()'><b>testSetCurrentProvider</b><br>Test class: ru.vachok.networker.controller.MatrixCtrTest</td>
<td></td>
<td>0</td>
<td>ru.vachok.networker.controller.MatrixCtrTest@c6634d</td></tr>
<tr>
<td title='ru.vachok.networker.accesscontrol.common.OldBigFilesInfoCollectorTest.testSetDate()'><b>testSetDate</b><br>Test class: ru.vachok.networker.accesscontrol.common.OldBigFilesInfoCollectorTest</td>
<td></td>
<td>0</td>
<td>ru.vachok.networker.accesscontrol.common.OldBigFilesInfoCollectorTest@681adc8f</td></tr>
<tr>
<td title='ru.vachok.networker.info.PageFooterTest.testSetInfo()'><b>testSetInfo</b><br>Test class: ru.vachok.networker.info.PageFooterTest</td>
<td></td>
<td>0</td>
<td>ru.vachok.networker.info.PageFooterTest@61f80d55</td></tr>
<tr>
<td title='ru.vachok.networker.restapi.props.DBPropsCallableTest.testSetProps()'><b>testSetProps</b><br>Test class: ru.vachok.networker.restapi.props.DBPropsCallableTest</td>
<td></td>
<td>0</td>
<td>ru.vachok.networker.restapi.props.DBPropsCallableTest@22367b8</td></tr>
<tr>
<td title='ru.vachok.networker.restapi.props.FilePropsLocalTest.testSetProps()'><b>testSetProps</b><br>Test class: ru.vachok.networker.restapi.props.FilePropsLocalTest</td>
<td></td>
<td>0</td>
<td>ru.vachok.networker.restapi.props.FilePropsLocalTest@41b0ae4c</td></tr>
<tr>
<td title='ru.vachok.networker.services.SimpleCalculatorTest.testSetQuery()'><b>testSetQuery</b><br>Test class: ru.vachok.networker.services.SimpleCalculatorTest</td>
<td></td>
<td>0</td>
<td>ru.vachok.networker.services.SimpleCalculatorTest@6482eef</td></tr>
<tr>
<td title='ru.vachok.networker.restapi.database.DataConnectToAdapterTest.testSetSavepoint()'><b>testSetSavepoint</b><br>Test class: ru.vachok.networker.restapi.database.DataConnectToAdapterTest</td>
<td></td>
<td>0</td>
<td>ru.vachok.networker.restapi.database.DataConnectToAdapterTest@2dddc1b9</td></tr>
<tr>
<td title='ru.vachok.networker.net.scanner.NetScannerSvcTest.testSetThePc()'><b>testSetThePc</b><br>Test class: ru.vachok.networker.net.scanner.NetScannerSvcTest</td>
<td></td>
<td>0</td>
<td>ru.vachok.networker.net.scanner.NetScannerSvcTest@74abbb</td></tr>
<tr>
<td title='ru.vachok.networker.ad.ADSrvTest.testSetUserInputRaw()'><b>testSetUserInputRaw</b><br>Test class: ru.vachok.networker.ad.ADSrvTest</td>
<td></td>
<td>0</td>
<td>ru.vachok.networker.ad.ADSrvTest@1e008f36</td></tr>
<tr>
<td title='ru.vachok.networker.ad.ADSrvTest.testShowADPCList()'><b>testShowADPCList</b><br>Test class: ru.vachok.networker.ad.ADSrvTest</td>
<td></td>
<td>0</td>
<td>ru.vachok.networker.ad.ADSrvTest@1e008f36</td></tr>
<tr>
<td title='ru.vachok.networker.accesscontrol.inetstats.InetUserPCNameTest.testShowLog()'><b>testShowLog</b><br>Test class: ru.vachok.networker.accesscontrol.inetstats.InetUserPCNameTest</td>
<td></td>
<td>0</td>
<td>ru.vachok.networker.accesscontrol.inetstats.InetUserPCNameTest@8ff5094</td></tr>
<tr>
<td title='ru.vachok.networker.controller.MatrixCtrTest.testShowResults()'><b>testShowResults</b><br>Test class: ru.vachok.networker.controller.MatrixCtrTest</td>
<td></td>
<td>0</td>
<td>ru.vachok.networker.controller.MatrixCtrTest@c6634d</td></tr>
<tr>
<td title='ru.vachok.networker.AppComponentsTest.testSimpleCalculator()'><b>testSimpleCalculator</b><br>Test class: ru.vachok.networker.AppComponentsTest</td>
<td></td>
<td>0</td>
<td>ru.vachok.networker.AppComponentsTest@4b2d44bc</td></tr>
<tr>
<td title='ru.vachok.networker.AppComponentsTest.testSshActs()'><b>testSshActs</b><br>Test class: ru.vachok.networker.AppComponentsTest</td>
<td></td>
<td>0</td>
<td>ru.vachok.networker.AppComponentsTest@4b2d44bc</td></tr>
<tr>
<td title='ru.vachok.networker.controller.SshActsCTRLTest.testSshActsGET()'><b>testSshActsGET</b><br>Test class: ru.vachok.networker.controller.SshActsCTRLTest</td>
<td></td>
<td>0</td>
<td>ru.vachok.networker.controller.SshActsCTRLTest@29528a22</td></tr>
<tr>
<td title='ru.vachok.networker.controller.SshActsCTRLTest.testSshActsPOST()'><b>testSshActsPOST</b><br>Test class: ru.vachok.networker.controller.SshActsCTRLTest</td>
<td></td>
<td>0</td>
<td>ru.vachok.networker.controller.SshActsCTRLTest@29528a22</td></tr>
<tr>
<td title='ru.vachok.networker.controller.SshActsCTRLTest.testTempFullInetAccess()'><b>testTempFullInetAccess</b><br>Test class: ru.vachok.networker.controller.SshActsCTRLTest</td>
<td></td>
<td>0</td>
<td>ru.vachok.networker.controller.SshActsCTRLTest@29528a22</td></tr>
<tr>
<td title='ru.vachok.networker.AppComponentsTest.testTemporaryFullInternet()'><b>testTemporaryFullInternet</b><br>Test class: ru.vachok.networker.AppComponentsTest</td>
<td></td>
<td>0</td>
<td>ru.vachok.networker.AppComponentsTest@4b2d44bc</td></tr>
<tr>
<td title='ru.vachok.networker.AppComponentsTest.testTestToString()'><b>testTestToString</b><br>Test class: ru.vachok.networker.AppComponentsTest</td>
<td></td>
<td>0</td>
<td>ru.vachok.networker.AppComponentsTest@4b2d44bc</td></tr>
<tr>
<td title='ru.vachok.networker.ExitAppTest.testTestToString()'><b>testTestToString</b><br>Test class: ru.vachok.networker.ExitAppTest</td>
<td></td>
<td>0</td>
<td>ru.vachok.networker.ExitAppTest@3e7545e8</td></tr>
<tr>
<td title='ru.vachok.networker.SSHFactoryTest.testTestToString()'><b>testTestToString</b><br>Test class: ru.vachok.networker.SSHFactoryTest</td>
<td></td>
<td>0</td>
<td>ru.vachok.networker.SSHFactoryTest@26f7cdf8</td></tr>
<tr>
<td title='ru.vachok.networker.accesscontrol.PfListsTest.testTestToString()'><b>testTestToString</b><br>Test class: ru.vachok.networker.accesscontrol.PfListsTest</td>
<td></td>
<td>0</td>
<td>ru.vachok.networker.accesscontrol.PfListsTest@4f824872</td></tr>
<tr>
<td title='ru.vachok.networker.accesscontrol.common.OldBigFilesInfoCollectorTest.testTestToString()'><b>testTestToString</b><br>Test class: ru.vachok.networker.accesscontrol.common.OldBigFilesInfoCollectorTest</td>
<td></td>
<td>0</td>
<td>ru.vachok.networker.accesscontrol.common.OldBigFilesInfoCollectorTest@681adc8f</td></tr>
<tr>
<td title='ru.vachok.networker.ad.ADSrvTest.testTestToString()'><b>testTestToString</b><br>Test class: ru.vachok.networker.ad.ADSrvTest</td>
<td></td>
<td>0</td>
<td>ru.vachok.networker.ad.ADSrvTest@1e008f36</td></tr>
<tr>
<td title='ru.vachok.networker.ad.user.DataBaseADUsersSRVTest.testTestToString()'><b>testTestToString</b><br>Test class: ru.vachok.networker.ad.user.DataBaseADUsersSRVTest</td>
<td></td>
<td>0</td>
<td>ru.vachok.networker.ad.user.DataBaseADUsersSRVTest@184dbacc</td></tr>
<tr>
<td title='ru.vachok.networker.ad.user.ADUserTest.testTestToString()'><b>testTestToString</b><br>Test class: ru.vachok.networker.ad.user.ADUserTest</td>
<td></td>
<td>0</td>
<td>ru.vachok.networker.ad.user.ADUserTest@2aeefcc</td></tr>
<tr>
<td title='ru.vachok.networker.componentsrepo.server.TelnetServerTest.testTestToString()'><b>testTestToString</b><br>Test class: ru.vachok.networker.componentsrepo.server.TelnetServerTest</td>
<td></td>
<td>0</td>
<td>ru.vachok.networker.componentsrepo.server.TelnetServerTest@359ff4d9</td></tr>
<tr>
<td title='ru.vachok.networker.controller.ErrCtrTest.testTestToString()'><b>testTestToString</b><br>Test class: ru.vachok.networker.controller.ErrCtrTest</td>
<td></td>
<td>0</td>
<td>ru.vachok.networker.controller.ErrCtrTest@5fc930f0</td></tr>
<tr>
<td title='ru.vachok.networker.controller.FileCleanerCTRLTest.testTestToString()'><b>testTestToString</b><br>Test class: ru.vachok.networker.controller.FileCleanerCTRLTest</td>
<td></td>
<td>0</td>
<td>ru.vachok.networker.controller.FileCleanerCTRLTest@3701e6e4</td></tr>
<tr>
<td title='ru.vachok.networker.controller.NoHupOutTest.testTestToString()'><b>testTestToString</b><br>Test class: ru.vachok.networker.controller.NoHupOutTest</td>
<td></td>
<td>0</td>
<td>ru.vachok.networker.controller.NoHupOutTest@65f58c6e</td></tr>
<tr>
<td title='ru.vachok.networker.controller.OKMakerTest.testTestToString()'><b>testTestToString</b><br>Test class: ru.vachok.networker.controller.OKMakerTest</td>
<td></td>
<td>0</td>
<td>ru.vachok.networker.controller.OKMakerTest@73ad7e90</td></tr>
<tr>
<td title='ru.vachok.networker.controller.OdinAssSyncCTRLTest.testTestToString()'><b>testTestToString</b><br>Test class: ru.vachok.networker.controller.OdinAssSyncCTRLTest</td>
<td></td>
<td>0</td>
<td>ru.vachok.networker.controller.OdinAssSyncCTRLTest@4ba380c7</td></tr>
<tr>
<td title='ru.vachok.networker.controller.UserWebCTRLTest.testTestToString()'><b>testTestToString</b><br>Test class: ru.vachok.networker.controller.UserWebCTRLTest</td>
<td></td>
<td>0</td>
<td>ru.vachok.networker.controller.UserWebCTRLTest@7ea08277</td></tr>
<tr>
<td title='ru.vachok.networker.info.PageFooterTest.testTestToString()'><b>testTestToString</b><br>Test class: ru.vachok.networker.info.PageFooterTest</td>
<td></td>
<td>0</td>
<td>ru.vachok.networker.info.PageFooterTest@61f80d55</td></tr>
<tr>
<td title='ru.vachok.networker.net.monitor.KudrWorkTimeTest.testTestToString()'><b>testTestToString</b><br>Test class: ru.vachok.networker.net.monitor.KudrWorkTimeTest</td>
<td></td>
<td>0</td>
<td>ru.vachok.networker.net.monitor.KudrWorkTimeTest@289778cd</td></tr>
<tr>
<td title='ru.vachok.networker.net.scanner.NetScannerSvcTest.testTestToString()'><b>testTestToString</b><br>Test class: ru.vachok.networker.net.scanner.NetScannerSvcTest</td>
<td></td>
<td>0</td>
<td>ru.vachok.networker.net.scanner.NetScannerSvcTest@74abbb</td></tr>
<tr>
<td title='ru.vachok.networker.sysinfo.ServiceInfoCtrlTest.testTestToString()'><b>testTestToString</b><br>Test class: ru.vachok.networker.sysinfo.ServiceInfoCtrlTest</td>
<td></td>
<td>0</td>
<td>ru.vachok.networker.sysinfo.ServiceInfoCtrlTest@1cb37ee4</td></tr>
<tr>
<td title='ru.vachok.networker.systray.actions.ActionMakeInfoAboutOldCommonFilesTest.testTestToString()'><b>testTestToString</b><br>Test class: ru.vachok.networker.systray.actions.ActionMakeInfoAboutOldCommonFilesTest</td>
<td></td>
<td>0</td>
<td>ru.vachok.networker.systray.actions.ActionMakeInfoAboutOldCommonFilesTest@5bcb04cb</td></tr>
<tr>
<td title='ru.vachok.networker.net.monitor.DiapazonScanTest.testTheInfoToString()'><b>testTheInfoToString</b><br>Test class: ru.vachok.networker.net.monitor.DiapazonScanTest</td>
<td></td>
<td>0</td>
<td>ru.vachok.networker.net.monitor.DiapazonScanTest@30501e60</td></tr>
<tr>
<td title='ru.vachok.networker.net.scanner.NetScannerSvcTest.testTheSETOfPCNamesPref()'><b>testTheSETOfPCNamesPref</b><br>Test class: ru.vachok.networker.net.scanner.NetScannerSvcTest</td>
<td></td>
<td>0</td>
<td>ru.vachok.networker.net.scanner.NetScannerSvcTest@74abbb</td></tr>
<tr>
<td title='ru.vachok.networker.net.scanner.NetScannerSvcTest.testTheSETOfPcNames()'><b>testTheSETOfPcNames</b><br>Test class: ru.vachok.networker.net.scanner.NetScannerSvcTest</td>
<td></td>
<td>0</td>
<td>ru.vachok.networker.net.scanner.NetScannerSvcTest@74abbb</td></tr>
<tr>
<td title='ru.vachok.networker.exe.ThreadConfigTest.testThrNameSet()'><b>testThrNameSet</b><br>Test class: ru.vachok.networker.exe.ThreadConfigTest</td>
<td></td>
<td>0</td>
<td>ru.vachok.networker.exe.ThreadConfigTest@6401d0a0</td></tr>
<tr>
<td title='ru.vachok.networker.AppComponentsTest.testThreadConfig()'><b>testThreadConfig</b><br>Test class: ru.vachok.networker.AppComponentsTest</td>
<td></td>
<td>0</td>
<td>ru.vachok.networker.AppComponentsTest@4b2d44bc</td></tr>
<tr>
<td title='ru.vachok.networker.controller.CalculateCTRLTest.testTimeStamp()'><b>testTimeStamp</b><br>Test class: ru.vachok.networker.controller.CalculateCTRLTest</td>
<td></td>
<td>0</td>
<td>ru.vachok.networker.controller.CalculateCTRLTest@301aa982</td></tr>
<tr>
<td title='ru.vachok.networker.restapi.message.DBMessengerTest.testToString()'><b>testToString</b><br>Test class: ru.vachok.networker.restapi.message.DBMessengerTest</td>
<td></td>
<td>0</td>
<td>ru.vachok.networker.restapi.message.DBMessengerTest@40298285</td></tr>
<tr>
<td title='ru.vachok.networker.AppInfoOnLoadTest.testToString1()'><b>testToString1</b><br>Test class: ru.vachok.networker.AppInfoOnLoadTest</td>
<td></td>
<td>0</td>
<td>ru.vachok.networker.AppInfoOnLoadTest@58e92c23</td></tr>
<tr>
<td title='ru.vachok.networker.accesscontrol.common.usermanagement.ConcreteFolderACLWriterTest.testToString1()'><b>testToString1</b><br>Test class: ru.vachok.networker.accesscontrol.common.usermanagement.ConcreteFolderACLWriterTest</td>
<td></td>
<td>0</td>
<td>ru.vachok.networker.accesscontrol.common.usermanagement.ConcreteFolderACLWriterTest@3506d826</td></tr>
<tr>
<td title='ru.vachok.networker.ad.ADComputerTest.testToString1()'><b>testToString1</b><br>Test class: ru.vachok.networker.ad.ADComputerTest</td>
<td></td>
<td>0</td>
<td>ru.vachok.networker.ad.ADComputerTest@6c8909c3</td></tr>
<tr>
<td title='ru.vachok.networker.ad.PhotoConverterSRVTest.testToString1()'><b>testToString1</b><br>Test class: ru.vachok.networker.ad.PhotoConverterSRVTest</td>
<td></td>
<td>0</td>
<td>ru.vachok.networker.ad.PhotoConverterSRVTest@3cae7b8b</td></tr>
<tr>
<td title='ru.vachok.networker.exe.ThreadConfigTest.testToString1()'><b>testToString1</b><br>Test class: ru.vachok.networker.exe.ThreadConfigTest</td>
<td></td>
<td>0</td>
<td>ru.vachok.networker.exe.ThreadConfigTest@6401d0a0</td></tr>
<tr>
<td title='ru.vachok.networker.net.monitor.DiapazonScanTest.testToString1()'><b>testToString1</b><br>Test class: ru.vachok.networker.net.monitor.DiapazonScanTest</td>
<td></td>
<td>0</td>
<td>ru.vachok.networker.net.monitor.DiapazonScanTest@30501e60</td></tr>
<tr>
<td title='ru.vachok.networker.net.monitor.NetMonitorPTVTests.testToString1()'><b>testToString1</b><br>Test class: ru.vachok.networker.net.monitor.NetMonitorPTVTests</td>
<td></td>
<td>2</td>
<td>ru.vachok.networker.net.monitor.NetMonitorPTVTests@7495699f</td></tr>
<tr>
<td title='ru.vachok.networker.net.scanner.ScanOnlineTest.testToString1()'><b>testToString1</b><br>Test class: ru.vachok.networker.net.scanner.ScanOnlineTest</td>
<td></td>
<td>0</td>
<td>ru.vachok.networker.net.scanner.ScanOnlineTest@64a4dd8d</td></tr>
<tr>
<td title='ru.vachok.networker.restapi.database.RegRuMysqlLocTest.testToString1()'><b>testToString1</b><br>Test class: ru.vachok.networker.restapi.database.RegRuMysqlLocTest</td>
<td></td>
<td>0</td>
<td>ru.vachok.networker.restapi.database.RegRuMysqlLocTest@65a5d4f9</td></tr>
<tr>
<td title='ru.vachok.networker.restapi.props.DBPropsCallableTest.testToString1()'><b>testToString1</b><br>Test class: ru.vachok.networker.restapi.props.DBPropsCallableTest</td>
<td></td>
<td>0</td>
<td>ru.vachok.networker.restapi.props.DBPropsCallableTest@22367b8</td></tr>
<tr>
<td title='ru.vachok.networker.services.SimpleCalculatorTest.testToString1()'><b>testToString1</b><br>Test class: ru.vachok.networker.services.SimpleCalculatorTest</td>
<td></td>
<td>0</td>
<td>ru.vachok.networker.services.SimpleCalculatorTest@6482eef</td></tr>
<tr>
<td title='ru.vachok.networker.services.MyCalenTest.testToStringS()'><b>testToStringS</b><br>Test class: ru.vachok.networker.services.MyCalenTest</td>
<td></td>
<td>0</td>
<td>ru.vachok.networker.services.MyCalenTest@af9a89f</td></tr>
<tr>
<td title='ru.vachok.networker.net.scanner.ScanOnlineTest.testToStringTester()'><b>testToStringTester</b><br>Test class: ru.vachok.networker.net.scanner.ScanOnlineTest</td>
<td></td>
<td>0</td>
<td>ru.vachok.networker.net.scanner.ScanOnlineTest@64a4dd8d</td></tr>
<tr>
<td title='ru.vachok.networker.controller.OdinAssSyncCTRLTest.testUploadFiles()'><b>testUploadFiles</b><br>Test class: ru.vachok.networker.controller.OdinAssSyncCTRLTest</td>
<td></td>
<td>0</td>
<td>ru.vachok.networker.controller.OdinAssSyncCTRLTest@4ba380c7</td></tr>
<tr>
<td title='ru.vachok.networker.controller.UserWebCTRLTest.testUserGet()'><b>testUserGet</b><br>Test class: ru.vachok.networker.controller.UserWebCTRLTest</td>
<td></td>
<td>0</td>
<td>ru.vachok.networker.controller.UserWebCTRLTest@7ea08277</td></tr>
<tr>
<td title='ru.vachok.networker.controller.UserWebCTRLTest.testUserPost()'><b>testUserPost</b><br>Test class: ru.vachok.networker.controller.UserWebCTRLTest</td>
<td></td>
<td>0</td>
<td>ru.vachok.networker.controller.UserWebCTRLTest@7ea08277</td></tr>
<tr>
<td title='ru.vachok.networker.ad.ADSrvTest.testUserSetter()'><b>testUserSetter</b><br>Test class: ru.vachok.networker.ad.ADSrvTest</td>
<td></td>
<td>0</td>
<td>ru.vachok.networker.ad.ADSrvTest@1e008f36</td></tr>
<tr>
<td title='ru.vachok.networker.AppComponentsTest.testVersionInfo()'><b>testVersionInfo</b><br>Test class: ru.vachok.networker.AppComponentsTest</td>
<td></td>
<td>0</td>
<td>ru.vachok.networker.AppComponentsTest@4b2d44bc</td></tr>
<tr>
<td title='ru.vachok.networker.controller.OdinAssSyncCTRLTest.testViewPage()'><b>testViewPage</b><br>Test class: ru.vachok.networker.controller.OdinAssSyncCTRLTest</td>
<td></td>
<td>0</td>
<td>ru.vachok.networker.controller.OdinAssSyncCTRLTest@4ba380c7</td></tr>
<tr>
<td title='ru.vachok.networker.AppComponentsTest.testVisitor()'><b>testVisitor</b><br>Test class: ru.vachok.networker.AppComponentsTest</td>
<td></td>
<td>0</td>
<td>ru.vachok.networker.AppComponentsTest@4b2d44bc</td></tr>
<tr>
<td title='ru.vachok.networker.accesscontrol.sshactions.SshActsTest.testWhatSrvNeed()'><b>testWhatSrvNeed</b><br>Test class: ru.vachok.networker.accesscontrol.sshactions.SshActsTest</td>
<td></td>
<td>0</td>
<td>ru.vachok.networker.accesscontrol.sshactions.SshActsTest@363f0ba0</td></tr>
<tr>
<td title='ru.vachok.networker.controller.SshActsCTRLTest.testWhatSrvNeed()'><b>testWhatSrvNeed</b><br>Test class: ru.vachok.networker.controller.SshActsCTRLTest</td>
<td></td>
<td>0</td>
<td>ru.vachok.networker.controller.SshActsCTRLTest@29528a22</td></tr>
<tr>
<td title='ru.vachok.networker.services.WhoIsWithSRVTest.testWhoIs()'><b>testWhoIs</b><br>Test class: ru.vachok.networker.services.WhoIsWithSRVTest</td>
<td></td>
<td>3</td>
<td>ru.vachok.networker.services.WhoIsWithSRVTest@5b498842</td></tr>
<tr>
<td title='ru.vachok.networker.accesscontrol.common.usermanagement.ConcreteFolderACLWriterTest.testWriteACLs()'><b>testWriteACLs</b><br>Test class: ru.vachok.networker.accesscontrol.common.usermanagement.ConcreteFolderACLWriterTest</td>
<td></td>
<td>0</td>
<td>ru.vachok.networker.accesscontrol.common.usermanagement.ConcreteFolderACLWriterTest@3506d826</td></tr>
<tr>
<td title='ru.vachok.networker.fileworks.FileSystemWorkerTest.testWriteFile()'><b>testWriteFile</b><br>Test class: ru.vachok.networker.fileworks.FileSystemWorkerTest</td>
<td></td>
<td>0</td>
<td>ru.vachok.networker.fileworks.FileSystemWorkerTest@b965857</td></tr>
<tr>
<td title='ru.vachok.networker.net.monitor.KudrWorkTimeTest.testWriteLog()'><b>testWriteLog</b><br>Test class: ru.vachok.networker.net.monitor.KudrWorkTimeTest</td>
<td></td>
<td>1</td>
<td>ru.vachok.networker.net.monitor.KudrWorkTimeTest@289778cd</td></tr>
<tr>
<td title='ru.vachok.networker.net.monitor.PCMonitoringTest.testWriteLog()'><b>testWriteLog</b><br>Test class: ru.vachok.networker.net.monitor.PCMonitoringTest</td>
<td></td>
<td>0</td>
<td>ru.vachok.networker.net.monitor.PCMonitoringTest@7c2312fa</td></tr>
<tr>
<td title='ru.vachok.networker.net.scanner.ScanOnlineTest.testWriteLogToFile()'><b>testWriteLogToFile</b><br>Test class: ru.vachok.networker.net.scanner.ScanOnlineTest</td>
<td></td>
<td>0</td>
<td>ru.vachok.networker.net.scanner.ScanOnlineTest@64a4dd8d</td></tr>
<tr>
<td title='ru.vachok.networker.ExitAppTest.testWriteOwnObject()'><b>testWriteOwnObject</b><br>Test class: ru.vachok.networker.ExitAppTest</td>
<td></td>
<td>0</td>
<td>ru.vachok.networker.ExitAppTest@3e7545e8</td></tr>
</table><p>
</body>
</html>