<?xml version="1.0" encoding="UTF-8"?>
<!-- Copyright (c) all rights. http://networker.vachok.ru 2019. -->

<!-- Generated by org.testng.reporters.JUnitXMLReporter -->
<testsuite ignored="20" hostname="HOME" failures="13" tests="275" name="networker" time="153.157" errors="0" timestamp="2019-08-10T10:23:31 MSK">
    <testcase classname="ru.vachok.networker.net.scanner.NetScannerSvcTest" name="@AfterClass tearDown" time="0.0">
        <failure type="java.lang.NullPointerException">
            <![CDATA[java.lang.NullPointerException
at ru.vachok.networker.configuretests.TestConfigureThreadsLogMaker.after(TestConfigureThreadsLogMaker.java:86)
at ru.vachok.networker.net.scanner.NetScannerSvcTest.tearDown(NetScannerSvcTest.java:30)
... Removed 24 stack frames]]>
        </failure>
    </testcase> <!-- @AfterClass tearDown -->
    <testcase classname="ru.vachok.networker.AppComponentsTest" name="testAdSrv" time="0.005"/>
    <testcase classname="ru.vachok.networker.AppComponentsTest" name="testConnection" time="0.101"/>
    <testcase classname="ru.vachok.networker.AppComponentsTest" name="testDiapazonedScanInfo" time="0.038"/>
    <testcase classname="ru.vachok.networker.AppComponentsTest" name="testGetMailProps" time="0.001"/>
    <testcase classname="ru.vachok.networker.AppComponentsTest" name="testGetPFLists" time="0.001"/>
    <testcase classname="ru.vachok.networker.AppComponentsTest" name="testGetProps" time="0.001"/>
    <testcase classname="ru.vachok.networker.AppComponentsTest" name="testGetUserPref" time="0.008"/>
    <testcase classname="ru.vachok.networker.AppComponentsTest" name="testGetUserResolver" time="17.944"/>
    <testcase classname="ru.vachok.networker.AppComponentsTest" name="testIpFlushDNS" time="0.031"/>
    <testcase classname="ru.vachok.networker.AppComponentsTest" name="testLaunchRegRuFTPLibsUploader" time="0.062"/>
    <testcase classname="ru.vachok.networker.AppComponentsTest" name="testLoadPropsAndWriteToFile" time="0.001"/>
    <testcase classname="ru.vachok.networker.AppComponentsTest" name="testNetScannerSvc" time="0.045"/>
    <testcase classname="ru.vachok.networker.AppComponentsTest" name="testSaveLogsToDB" time="0.84"/>
    <testcase classname="ru.vachok.networker.AppComponentsTest" name="testScanOnline" time="0.123"/>
    <testcase classname="ru.vachok.networker.AppComponentsTest" name="testSimpleCalculator" time="0.004"/>
    <testcase classname="ru.vachok.networker.AppComponentsTest" name="testSshActs" time="0.007"/>
    <testcase classname="ru.vachok.networker.AppComponentsTest" name="testTemporaryFullInternet" time="0.01"/>
    <testcase classname="ru.vachok.networker.AppComponentsTest" name="testTestToString" time="0.001"/>
    <testcase classname="ru.vachok.networker.AppComponentsTest" name="testThreadConfig" time="0.001"/>
    <testcase classname="ru.vachok.networker.AppComponentsTest" name="testVersionInfo" time="0.043"/>
    <testcase classname="ru.vachok.networker.AppComponentsTest" name="testVisitor" time="0.0"/>
    <testcase classname="ru.vachok.networker.AppInfoOnLoadTest" name="onePCMonStart" time="0.001"/>
    <testcase classname="ru.vachok.networker.AppInfoOnLoadTest" name="realRun" time="3.169"/>
    <testcase classname="ru.vachok.networker.AppInfoOnLoadTest" name="testGetBuildStamp" time="0.177"/>
    <testcase classname="ru.vachok.networker.AppInfoOnLoadTest" name="testGetIISLogSize" time="0.003"/>
    <testcase classname="ru.vachok.networker.AppInfoOnLoadTest" name="testGetThisDelay" time="0.026"/>
    <testcase classname="ru.vachok.networker.AppInfoOnLoadTest" name="testToString1" time="0.0"/>
    <testcase classname="ru.vachok.networker.ExitAppTest" name="testGetVisitsMap" time="0.003"/>
    <testcase classname="ru.vachok.networker.ExitAppTest" name="testTestToString" time="0.0"/>
    <testcase classname="ru.vachok.networker.ExitAppTest" name="testWriteOwnObject" time="0.027"/>
    <testcase classname="ru.vachok.networker.IntoApplicationTest" name="runMainApp" time="7.114"/>
    <testcase classname="ru.vachok.networker.IntoApplicationTest" name="testBeforeSt" time="0.328"/>
    <testcase classname="ru.vachok.networker.IntoApplicationTest" name="testMain" time="0.005"/>
    <testcase classname="ru.vachok.networker.IntoApplicationTest" name="testReloadConfigurableApplicationContext" time="0.143">
        <failure type="org.springframework.core.task.TaskRejectedException"
                 message="Executor [java.util.concurrent.ThreadPoolExecutor@fca387[Terminated, pool size = 0, active threads = 0, queued tasks = 0, completed tasks = 0]] did not accept task: AppInfoOnLoad{, thisDelay=22&amp;lt;br&amp;gt;&amp;lt;br&amp;gt;infoForU ends. now ftpUploadTask(). Result: 1565421680502&amp;lt;br&amp;gt;144 MB IIS Logs
&amp;lt;br&amp;gt;HOME&amp;lt;br&amp;gt;new AppComponents().launchRegRuFTPLibsUploader() = true&amp;lt;br&amp;gt;ThreadConfig{java.util.concurrent.ThreadPoolExecutor@fca387[Running, pool size = 0, active threads = 0, queued tasks = 0, completed tasks = 0] TASK EXECUTOR, java.util.concurrent.ScheduledThreadPoolExecutor@10bd9df0[Running, pool size = 13, active threads = 0, queued tasks = 10, completed tasks = 3] TASK SCHEDULER.
 &amp;lt;p&amp;gt;java.lang:type=Threading object name, 28 total threads started, 26 current threads live, 26 peak live, 20 Daemon Thread Count, Total CPU time for all threads = 10 250 milliseconds.}&amp;lt;br&amp;gt;Sun Aug 11 23:57:00 MSK 2019 WeekPCStats() start
&amp;lt;br&amp;gt;Sun Aug 11 22:57:00 MSK 2019 MailIISLogsCleaner() start
&amp;lt;br&amp;gt;

Sat Aug 10 08:59:56 MSK 2019 - 10.10.111.57
Sat Aug 10 08:58:30 MSK 2019 - 0:0:0:0:0:0:0:1
SystemTrayHelper.getMenu
No app.log
0 kbytes of object written
Devices iterator next:  = &amp;lt;font color=&amp;quot;red&amp;quot;&amp;gt;10.200.200.0&amp;lt;/font&amp;gt;&amp;lt;br&amp;gt;
Last = &amp;lt;font color=&amp;quot;green&amp;quot;&amp;gt;10.200.212.67&amp;lt;/font&amp;gt;&amp;lt;br&amp;gt;
BlockingDeque size/remainingCapacity/total = 5348/9697/15045
exit at 2019-08-10T09:09:48.416686500(0,190 h uptime)
08.12, 08:30 pcuserauto (46 delay hours)
&amp;lt;br&amp;gt;144 MB IIS Logs
}">
            <![CDATA[org.springframework.core.task.TaskRejectedException: Executor [java.util.concurrent.ThreadPoolExecutor@fca387[Terminated, pool size = 0, active threads = 0, queued tasks = 0, completed tasks = 0]] did not accept task: AppInfoOnLoad{, thisDelay=22<br><br>infoForU ends. now ftpUploadTask(). Result: 1565421680502<br>144 MB IIS Logs
<br>HOME<br>new AppComponents().launchRegRuFTPLibsUploader() = true<br>ThreadConfig{java.util.concurrent.ThreadPoolExecutor@fca387[Running, pool size = 0, active threads = 0, queued tasks = 0, completed tasks = 0] TASK EXECUTOR, java.util.concurrent.ScheduledThreadPoolExecutor@10bd9df0[Running, pool size = 13, active threads = 0, queued tasks = 10, completed tasks = 3] TASK SCHEDULER.
 <p>java.lang:type=Threading object name, 28 total threads started, 26 current threads live, 26 peak live, 20 Daemon Thread Count, Total CPU time for all threads = 10 250 milliseconds.}<br>Sun Aug 11 23:57:00 MSK 2019 WeekPCStats() start
<br>Sun Aug 11 22:57:00 MSK 2019 MailIISLogsCleaner() start
<br>

Sat Aug 10 08:59:56 MSK 2019 - 10.10.111.57
Sat Aug 10 08:58:30 MSK 2019 - 0:0:0:0:0:0:0:1
SystemTrayHelper.getMenu
No app.log
0 kbytes of object written
Devices iterator next:  = <font color="red">10.200.200.0</font><br>
Last = <font color="green">10.200.212.67</font><br>
BlockingDeque size/remainingCapacity/total = 5348/9697/15045
exit at 2019-08-10T09:09:48.416686500(0,190 h uptime)
08.12, 08:30 pcuserauto (46 delay hours)
<br>144 MB IIS Logs
}
at org.springframework.scheduling.concurrent.ThreadPoolTaskExecutor.execute(ThreadPoolTaskExecutor.java:317)
at ru.vachok.networker.IntoApplication.afterSt(IntoApplication.java:109)
at ru.vachok.networker.componentsrepo.ArgsReader.readArgs(ArgsReader.java:68)
at ru.vachok.networker.componentsrepo.ArgsReader.fillArgsMap(ArgsReader.java:106)
at ru.vachok.networker.componentsrepo.ArgsReader.run(ArgsReader.java:48)
at ru.vachok.networker.IntoApplication.main(IntoApplication.java:93)
at ru.vachok.networker.IntoApplicationTest.testReloadConfigurableApplicationContext(IntoApplicationTest.java:72)
Caused by: java.util.concurrent.RejectedExecutionException: Task AppInfoOnLoad{, thisDelay=22<br><br>infoForU ends. now ftpUploadTask(). Result: 1565421680502<br>144 MB IIS Logs
<br>HOME<br>new AppComponents().launchRegRuFTPLibsUploader() = true<br>ThreadConfig{java.util.concurrent.ThreadPoolExecutor@fca387[Running, pool size = 0, active threads = 0, queued tasks = 0, completed tasks = 0] TASK EXECUTOR, java.util.concurrent.ScheduledThreadPoolExecutor@10bd9df0[Running, pool size = 13, active threads = 0, queued tasks = 10, completed tasks = 3] TASK SCHEDULER.
 <p>java.lang:type=Threading object name, 28 total threads started, 26 current threads live, 26 peak live, 20 Daemon Thread Count, Total CPU time for all threads = 10 250 milliseconds.}<br>Sun Aug 11 23:57:00 MSK 2019 WeekPCStats() start
<br>Sun Aug 11 22:57:00 MSK 2019 MailIISLogsCleaner() start
<br>

Sat Aug 10 08:59:56 MSK 2019 - 10.10.111.57
Sat Aug 10 08:58:30 MSK 2019 - 0:0:0:0:0:0:0:1
SystemTrayHelper.getMenu
No app.log
0 kbytes of object written
Devices iterator next:  = <font color="red">10.200.200.0</font><br>
Last = <font color="green">10.200.212.67</font><br>
BlockingDeque size/remainingCapacity/total = 5348/9697/15045
exit at 2019-08-10T09:09:48.416686500(0,190 h uptime)
08.12, 08:30 pcuserauto (46 delay hours)
<br>144 MB IIS Logs
} rejected from java.util.concurrent.ThreadPoolExecutor@fca387[Terminated, pool size = 0, active threads = 0, queued tasks = 0, completed tasks = 0]
at java.base/java.util.concurrent.ThreadPoolExecutor$AbortPolicy.rejectedExecution(ThreadPoolExecutor.java:2055)
at java.base/java.util.concurrent.ThreadPoolExecutor.reject(ThreadPoolExecutor.java:825)
at java.base/java.util.concurrent.ThreadPoolExecutor.execute(ThreadPoolExecutor.java:1355)
at org.springframework.scheduling.concurrent.ThreadPoolTaskExecutor.execute(ThreadPoolTaskExecutor.java:314)
... 32 more
... Removed 26 stack frames]]>
        </failure>
    </testcase> <!-- testReloadConfigurableApplicationContext -->
    <testcase classname="ru.vachok.networker.SSHFactoryTest" name="testCall" time="0.002">
        <failure type="java.lang.AssertionError" message="null
FutureTask.java: java.base/java.util.concurrent.FutureTask.awaitDone(FutureTask.java:418)
FutureTask.java: java.base/java.util.concurrent.FutureTask.get(FutureTask.java:203)
SSHFactoryTest.java: ru.vachok.networker.SSHFactoryTest.testCall(SSHFactoryTest.java:79)
NativeMethodAccessorImpl.java: java.base/jdk.internal.reflect.NativeMethodAccessorImpl.invoke0(Native Method)
NativeMethodAccessorImpl.java: java.base/jdk.internal.reflect.NativeMethodAccessorImpl.invoke(NativeMethodAccessorImpl.java:62)
DelegatingMethodAccessorImpl.java: java.base/jdk.internal.reflect.DelegatingMethodAccessorImpl.invoke(DelegatingMethodAccessorImpl.java:43)
Method.java: java.base/java.lang.reflect.Method.invoke(Method.java:567)
MethodInvocationHelper.java: org.testng.internal.MethodInvocationHelper.invokeMethod(MethodInvocationHelper.java:131)
TestInvoker.java: org.testng.internal.TestInvoker.invokeMethod(TestInvoker.java:570)
TestInvoker.java: org.testng.internal.TestInvoker.invokeTestMethod(TestInvoker.java:170)
MethodRunner.java: org.testng.internal.MethodRunner.runInSequence(MethodRunner.java:46)
TestInvoker.java: org.testng.internal.TestInvoker$MethodInvocationAgent.invoke(TestInvoker.java:790)
TestInvoker.java: org.testng.internal.TestInvoker.invokeTestMethods(TestInvoker.java:143)
TestMethodWorker.java: org.testng.internal.TestMethodWorker.invokeTestMethods(TestMethodWorker.java:146)
TestMethodWorker.java: org.testng.internal.TestMethodWorker.run(TestMethodWorker.java:128)
TestRunner.java: org.testng.TestRunner.privateRun(TestRunner.java:763)
TestRunner.java: org.testng.TestRunner.run(TestRunner.java:594)
SuiteRunner.java: org.testng.SuiteRunner.runTest(SuiteRunner.java:398)
SuiteRunner.java: org.testng.SuiteRunner.runSequentially(SuiteRunner.java:392)
SuiteRunner.java: org.testng.SuiteRunner.privateRun(SuiteRunner.java:355)
SuiteRunner.java: org.testng.SuiteRunner.run(SuiteRunner.java:304)
SuiteRunnerWorker.java: org.testng.SuiteRunnerWorker.runSuite(SuiteRunnerWorker.java:53)
SuiteRunnerWorker.java: org.testng.SuiteRunnerWorker.run(SuiteRunnerWorker.java:96)
TestNG.java: org.testng.TestNG.runSuitesSequentially(TestNG.java:1146)
TestNG.java: org.testng.TestNG.runSuitesLocally(TestNG.java:1067)
TestNG.java: org.testng.TestNG.runSuites(TestNG.java:997)
TestNG.java: org.testng.TestNG.run(TestNG.java:965)
IDEARemoteTestNG.java: org.testng.IDEARemoteTestNG.run(IDEARemoteTestNG.java:73)
RemoteTestNGStarter.java: org.testng.RemoteTestNGStarter.main(RemoteTestNGStarter.java:123)



 expected [null] but found [java.lang.InterruptedException]">
            <![CDATA[java.lang.AssertionError: null
FutureTask.java: java.base/java.util.concurrent.FutureTask.awaitDone(FutureTask.java:418)
FutureTask.java: java.base/java.util.concurrent.FutureTask.get(FutureTask.java:203)
SSHFactoryTest.java: ru.vachok.networker.SSHFactoryTest.testCall(SSHFactoryTest.java:79)



 expected [null] but found [java.lang.InterruptedException]
at ru.vachok.networker.SSHFactoryTest.testCall(SSHFactoryTest.java:82)
... Removed 55 stack frames]]>
        </failure>
    </testcase> <!-- testCall -->
    <testcase classname="ru.vachok.networker.SSHFactoryTest" name="testDirectCall" time="0.816"/>
    <testcase classname="ru.vachok.networker.SSHFactoryTest" name="testTestToString" time="0.0"/>
    <testcase classname="ru.vachok.networker.AbstractNetworkerFactoryTest" name="getSSHFactoryOverAbsFactory" time="0.122">
        <failure type="java.lang.AssertionError" message="null
FutureTask.java: java.base/java.util.concurrent.FutureTask.awaitDone(FutureTask.java:418)
FutureTask.java: java.base/java.util.concurrent.FutureTask.get(FutureTask.java:203)
AbstractNetworkerFactoryTest.java: ru.vachok.networker.AbstractNetworkerFactoryTest.getSSHFactoryOverAbsFactory(AbstractNetworkerFactoryTest.java:75)
NativeMethodAccessorImpl.java: java.base/jdk.internal.reflect.NativeMethodAccessorImpl.invoke0(Native Method)
NativeMethodAccessorImpl.java: java.base/jdk.internal.reflect.NativeMethodAccessorImpl.invoke(NativeMethodAccessorImpl.java:62)
DelegatingMethodAccessorImpl.java: java.base/jdk.internal.reflect.DelegatingMethodAccessorImpl.invoke(DelegatingMethodAccessorImpl.java:43)
Method.java: java.base/java.lang.reflect.Method.invoke(Method.java:567)
MethodInvocationHelper.java: org.testng.internal.MethodInvocationHelper.invokeMethod(MethodInvocationHelper.java:131)
TestInvoker.java: org.testng.internal.TestInvoker.invokeMethod(TestInvoker.java:570)
TestInvoker.java: org.testng.internal.TestInvoker.invokeTestMethod(TestInvoker.java:170)
MethodRunner.java: org.testng.internal.MethodRunner.runInSequence(MethodRunner.java:46)
TestInvoker.java: org.testng.internal.TestInvoker$MethodInvocationAgent.invoke(TestInvoker.java:790)
TestInvoker.java: org.testng.internal.TestInvoker.invokeTestMethods(TestInvoker.java:143)
TestMethodWorker.java: org.testng.internal.TestMethodWorker.invokeTestMethods(TestMethodWorker.java:146)
TestMethodWorker.java: org.testng.internal.TestMethodWorker.run(TestMethodWorker.java:128)
TestRunner.java: org.testng.TestRunner.privateRun(TestRunner.java:763)
TestRunner.java: org.testng.TestRunner.run(TestRunner.java:594)
SuiteRunner.java: org.testng.SuiteRunner.runTest(SuiteRunner.java:398)
SuiteRunner.java: org.testng.SuiteRunner.runSequentially(SuiteRunner.java:392)
SuiteRunner.java: org.testng.SuiteRunner.privateRun(SuiteRunner.java:355)
SuiteRunner.java: org.testng.SuiteRunner.run(SuiteRunner.java:304)
SuiteRunnerWorker.java: org.testng.SuiteRunnerWorker.runSuite(SuiteRunnerWorker.java:53)
SuiteRunnerWorker.java: org.testng.SuiteRunnerWorker.run(SuiteRunnerWorker.java:96)
TestNG.java: org.testng.TestNG.runSuitesSequentially(TestNG.java:1146)
TestNG.java: org.testng.TestNG.runSuitesLocally(TestNG.java:1067)
TestNG.java: org.testng.TestNG.runSuites(TestNG.java:997)
TestNG.java: org.testng.TestNG.run(TestNG.java:965)
IDEARemoteTestNG.java: org.testng.IDEARemoteTestNG.run(IDEARemoteTestNG.java:73)
RemoteTestNGStarter.java: org.testng.RemoteTestNGStarter.main(RemoteTestNGStarter.java:123)



 expected [null] but found [java.lang.InterruptedException]">
            <![CDATA[java.lang.AssertionError: null
FutureTask.java: java.base/java.util.concurrent.FutureTask.awaitDone(FutureTask.java:418)
FutureTask.java: java.base/java.util.concurrent.FutureTask.get(FutureTask.java:203)
AbstractNetworkerFactoryTest.java: ru.vachok.networker.AbstractNetworkerFactoryTest.getSSHFactoryOverAbsFactory(AbstractNetworkerFactoryTest.java:75)



 expected [null] but found [java.lang.InterruptedException]
at ru.vachok.networker.AbstractNetworkerFactoryTest.getSSHFactoryOverAbsFactory(AbstractNetworkerFactoryTest.java:84)
... Removed 55 stack frames]]>
        </failure>
    </testcase> <!-- getSSHFactoryOverAbsFactory -->
    <testcase classname="ru.vachok.networker.AbstractNetworkerFactoryTest" name="testCreateNetMonitorFactory" time="0.121"/>
    <testcase classname="ru.vachok.networker.AbstractNetworkerFactoryTest" name="testCreateSSHFactory" time="0.002"/>
    <testcase classname="ru.vachok.networker.AbstractNetworkerFactoryTest" name="testGetFilesFactory" time="0.003"/>
    <testcase classname="ru.vachok.networker.AbstractNetworkerFactoryTest" name="testGetInfoFactory" time="0.0"/>
    <testcase classname="ru.vachok.networker.AbstractNetworkerFactoryTest" name="testGetSSHFactory" time="0.444"/>
    <testcase classname="ru.vachok.networker.AbstractNetworkerFactoryTest" name="testNetScanServiceFactory" time="0.001"/>
    <testcase classname="ru.vachok.networker.abstr.NetKeeperTest" name="testGetAllDevices" time="0.0"/>
    <testcase classname="ru.vachok.networker.abstr.NetKeeperTest" name="testGetCurrentScanFiles" time="0.001"/>
    <testcase classname="ru.vachok.networker.abstr.NetKeeperTest" name="testGetCurrentScanLists" time="0.002"/>
    <testcase classname="ru.vachok.networker.abstr.NetKeeperTest" name="testGetKudrWorkTime" time="0.001"/>
    <testcase classname="ru.vachok.networker.abstr.NetKeeperTest" name="testGetNetworkPCs" time="0.0"/>
    <testcase classname="ru.vachok.networker.abstr.NetKeeperTest" name="testGetOnePcMonitor" time="0.0"/>
    <testcase classname="ru.vachok.networker.abstr.NetKeeperTest" name="testGetScanFiles" time="0.001"/>
    <testcase classname="ru.vachok.networker.abstr.NetKeeperTest" name="testMakeFilesMap" time="0.008"/>
    <testcase classname="ru.vachok.networker.accesscontrol.MatrixSRVTest" name="testSearchAccessPrincipals" time="0.045"/>
    <testcase classname="ru.vachok.networker.accesscontrol.PfListsTest" name="testTestToString" time="0.0"/>
    <testcase classname="ru.vachok.networker.accesscontrol.common.CommonCTRLTest" name="testCommonGET" time="0.002"/>
    <testcase classname="ru.vachok.networker.accesscontrol.common.CommonCTRLTest" name="testCommonSearch" time="0.05"/>
    <testcase classname="ru.vachok.networker.accesscontrol.common.CommonSRVTest" name="testReStoreDir" time="7.136"/>
    <testcase classname="ru.vachok.networker.accesscontrol.common.CommonSRVTest" name="testSearchByPat" time="3.169"/>
    <testcase classname="ru.vachok.networker.accesscontrol.common.OldBigFilesInfoCollectorTest" name="testCall" time="0.003"/>
    <testcase classname="ru.vachok.networker.accesscontrol.common.OldBigFilesInfoCollectorTest" name="testGetDate" time="0.0"/>
    <testcase classname="ru.vachok.networker.accesscontrol.common.OldBigFilesInfoCollectorTest" name="testGetStartPath" time="0.001"/>
    <testcase classname="ru.vachok.networker.accesscontrol.common.OldBigFilesInfoCollectorTest" name="testSetDate" time="0.0"/>
    <testcase classname="ru.vachok.networker.accesscontrol.common.OldBigFilesInfoCollectorTest" name="testTestToString" time="0.0"/>
    <testcase classname="ru.vachok.networker.accesscontrol.common.usermanagement.ConcreteFolderACLWriterTest" name="testRun" time="0.835"/>
    <testcase classname="ru.vachok.networker.accesscontrol.common.usermanagement.ConcreteFolderACLWriterTest" name="testToString1" time="0.0"/>
    <testcase classname="ru.vachok.networker.accesscontrol.common.usermanagement.ConcreteFolderACLWriterTest" name="testWriteACLs" time="0.518"/>
    <testcase classname="ru.vachok.networker.accesscontrol.common.usermanagement.RightsCheckerTest" name="copyExistsFiles" time="0.001">
        <failure type="java.lang.AssertionError" message="G:\My_Proj\FtpClientPlus\modules\networker\logscommon\common.own did not expect to find [true] but found [false]">
            <![CDATA[java.lang.AssertionError: G:\My_Proj\FtpClientPlus\modules\networker\logscommon\common.own did not expect to find [true] but found [false]
at ru.vachok.networker.accesscontrol.common.usermanagement.RightsCheckerTest.copyExistsFiles(RightsCheckerTest.java:82)
... Removed 29 stack frames]]>
        </failure>
    </testcase> <!-- copyExistsFiles -->
    <testcase classname="ru.vachok.networker.accesscontrol.common.usermanagement.RightsCheckerTest" name="runChecker" time="0.001">
        <failure type="java.lang.AssertionError" message="null
FutureTask.java: java.base/java.util.concurrent.FutureTask.awaitDone(FutureTask.java:418)
FutureTask.java: java.base/java.util.concurrent.FutureTask.get(FutureTask.java:203)
RightsCheckerTest.java: ru.vachok.networker.accesscontrol.common.usermanagement.RightsCheckerTest.runChecker(RightsCheckerTest.java:61)
NativeMethodAccessorImpl.java: java.base/jdk.internal.reflect.NativeMethodAccessorImpl.invoke0(Native Method)
NativeMethodAccessorImpl.java: java.base/jdk.internal.reflect.NativeMethodAccessorImpl.invoke(NativeMethodAccessorImpl.java:62)
DelegatingMethodAccessorImpl.java: java.base/jdk.internal.reflect.DelegatingMethodAccessorImpl.invoke(DelegatingMethodAccessorImpl.java:43)
Method.java: java.base/java.lang.reflect.Method.invoke(Method.java:567)
MethodInvocationHelper.java: org.testng.internal.MethodInvocationHelper.invokeMethod(MethodInvocationHelper.java:131)
TestInvoker.java: org.testng.internal.TestInvoker.invokeMethod(TestInvoker.java:570)
TestInvoker.java: org.testng.internal.TestInvoker.invokeTestMethod(TestInvoker.java:170)
MethodRunner.java: org.testng.internal.MethodRunner.runInSequence(MethodRunner.java:46)
TestInvoker.java: org.testng.internal.TestInvoker$MethodInvocationAgent.invoke(TestInvoker.java:790)
TestInvoker.java: org.testng.internal.TestInvoker.invokeTestMethods(TestInvoker.java:143)
TestMethodWorker.java: org.testng.internal.TestMethodWorker.invokeTestMethods(TestMethodWorker.java:146)
TestMethodWorker.java: org.testng.internal.TestMethodWorker.run(TestMethodWorker.java:128)
TestRunner.java: org.testng.TestRunner.privateRun(TestRunner.java:763)
TestRunner.java: org.testng.TestRunner.run(TestRunner.java:594)
SuiteRunner.java: org.testng.SuiteRunner.runTest(SuiteRunner.java:398)
SuiteRunner.java: org.testng.SuiteRunner.runSequentially(SuiteRunner.java:392)
SuiteRunner.java: org.testng.SuiteRunner.privateRun(SuiteRunner.java:355)
SuiteRunner.java: org.testng.SuiteRunner.run(SuiteRunner.java:304)
SuiteRunnerWorker.java: org.testng.SuiteRunnerWorker.runSuite(SuiteRunnerWorker.java:53)
SuiteRunnerWorker.java: org.testng.SuiteRunnerWorker.run(SuiteRunnerWorker.java:96)
TestNG.java: org.testng.TestNG.runSuitesSequentially(TestNG.java:1146)
TestNG.java: org.testng.TestNG.runSuitesLocally(TestNG.java:1067)
TestNG.java: org.testng.TestNG.runSuites(TestNG.java:997)
TestNG.java: org.testng.TestNG.run(TestNG.java:965)
IDEARemoteTestNG.java: org.testng.IDEARemoteTestNG.run(IDEARemoteTestNG.java:73)
RemoteTestNGStarter.java: org.testng.RemoteTestNGStarter.main(RemoteTestNGStarter.java:123)



 expected [null] but found [java.lang.InterruptedException]">
            <![CDATA[java.lang.AssertionError: null
FutureTask.java: java.base/java.util.concurrent.FutureTask.awaitDone(FutureTask.java:418)
FutureTask.java: java.base/java.util.concurrent.FutureTask.get(FutureTask.java:203)
RightsCheckerTest.java: ru.vachok.networker.accesscontrol.common.usermanagement.RightsCheckerTest.runChecker(RightsCheckerTest.java:61)



 expected [null] but found [java.lang.InterruptedException]
at ru.vachok.networker.accesscontrol.common.usermanagement.RightsCheckerTest.runChecker(RightsCheckerTest.java:64)
... Removed 55 stack frames]]>
        </failure>
    </testcase> <!-- runChecker -->
    <testcase classname="ru.vachok.networker.accesscontrol.inetstats.InetUserPCNameTest" name="testGetUsage" time="30.334"/>
    <testcase classname="ru.vachok.networker.accesscontrol.inetstats.InetUserPCNameTest" name="testShowLog" time="0.0"/>
    <testcase classname="ru.vachok.networker.accesscontrol.sshactions.SshActsTest" name="testAllowDomainAdd" time="0.523"/>
    <testcase classname="ru.vachok.networker.accesscontrol.sshactions.SshActsTest" name="testAllowDomainDel" time="0.439"/>
    <testcase classname="ru.vachok.networker.accesscontrol.sshactions.SshActsTest" name="testWhatSrvNeed" time="0.001"/>
    <testcase classname="ru.vachok.networker.accesscontrol.sshactions.TemporaryFullInternetTest" name="sshChecker$$Copy" time="0.889"/>
    <testcase classname="ru.vachok.networker.accesscontrol.sshactions.TemporaryFullInternetTest" name="testRunAdd" time="1.139"/>
    <testcase classname="ru.vachok.networker.accesscontrol.sshactions.TemporaryFullInternetTest" name="testRunCheck" time="0.141"/>
    <testcase classname="ru.vachok.networker.accesscontrol.sshactions.TemporaryFullInternetTest" name="testRunFromMonitors" time="0.033"/>
    <testcase classname="ru.vachok.networker.ad.ADComputerTest" name="testToString1" time="0.0"/>
    <testcase classname="ru.vachok.networker.ad.ADSrvTest" name="testCheckCommonRightsForUserName" time="0.047"/>
    <testcase classname="ru.vachok.networker.ad.ADSrvTest" name="testFromADUsersList" time="0.223"/>
    <testcase classname="ru.vachok.networker.ad.ADSrvTest" name="testGetAdComputer" time="0.0"/>
    <testcase classname="ru.vachok.networker.ad.ADSrvTest" name="testGetAdUser" time="0.0"/>
    <testcase classname="ru.vachok.networker.ad.ADSrvTest" name="testGetDetails" time="28.847"/>
    <testcase classname="ru.vachok.networker.ad.ADSrvTest" name="testGetUserInputRaw" time="0.0"/>
    <testcase classname="ru.vachok.networker.ad.ADSrvTest" name="testRun" time="0.006"/>
    <testcase classname="ru.vachok.networker.ad.ADSrvTest" name="testSetUserInputRaw" time="0.0"/>
    <testcase classname="ru.vachok.networker.ad.ADSrvTest" name="testShowADPCList" time="0.0"/>
    <testcase classname="ru.vachok.networker.ad.ADSrvTest" name="testTestToString" time="0.0"/>
    <testcase classname="ru.vachok.networker.ad.ADSrvTest" name="testUserSetter" time="0.24"/>
    <testcase classname="ru.vachok.networker.ad.PCUserResolverTest" name="testRun" time="0.676"/>
    <testcase classname="ru.vachok.networker.ad.PhotoConverterSRVTest" name="convertFoto" time="0.001"/>
    <testcase classname="ru.vachok.networker.ad.PhotoConverterSRVTest" name="testGetAdFotoFile" time="0.0"/>
    <testcase classname="ru.vachok.networker.ad.PhotoConverterSRVTest" name="testPsCommands" time="0.001"/>
    <testcase classname="ru.vachok.networker.ad.PhotoConverterSRVTest" name="testToString1" time="0.001"/>
    <testcase classname="ru.vachok.networker.ad.user.DataBaseADUsersSRVTest" name="adUsersFromFileGetter" time="0.651"/>
    <testcase classname="ru.vachok.networker.ad.user.DataBaseADUsersSRVTest" name="testFileParser" time="0.515"/>
    <testcase classname="ru.vachok.networker.ad.user.DataBaseADUsersSRVTest" name="testGetAdUsers" time="0.0"/>
    <testcase classname="ru.vachok.networker.ad.user.DataBaseADUsersSRVTest" name="testTestToString" time="0.0"/>
    <testcase classname="ru.vachok.networker.ad.user.ADUserTest" name="testTestToString" time="0.0"/>
    <testcase classname="ru.vachok.networker.componentsrepo.server.TelnetServerTest" name="testGetSocket" time="0.0">
        <failure type="ru.vachok.networker.componentsrepo.exceptions.TODOException" message="This functional is not ready yet. this is ru_vachok_networker- :ru.vachok.networker.componentsrepo.server.TelnetServerTest.testGetSocket(TelnetServerTest.java:41)

TODO: 05.08.2019 (23:43)">
            <![CDATA[ru.vachok.networker.componentsrepo.exceptions.TODOException: This functional is not ready yet. this is ru_vachok_networker- :ru.vachok.networker.componentsrepo.server.TelnetServerTest.testGetSocket(TelnetServerTest.java:41)

TODO: 05.08.2019 (23:43)
at ru.vachok.networker.componentsrepo.server.TelnetServerTest.testGetSocket(TelnetServerTest.java:41)
... Removed 26 stack frames]]>
        </failure>
    </testcase> <!-- testGetSocket -->
    <testcase classname="ru.vachok.networker.componentsrepo.server.TelnetServerTest" name="testRunSocket" time="0.001"/>
    <testcase classname="ru.vachok.networker.componentsrepo.server.TelnetServerTest" name="testTestToString" time="0.0"/>
    <testcase classname="ru.vachok.networker.componentsrepo.server.TelnetStarterTest" name="startServer" time="0.002">
        <failure type="java.lang.AssertionError" message="null
FutureTask.java: java.base/java.util.concurrent.FutureTask.awaitDone(FutureTask.java:418)
FutureTask.java: java.base/java.util.concurrent.FutureTask.get(FutureTask.java:203)
TelnetStarterTest.java: ru.vachok.networker.componentsrepo.server.TelnetStarterTest.startServer(TelnetStarterTest.java:46)
NativeMethodAccessorImpl.java: java.base/jdk.internal.reflect.NativeMethodAccessorImpl.invoke0(Native Method)
NativeMethodAccessorImpl.java: java.base/jdk.internal.reflect.NativeMethodAccessorImpl.invoke(NativeMethodAccessorImpl.java:62)
DelegatingMethodAccessorImpl.java: java.base/jdk.internal.reflect.DelegatingMethodAccessorImpl.invoke(DelegatingMethodAccessorImpl.java:43)
Method.java: java.base/java.lang.reflect.Method.invoke(Method.java:567)
MethodInvocationHelper.java: org.testng.internal.MethodInvocationHelper.invokeMethod(MethodInvocationHelper.java:131)
TestInvoker.java: org.testng.internal.TestInvoker.invokeMethod(TestInvoker.java:570)
TestInvoker.java: org.testng.internal.TestInvoker.invokeTestMethod(TestInvoker.java:170)
MethodRunner.java: org.testng.internal.MethodRunner.runInSequence(MethodRunner.java:46)
TestInvoker.java: org.testng.internal.TestInvoker$MethodInvocationAgent.invoke(TestInvoker.java:790)
TestInvoker.java: org.testng.internal.TestInvoker.invokeTestMethods(TestInvoker.java:143)
TestMethodWorker.java: org.testng.internal.TestMethodWorker.invokeTestMethods(TestMethodWorker.java:146)
TestMethodWorker.java: org.testng.internal.TestMethodWorker.run(TestMethodWorker.java:128)
TestRunner.java: org.testng.TestRunner.privateRun(TestRunner.java:763)
TestRunner.java: org.testng.TestRunner.run(TestRunner.java:594)
SuiteRunner.java: org.testng.SuiteRunner.runTest(SuiteRunner.java:398)
SuiteRunner.java: org.testng.SuiteRunner.runSequentially(SuiteRunner.java:392)
SuiteRunner.java: org.testng.SuiteRunner.privateRun(SuiteRunner.java:355)
SuiteRunner.java: org.testng.SuiteRunner.run(SuiteRunner.java:304)
SuiteRunnerWorker.java: org.testng.SuiteRunnerWorker.runSuite(SuiteRunnerWorker.java:53)
SuiteRunnerWorker.java: org.testng.SuiteRunnerWorker.run(SuiteRunnerWorker.java:96)
TestNG.java: org.testng.TestNG.runSuitesSequentially(TestNG.java:1146)
TestNG.java: org.testng.TestNG.runSuitesLocally(TestNG.java:1067)
TestNG.java: org.testng.TestNG.runSuites(TestNG.java:997)
TestNG.java: org.testng.TestNG.run(TestNG.java:965)
IDEARemoteTestNG.java: org.testng.IDEARemoteTestNG.run(IDEARemoteTestNG.java:73)
RemoteTestNGStarter.java: org.testng.RemoteTestNGStarter.main(RemoteTestNGStarter.java:123)



 expected [null] but found [java.lang.InterruptedException]">
            <![CDATA[java.lang.AssertionError: null
FutureTask.java: java.base/java.util.concurrent.FutureTask.awaitDone(FutureTask.java:418)
FutureTask.java: java.base/java.util.concurrent.FutureTask.get(FutureTask.java:203)
TelnetStarterTest.java: ru.vachok.networker.componentsrepo.server.TelnetStarterTest.startServer(TelnetStarterTest.java:46)



 expected [null] but found [java.lang.InterruptedException]
at ru.vachok.networker.componentsrepo.server.TelnetStarterTest.startServer(TelnetStarterTest.java:49)
... Removed 55 stack frames]]>
        </failure>
    </testcase> <!-- startServer -->
    <testcase classname="ru.vachok.networker.controller.ActDirectoryCTRLTest" name="testAdFoto" time="0.043"/>
    <testcase classname="ru.vachok.networker.controller.ActDirectoryCTRLTest" name="testAdUsersComps" time="0.141"/>
    <testcase classname="ru.vachok.networker.controller.AnketaKonfetaCRTLTest" name="testGetMapForAnketa" time="0.0"/>
    <testcase classname="ru.vachok.networker.controller.AnketaKonfetaCRTLTest" name="testPostAnketa" time="0.001"/>
    <testcase classname="ru.vachok.networker.controller.CalculateCTRLTest" name="testGetM" time="0.002"/>
    <testcase classname="ru.vachok.networker.controller.CalculateCTRLTest" name="testTimeStamp" time="0.004"/>
    <testcase classname="ru.vachok.networker.controller.ErrCtrTest" name="testErrHandle" time="0.002"/>
    <testcase classname="ru.vachok.networker.controller.ErrCtrTest" name="testGetErrorPath" time="0.001"/>
    <testcase classname="ru.vachok.networker.controller.ErrCtrTest" name="testTestToString" time="0.001"/>
    <testcase classname="ru.vachok.networker.controller.FileCleanerCTRLTest" name="testGetFilesInfo" time="0.0"/>
    <testcase classname="ru.vachok.networker.controller.FileCleanerCTRLTest" name="testPostFile" time="0.002"/>
    <testcase classname="ru.vachok.networker.controller.FileCleanerCTRLTest" name="testTestToString" time="0.0"/>
    <testcase classname="ru.vachok.networker.controller.MatrixCtrTest" name="testGetFirst" time="0.103"/>
    <testcase classname="ru.vachok.networker.controller.MatrixCtrTest" name="testGetWorkPosition" time="0.034"/>
    <testcase classname="ru.vachok.networker.controller.MatrixCtrTest" name="testSetCurrentProvider" time="0.005"/>
    <testcase classname="ru.vachok.networker.controller.MatrixCtrTest" name="testShowResults" time="0.001"/>
    <testcase classname="ru.vachok.networker.controller.NoHupOutTest" name="testNoHupGet" time="0.001"/>
    <testcase classname="ru.vachok.networker.controller.NoHupOutTest" name="testTestToString" time="0.001"/>
    <testcase classname="ru.vachok.networker.controller.OKMakerTest" name="testMakeOk" time="0.002">
        <failure type="java.lang.AssertionError" message="did not expect to find [true] but found [false]">
            <![CDATA[java.lang.AssertionError: did not expect to find [true] but found [false]
at ru.vachok.networker.controller.OKMakerTest.testMakeOk(OKMakerTest.java:43)
... Removed 30 stack frames]]>
        </failure>
    </testcase> <!-- testMakeOk -->
    <testcase classname="ru.vachok.networker.controller.OKMakerTest" name="testTestToString" time="0.0"/>
    <testcase classname="ru.vachok.networker.controller.OdinAssSyncCTRLTest" name="testResetForm" time="0.001"/>
    <testcase classname="ru.vachok.networker.controller.OdinAssSyncCTRLTest" name="testTestToString" time="0.0"/>
    <testcase classname="ru.vachok.networker.controller.OdinAssSyncCTRLTest" name="testUploadFiles" time="0.003"/>
    <testcase classname="ru.vachok.networker.controller.OdinAssSyncCTRLTest" name="testViewPage" time="0.0"/>
    <testcase classname="ru.vachok.networker.controller.OkCTRLTest" name="testOkStr" time="0.001"/>
    <testcase classname="ru.vachok.networker.controller.ShowAllDevCTRLTest" name="testModel" time="0.062"/>
    <testcase classname="ru.vachok.networker.controller.ShowAllDevCTRLTest" name="testModel" time="0.039"/>
    <testcase classname="ru.vachok.networker.controller.ShowAllDevCTRLTest" name="testModel" time="0.042"/>
    <testcase classname="ru.vachok.networker.controller.ShowAllDevCTRLTest" name="testModel" time="0.045"/>
    <testcase classname="ru.vachok.networker.controller.ShowAllDevCTRLTest" name="testModel" time="0.042"/>
    <testcase classname="ru.vachok.networker.controller.SshActsCTRLTest" name="testAllowPOST" time="0.635"/>
    <testcase classname="ru.vachok.networker.controller.SshActsCTRLTest" name="testDelDomPOST" time="0.413"/>
    <testcase classname="ru.vachok.networker.controller.SshActsCTRLTest" name="testParseReq" time="0.002"/>
    <testcase classname="ru.vachok.networker.controller.SshActsCTRLTest" name="testSshActsGET" time="0.002"/>
    <testcase classname="ru.vachok.networker.controller.SshActsCTRLTest" name="testSshActsPOST" time="0.001"/>
    <testcase classname="ru.vachok.networker.controller.SshActsCTRLTest" name="testTempFullInetAccess" time="0.411"/>
    <testcase classname="ru.vachok.networker.controller.SshActsCTRLTest" name="testWhatSrvNeed" time="0.001"/>
    <testcase classname="ru.vachok.networker.controller.UserWebCTRLTest" name="testAdSrvForUser" time="0.005"/>
    <testcase classname="ru.vachok.networker.controller.UserWebCTRLTest" name="testTestToString" time="0.0"/>
    <testcase classname="ru.vachok.networker.controller.UserWebCTRLTest" name="testUserGet" time="0.0"/>
    <testcase classname="ru.vachok.networker.controller.UserWebCTRLTest" name="testUserPost" time="0.002"/>
    <testcase classname="ru.vachok.networker.exe.ThreadConfigTest" name="testDumpToFile" time="0.001"/>
    <testcase classname="ru.vachok.networker.exe.ThreadConfigTest" name="testExecByThreadConfig" time="0.001"/>
    <testcase classname="ru.vachok.networker.exe.ThreadConfigTest" name="testGetI" time="0.001"/>
    <testcase classname="ru.vachok.networker.exe.ThreadConfigTest" name="testGetTaskExecutor" time="0.001"/>
    <testcase classname="ru.vachok.networker.exe.ThreadConfigTest" name="testGetTaskScheduler" time="0.0"/>
    <testcase classname="ru.vachok.networker.exe.ThreadConfigTest" name="testKillAll" time="0.001"/>
    <testcase classname="ru.vachok.networker.exe.ThreadConfigTest" name="testThrNameSet" time="0.001"/>
    <testcase classname="ru.vachok.networker.exe.ThreadConfigTest" name="testToString1" time="0.014"/>
    <testcase classname="ru.vachok.networker.exe.schedule.MailIISLogsCleanerTest" name="testRun" time="0.045"/>
    <testcase classname="ru.vachok.networker.exe.schedule.WeekStatsTest" name="testGetInetStats" time="0.04"/>
    <testcase classname="ru.vachok.networker.exe.schedule.WeekStatsTest" name="testGetPCStats" time="3.073"/>
    <testcase classname="ru.vachok.networker.fileworks.FileSystemWorkerTest" name="testAppendObjectToFile" time="0.003"/>
    <testcase classname="ru.vachok.networker.fileworks.FileSystemWorkerTest" name="testCopyOrDelFile" time="0.003"/>
    <testcase classname="ru.vachok.networker.fileworks.FileSystemWorkerTest" name="testCountStringsInFile" time="5.834"/>
    <testcase classname="ru.vachok.networker.fileworks.FileSystemWorkerTest" name="testDelTemp" time="0.827"/>
    <testcase classname="ru.vachok.networker.fileworks.FileSystemWorkerTest" name="testError" time="0.018"/>
    <testcase classname="ru.vachok.networker.fileworks.FileSystemWorkerTest" name="testPackFiles" time="0.185"/>
    <testcase classname="ru.vachok.networker.fileworks.FileSystemWorkerTest" name="testReadFile" time="0.001"/>
    <testcase classname="ru.vachok.networker.fileworks.FileSystemWorkerTest" name="testReadFileToList" time="0.001"/>
    <testcase classname="ru.vachok.networker.fileworks.FileSystemWorkerTest" name="testReadFileToQueue" time="0.001"/>
    <testcase classname="ru.vachok.networker.fileworks.FileSystemWorkerTest" name="testReadFileToSet" time="0.001"/>
    <testcase classname="ru.vachok.networker.fileworks.FileSystemWorkerTest" name="testWriteFile" time="0.002"/>
    <testcase classname="ru.vachok.networker.info.PageFooterTest" name="testGetInfoAbout" time="0.001"/>
    <testcase classname="ru.vachok.networker.info.PageFooterTest" name="testSetInfo" time="0.005"/>
    <testcase classname="ru.vachok.networker.info.PageFooterTest" name="testTestToString" time="0.0"/>
    <testcase classname="ru.vachok.networker.mailserver.ExSRVTest" name="testFileAsStrings" time="0.101"/>
    <testcase classname="ru.vachok.networker.mailserver.testserver.MailPOPTesterTest" name="logFileReader" time="2.743"/>
    <testcase classname="ru.vachok.networker.net.libswork.RegRuFTPLibsUploaderTest" name="checkPassOverDB on RegRuFTPLibsUploader{ftpClient=null}" time="0.049"/>
    <testcase classname="ru.vachok.networker.net.libswork.RegRuFTPLibsUploaderTest" name="chkPC$$COPY on RegRuFTPLibsUploader{ftpClient=null}" time="0.004"/>
    <testcase classname="ru.vachok.networker.net.libswork.RegRuFTPLibsUploaderTest" name="continueConnect on RegRuFTPLibsUploader{ftpClient=null}" time="0.023"/>
    <testcase classname="ru.vachok.networker.net.libswork.RegRuFTPLibsUploaderTest" name="ftpTest on RegRuFTPLibsUploader{ftpClient=null}" time="3.991"/>
    <testcase classname="ru.vachok.networker.net.monitor.DiapazonScanTest" name="isOldFilesExistsTest" time="0.002"/>
    <testcase classname="ru.vachok.networker.net.monitor.DiapazonScanTest" name="makeFilesMapTest" time="0.002"/>
    <testcase classname="ru.vachok.networker.net.monitor.DiapazonScanTest" name="scanFilesTest" time="0.001"/>
    <testcase classname="ru.vachok.networker.net.monitor.DiapazonScanTest" name="testRun" time="0.073"/>
    <testcase classname="ru.vachok.networker.net.monitor.DiapazonScanTest" name="testTheInfoToString" time="0.009"/>
    <testcase classname="ru.vachok.networker.net.monitor.DiapazonScanTest" name="testToString1" time="0.061"/>
    <testcase classname="ru.vachok.networker.net.monitor.KudrWorkTimeTest" name="getExecution$$COPY" time="0.002"/>
    <testcase classname="ru.vachok.networker.net.monitor.KudrWorkTimeTest" name="kudrMonitorTest" time="1.002"/>
    <testcase classname="ru.vachok.networker.net.monitor.KudrWorkTimeTest" name="testGetMapOfConditionsTypeNameTypeCondition" time="0.001"/>
    <testcase classname="ru.vachok.networker.net.monitor.KudrWorkTimeTest" name="testGetPingResultStr" time="0.002"/>
    <testcase classname="ru.vachok.networker.net.monitor.KudrWorkTimeTest" name="testGetStatistics" time="0.0"/>
    <testcase classname="ru.vachok.networker.net.monitor.KudrWorkTimeTest" name="testIsReach" time="0.001"/>
    <testcase classname="ru.vachok.networker.net.monitor.KudrWorkTimeTest" name="testPingDevices" time="0.001"/>
    <testcase classname="ru.vachok.networker.net.monitor.KudrWorkTimeTest" name="testTestToString" time="0.0"/>
    <testcase classname="ru.vachok.networker.net.monitor.KudrWorkTimeTest" name="testWriteLog" time="0.043"/>
    <testcase classname="ru.vachok.networker.net.monitor.NetMonitorPTVTests" name="ptvIfBigTest" time="0.016"/>
    <testcase classname="ru.vachok.networker.net.monitor.NetMonitorPTVTests" name="testRun" time="3.008"/>
    <testcase classname="ru.vachok.networker.net.monitor.NetMonitorPTVTests" name="testToString1" time="1.837"/>
    <testcase classname="ru.vachok.networker.net.monitor.PCMonitoringTest" name="exp$$WriteLog" time="0.001"/>
    <testcase classname="ru.vachok.networker.net.monitor.PCMonitoringTest" name="testGetExecution" time="0.86"/>
    <testcase classname="ru.vachok.networker.net.monitor.PCMonitoringTest" name="testGetMonitoringRunnable" time="0.0"/>
    <testcase classname="ru.vachok.networker.net.monitor.PCMonitoringTest" name="testGetPingResultStr" time="0.001"/>
    <testcase classname="ru.vachok.networker.net.monitor.PCMonitoringTest" name="testGetStatistics" time="0.001"/>
    <testcase classname="ru.vachok.networker.net.monitor.PCMonitoringTest" name="testIsReach" time="0.001"/>
    <testcase classname="ru.vachok.networker.net.monitor.PCMonitoringTest" name="testRun" time="0.002">
        <failure type="java.lang.AssertionError" message="null
FutureTask.java: java.base/java.util.concurrent.FutureTask.awaitDone(FutureTask.java:418)
FutureTask.java: java.base/java.util.concurrent.FutureTask.get(FutureTask.java:203)
PCMonitoringTest.java: ru.vachok.networker.net.monitor.PCMonitoringTest.testRun(PCMonitoringTest.java:102)
NativeMethodAccessorImpl.java: java.base/jdk.internal.reflect.NativeMethodAccessorImpl.invoke0(Native Method)
NativeMethodAccessorImpl.java: java.base/jdk.internal.reflect.NativeMethodAccessorImpl.invoke(NativeMethodAccessorImpl.java:62)
DelegatingMethodAccessorImpl.java: java.base/jdk.internal.reflect.DelegatingMethodAccessorImpl.invoke(DelegatingMethodAccessorImpl.java:43)
Method.java: java.base/java.lang.reflect.Method.invoke(Method.java:567)
MethodInvocationHelper.java: org.testng.internal.MethodInvocationHelper.invokeMethod(MethodInvocationHelper.java:131)
TestInvoker.java: org.testng.internal.TestInvoker.invokeMethod(TestInvoker.java:570)
TestInvoker.java: org.testng.internal.TestInvoker.invokeTestMethod(TestInvoker.java:170)
MethodRunner.java: org.testng.internal.MethodRunner.runInSequence(MethodRunner.java:46)
TestInvoker.java: org.testng.internal.TestInvoker$MethodInvocationAgent.invoke(TestInvoker.java:790)
TestInvoker.java: org.testng.internal.TestInvoker.invokeTestMethods(TestInvoker.java:143)
TestMethodWorker.java: org.testng.internal.TestMethodWorker.invokeTestMethods(TestMethodWorker.java:146)
TestMethodWorker.java: org.testng.internal.TestMethodWorker.run(TestMethodWorker.java:128)
TestRunner.java: org.testng.TestRunner.privateRun(TestRunner.java:763)
TestRunner.java: org.testng.TestRunner.run(TestRunner.java:594)
SuiteRunner.java: org.testng.SuiteRunner.runTest(SuiteRunner.java:398)
SuiteRunner.java: org.testng.SuiteRunner.runSequentially(SuiteRunner.java:392)
SuiteRunner.java: org.testng.SuiteRunner.privateRun(SuiteRunner.java:355)
SuiteRunner.java: org.testng.SuiteRunner.run(SuiteRunner.java:304)
SuiteRunnerWorker.java: org.testng.SuiteRunnerWorker.runSuite(SuiteRunnerWorker.java:53)
SuiteRunnerWorker.java: org.testng.SuiteRunnerWorker.run(SuiteRunnerWorker.java:96)
TestNG.java: org.testng.TestNG.runSuitesSequentially(TestNG.java:1146)
TestNG.java: org.testng.TestNG.runSuitesLocally(TestNG.java:1067)
TestNG.java: org.testng.TestNG.runSuites(TestNG.java:997)
TestNG.java: org.testng.TestNG.run(TestNG.java:965)
IDEARemoteTestNG.java: org.testng.IDEARemoteTestNG.run(IDEARemoteTestNG.java:73)
RemoteTestNGStarter.java: org.testng.RemoteTestNGStarter.main(RemoteTestNGStarter.java:123)



 expected [null] but found [java.lang.InterruptedException]">
            <![CDATA[java.lang.AssertionError: null
FutureTask.java: java.base/java.util.concurrent.FutureTask.awaitDone(FutureTask.java:418)
FutureTask.java: java.base/java.util.concurrent.FutureTask.get(FutureTask.java:203)
PCMonitoringTest.java: ru.vachok.networker.net.monitor.PCMonitoringTest.testRun(PCMonitoringTest.java:102)



 expected [null] but found [java.lang.InterruptedException]
at ru.vachok.networker.net.monitor.PCMonitoringTest.testRun(PCMonitoringTest.java:108)
... Removed 55 stack frames]]>
        </failure>
    </testcase> <!-- testRun -->
    <testcase classname="ru.vachok.networker.net.monitor.PCMonitoringTest" name="testWriteLog" time="0.001"/>
    <testcase classname="ru.vachok.networker.net.monitor.PingerFromFileTest" name="testIsReach" time="0.09"/>
    <testcase classname="ru.vachok.networker.net.monitor.PingerFromFileTest" name="testPingDev" time="0.306"/>
    <testcase classname="ru.vachok.networker.net.monitor.PingerFromFileTest" name="testRun" time="11.111"/>
    <testcase classname="ru.vachok.networker.net.scanner.NetScanCtrTest" name="testNetScan" time="0.012"/>
    <testcase classname="ru.vachok.networker.net.scanner.NetScanCtrTest" name="testPcNameForInfo" time="0.0"/>
    <testcase classname="ru.vachok.networker.net.scanner.NetScanCtrTest" name="testPingAddr" time="0.003"/>
    <testcase classname="ru.vachok.networker.net.scanner.NetScanCtrTest" name="testPingPost" time="0.006"/>
    <testcase classname="ru.vachok.networker.net.scanner.NetScannerSvcTest" name="testCheckMapSizeAndDoAction" time="0.0"/>
    <testcase classname="ru.vachok.networker.net.scanner.NetScannerSvcTest" name="testGetThePc" time="0.001"/>
    <testcase classname="ru.vachok.networker.net.scanner.NetScannerSvcTest" name="testSetThePc" time="0.0"/>
    <testcase classname="ru.vachok.networker.net.scanner.NetScannerSvcTest" name="testTestToString" time="0.0"/>
    <testcase classname="ru.vachok.networker.net.scanner.NetScannerSvcTest" name="testTheSETOfPCNamesPref" time="0.0"/>
    <testcase classname="ru.vachok.networker.net.scanner.NetScannerSvcTest" name="testTheSETOfPcNames" time="0.0"/>
    <testcase classname="ru.vachok.networker.net.scanner.ScanOnlineTest" name="fileOnToLastCopyTest" time="0.006"/>
    <testcase classname="ru.vachok.networker.net.scanner.ScanOnlineTest" name="testGetExecution" time="0.001"/>
    <testcase classname="ru.vachok.networker.net.scanner.ScanOnlineTest" name="testGetFileMAXOnlines" time="0.001"/>
    <testcase classname="ru.vachok.networker.net.scanner.ScanOnlineTest" name="testGetMonitoringRunnable" time="0.001"/>
    <testcase classname="ru.vachok.networker.net.scanner.ScanOnlineTest" name="testGetOnlinesFile" time="0.002"/>
    <testcase classname="ru.vachok.networker.net.scanner.ScanOnlineTest" name="testGetPingResultStr" time="0.003"/>
    <testcase classname="ru.vachok.networker.net.scanner.ScanOnlineTest" name="testGetReplaceFileNamePattern" time="0.001"/>
    <testcase classname="ru.vachok.networker.net.scanner.ScanOnlineTest" name="testGetStatistics" time="0.001"/>
    <testcase classname="ru.vachok.networker.net.scanner.ScanOnlineTest" name="testGetStatistics" time="0.002"/>
    <testcase classname="ru.vachok.networker.net.scanner.ScanOnlineTest" name="testGetStatistics" time="0.002"/>
    <testcase classname="ru.vachok.networker.net.scanner.ScanOnlineTest" name="testGetStatistics" time="0.002"/>
    <testcase classname="ru.vachok.networker.net.scanner.ScanOnlineTest" name="testGetStatistics" time="0.001"/>
    <testcase classname="ru.vachok.networker.net.scanner.ScanOnlineTest" name="testGetTimeToEndStr" time="0.001"/>
    <testcase classname="ru.vachok.networker.net.scanner.ScanOnlineTest" name="testIsReach" time="0.082"/>
    <testcase classname="ru.vachok.networker.net.scanner.ScanOnlineTest" name="testPingDevices" time="0.114"/>
    <testcase classname="ru.vachok.networker.net.scanner.ScanOnlineTest" name="testRun" time="0.011"/>
    <testcase classname="ru.vachok.networker.net.scanner.ScanOnlineTest" name="testScanOnlineLastBigger" time="0.001"/>
    <testcase classname="ru.vachok.networker.net.scanner.ScanOnlineTest" name="testToString1" time="0.042"/>
    <testcase classname="ru.vachok.networker.net.scanner.ScanOnlineTest" name="testToStringTester" time="0.035"/>
    <testcase classname="ru.vachok.networker.net.scanner.ScanOnlineTest" name="testWriteLogToFile" time="0.003"/>
    <testcase classname="ru.vachok.networker.restapi.database.DataConnectToAdapterTest" name="testGetDataSource" time="0.001"/>
    <testcase classname="ru.vachok.networker.restapi.database.DataConnectToAdapterTest" name="testGetI" time="0.0"/>
    <testcase classname="ru.vachok.networker.restapi.database.DataConnectToAdapterTest" name="testGetRegRuMysqlLibConnection" time="0.035"/>
    <testcase classname="ru.vachok.networker.restapi.database.DataConnectToAdapterTest" name="testGetSavepoint" time="0.0"/>
    <testcase classname="ru.vachok.networker.restapi.database.DataConnectToAdapterTest" name="testSetSavepoint" time="0.0"/>
    <testcase classname="ru.vachok.networker.restapi.database.RegRuMysqlLocTest" name="testGetDefaultConnection" time="0.037"/>
    <testcase classname="ru.vachok.networker.restapi.database.RegRuMysqlLocTest" name="testToString1" time="0.0"/>
    <testcase classname="ru.vachok.networker.restapi.message.DBMessengerTest" name="sendMessage" time="0.043">
        <failure type="java.lang.AssertionError"
                 message="DROP command denied to user &amp;apos;u0466446_network&amp;apos;@&amp;apos;91.192.22.201&amp;apos; for table &amp;apos;ru_vachok_networker&amp;apos;
NativeConstructorAccessorImpl.java: java.base/jdk.internal.reflect.NativeConstructorAccessorImpl.newInstance0(Native Method)
NativeConstructorAccessorImpl.java: java.base/jdk.internal.reflect.NativeConstructorAccessorImpl.newInstance(NativeConstructorAccessorImpl.java:62)
DelegatingConstructorAccessorImpl.java: java.base/jdk.internal.reflect.DelegatingConstructorAccessorImpl.newInstance(DelegatingConstructorAccessorImpl.java:45)
Constructor.java: java.base/java.lang.reflect.Constructor.newInstanceWithCaller(Constructor.java:500)
Constructor.java: java.base/java.lang.reflect.Constructor.newInstance(Constructor.java:481)
Util.java: com.mysql.jdbc.Util.handleNewInstance(Util.java:425)
Util.java: com.mysql.jdbc.Util.getInstance(Util.java:408)
SQLError.java: com.mysql.jdbc.SQLError.createSQLException(SQLError.java:944)
MysqlIO.java: com.mysql.jdbc.MysqlIO.checkErrorPacket(MysqlIO.java:3976)
MysqlIO.java: com.mysql.jdbc.MysqlIO.checkErrorPacket(MysqlIO.java:3912)
MysqlIO.java: com.mysql.jdbc.MysqlIO.sendCommand(MysqlIO.java:2530)
MysqlIO.java: com.mysql.jdbc.MysqlIO.sqlQueryDirect(MysqlIO.java:2683)
ConnectionImpl.java: com.mysql.jdbc.ConnectionImpl.execSQL(ConnectionImpl.java:2486)
PreparedStatement.java: com.mysql.jdbc.PreparedStatement.executeInternal(PreparedStatement.java:1858)
PreparedStatement.java: com.mysql.jdbc.PreparedStatement.executeUpdateInternal(PreparedStatement.java:2079)
PreparedStatement.java: com.mysql.jdbc.PreparedStatement.executeUpdateInternal(PreparedStatement.java:2013)
PreparedStatement.java: com.mysql.jdbc.PreparedStatement.executeLargeUpdate(PreparedStatement.java:5104)
PreparedStatement.java: com.mysql.jdbc.PreparedStatement.executeUpdate(PreparedStatement.java:1998)
DBMessengerTest.java: ru.vachok.networker.restapi.message.DBMessengerTest.checkMessageExistsInDatabase(DBMessengerTest.java:78)
DBMessengerTest.java: ru.vachok.networker.restapi.message.DBMessengerTest.sendMessage(DBMessengerTest.java:58)
NativeMethodAccessorImpl.java: java.base/jdk.internal.reflect.NativeMethodAccessorImpl.invoke0(Native Method)
NativeMethodAccessorImpl.java: java.base/jdk.internal.reflect.NativeMethodAccessorImpl.invoke(NativeMethodAccessorImpl.java:62)
DelegatingMethodAccessorImpl.java: java.base/jdk.internal.reflect.DelegatingMethodAccessorImpl.invoke(DelegatingMethodAccessorImpl.java:43)
Method.java: java.base/java.lang.reflect.Method.invoke(Method.java:567)
MethodInvocationHelper.java: org.testng.internal.MethodInvocationHelper.invokeMethod(MethodInvocationHelper.java:131)
TestInvoker.java: org.testng.internal.TestInvoker.invokeMethod(TestInvoker.java:570)
TestInvoker.java: org.testng.internal.TestInvoker.invokeTestMethod(TestInvoker.java:170)
MethodRunner.java: org.testng.internal.MethodRunner.runInSequence(MethodRunner.java:46)
TestInvoker.java: org.testng.internal.TestInvoker$MethodInvocationAgent.invoke(TestInvoker.java:790)
TestInvoker.java: org.testng.internal.TestInvoker.invokeTestMethods(TestInvoker.java:143)
TestMethodWorker.java: org.testng.internal.TestMethodWorker.invokeTestMethods(TestMethodWorker.java:146)
TestMethodWorker.java: org.testng.internal.TestMethodWorker.run(TestMethodWorker.java:128)
TestRunner.java: org.testng.TestRunner.privateRun(TestRunner.java:763)
TestRunner.java: org.testng.TestRunner.run(TestRunner.java:594)
SuiteRunner.java: org.testng.SuiteRunner.runTest(SuiteRunner.java:398)
SuiteRunner.java: org.testng.SuiteRunner.runSequentially(SuiteRunner.java:392)
SuiteRunner.java: org.testng.SuiteRunner.privateRun(SuiteRunner.java:355)
SuiteRunner.java: org.testng.SuiteRunner.run(SuiteRunner.java:304)
SuiteRunnerWorker.java: org.testng.SuiteRunnerWorker.runSuite(SuiteRunnerWorker.java:53)
SuiteRunnerWorker.java: org.testng.SuiteRunnerWorker.run(SuiteRunnerWorker.java:96)
TestNG.java: org.testng.TestNG.runSuitesSequentially(TestNG.java:1146)
TestNG.java: org.testng.TestNG.runSuitesLocally(TestNG.java:1067)
TestNG.java: org.testng.TestNG.runSuites(TestNG.java:997)
TestNG.java: org.testng.TestNG.run(TestNG.java:965)
IDEARemoteTestNG.java: org.testng.IDEARemoteTestNG.run(IDEARemoteTestNG.java:73)
RemoteTestNGStarter.java: org.testng.RemoteTestNGStarter.main(RemoteTestNGStarter.java:123)



 expected [null] but found [com.mysql.jdbc.exceptions.jdbc4.MySQLSyntaxErrorException: DROP command denied to user &amp;apos;u0466446_network&amp;apos;@&amp;apos;91.192.22.201&amp;apos; for table &amp;apos;ru_vachok_networker&amp;apos;]">
            <![CDATA[java.lang.AssertionError: DROP command denied to user 'u0466446_network'@'91.192.22.201' for table 'ru_vachok_networker'
Util.java: com.mysql.jdbc.Util.handleNewInstance(Util.java:425)
Util.java: com.mysql.jdbc.Util.getInstance(Util.java:408)
SQLError.java: com.mysql.jdbc.SQLError.createSQLException(SQLError.java:944)
MysqlIO.java: com.mysql.jdbc.MysqlIO.checkErrorPacket(MysqlIO.java:3976)
MysqlIO.java: com.mysql.jdbc.MysqlIO.checkErrorPacket(MysqlIO.java:3912)
MysqlIO.java: com.mysql.jdbc.MysqlIO.sendCommand(MysqlIO.java:2530)
MysqlIO.java: com.mysql.jdbc.MysqlIO.sqlQueryDirect(MysqlIO.java:2683)
ConnectionImpl.java: com.mysql.jdbc.ConnectionImpl.execSQL(ConnectionImpl.java:2486)
PreparedStatement.java: com.mysql.jdbc.PreparedStatement.executeInternal(PreparedStatement.java:1858)
PreparedStatement.java: com.mysql.jdbc.PreparedStatement.executeUpdateInternal(PreparedStatement.java:2079)
PreparedStatement.java: com.mysql.jdbc.PreparedStatement.executeUpdateInternal(PreparedStatement.java:2013)
PreparedStatement.java: com.mysql.jdbc.PreparedStatement.executeLargeUpdate(PreparedStatement.java:5104)
PreparedStatement.java: com.mysql.jdbc.PreparedStatement.executeUpdate(PreparedStatement.java:1998)
DBMessengerTest.java: ru.vachok.networker.restapi.message.DBMessengerTest.checkMessageExistsInDatabase(DBMessengerTest.java:78)
DBMessengerTest.java: ru.vachok.networker.restapi.message.DBMessengerTest.sendMessage(DBMessengerTest.java:58)



 expected [null] but found [com.mysql.jdbc.exceptions.jdbc4.MySQLSyntaxErrorException: DROP command denied to user 'u0466446_network'@'91.192.22.201' for table 'ru_vachok_networker']
at ru.vachok.networker.restapi.message.DBMessengerTest.checkMessageExistsInDatabase(DBMessengerTest.java:84)
at ru.vachok.networker.restapi.message.DBMessengerTest.sendMessage(DBMessengerTest.java:58)
... Removed 60 stack frames]]>
        </failure>
    </testcase> <!-- sendMessage -->
    <testcase classname="ru.vachok.networker.restapi.message.DBMessengerTest" name="testAsSingle" time="0.001"/>
    <testcase classname="ru.vachok.networker.restapi.message.DBMessengerTest" name="testToString" time="0.001"/>
    <testcase classname="ru.vachok.networker.restapi.props.DBPropsCallableTest" name="localFind" time="0.17"/>
    <testcase classname="ru.vachok.networker.restapi.props.DBPropsCallableTest" name="testCall" time="0.149"/>
    <testcase classname="ru.vachok.networker.restapi.props.DBPropsCallableTest" name="testDelProps" time="0.045"/>
    <testcase classname="ru.vachok.networker.restapi.props.DBPropsCallableTest" name="testGetProps" time="0.038"/>
    <testcase classname="ru.vachok.networker.restapi.props.DBPropsCallableTest" name="testGetRegSourceForProperties" time="0.001"/>
    <testcase classname="ru.vachok.networker.restapi.props.DBPropsCallableTest" name="testSetProps" time="0.124"/>
    <testcase classname="ru.vachok.networker.restapi.props.DBPropsCallableTest" name="testToString1" time="0.0"/>
    <testcase classname="ru.vachok.networker.restapi.props.FilePropsLocalTest" name="testDelProps" time="0.0"/>
    <testcase classname="ru.vachok.networker.restapi.props.FilePropsLocalTest" name="testGetProps" time="0.221"/>
    <testcase classname="ru.vachok.networker.restapi.props.FilePropsLocalTest" name="testSetProps" time="0.0"/>
    <testcase classname="ru.vachok.networker.services.MyCalenTest" name="planTruncateTableUsers" time="0.001">
        <failure type="java.util.concurrent.RejectedExecutionException"
                 message="Task java.util.concurrent.ScheduledThreadPoolExecutor$ScheduledFutureTask@5eba9e41[Not completed, task = java.util.concurrent.Executors$RunnableAdapter@184bb873[Wrapped task = ru.vachok.networker.services.MyCalen$$Lambda$154/0x00000008013cbc40@696ce057]] rejected from java.util.concurrent.ScheduledThreadPoolExecutor@10bd9df0[Terminated, pool size = 0, active threads = 0, queued tasks = 0, completed tasks = 3]">
            <![CDATA[java.util.concurrent.RejectedExecutionException: Task java.util.concurrent.ScheduledThreadPoolExecutor$ScheduledFutureTask@5eba9e41[Not completed, task = java.util.concurrent.Executors$RunnableAdapter@184bb873[Wrapped task = ru.vachok.networker.services.MyCalen$$Lambda$154/0x00000008013cbc40@696ce057]] rejected from java.util.concurrent.ScheduledThreadPoolExecutor@10bd9df0[Terminated, pool size = 0, active threads = 0, queued tasks = 0, completed tasks = 3]
at java.base/java.util.concurrent.ThreadPoolExecutor$AbortPolicy.rejectedExecution(ThreadPoolExecutor.java:2055)
at java.base/java.util.concurrent.ThreadPoolExecutor.reject(ThreadPoolExecutor.java:825)
at java.base/java.util.concurrent.ScheduledThreadPoolExecutor.delayedExecute(ScheduledThreadPoolExecutor.java:340)
at java.base/java.util.concurrent.ScheduledThreadPoolExecutor.scheduleWithFixedDelay(ScheduledThreadPoolExecutor.java:680)
at ru.vachok.networker.services.MyCalen.planTruncateTableUsers(MyCalen.java:170)
at ru.vachok.networker.services.MyCalenTest.planTruncateTableUsers(MyCalenTest.java:72)
... Removed 26 stack frames]]>
        </failure>
    </testcase> <!-- planTruncateTableUsers -->
    <testcase classname="ru.vachok.networker.services.MyCalenTest" name="testGetNextDay" time="0.001"/>
    <testcase classname="ru.vachok.networker.services.MyCalenTest" name="testGetNextDayofWeek" time="0.001"/>
    <testcase classname="ru.vachok.networker.services.MyCalenTest" name="testGetThisDay" time="0.002"/>
    <testcase classname="ru.vachok.networker.services.MyCalenTest" name="testGetTimeInfo" time="0.0">
        <failure type="java.lang.AssertionError" message="did not expect to find [true] but found [false]">
            <![CDATA[java.lang.AssertionError: did not expect to find [true] but found [false]
at ru.vachok.networker.services.MyCalenTest.testGetTimeInfo(MyCalenTest.java:32)
... Removed 30 stack frames]]>
        </failure>
    </testcase> <!-- testGetTimeInfo -->
    <testcase classname="ru.vachok.networker.services.MyCalenTest" name="testToStringS" time="0.003"/>
    <testcase classname="ru.vachok.networker.services.SimpleCalculatorTest" name="countThreads" time="0.004"/>
    <testcase classname="ru.vachok.networker.services.SimpleCalculatorTest" name="testCountDoubles" time="0.001"/>
    <testcase classname="ru.vachok.networker.services.SimpleCalculatorTest" name="testGetQuery" time="0.007"/>
    <testcase classname="ru.vachok.networker.services.SimpleCalculatorTest" name="testGetStampFromDate" time="0.004"/>
    <testcase classname="ru.vachok.networker.services.SimpleCalculatorTest" name="testSetQuery" time="0.0"/>
    <testcase classname="ru.vachok.networker.services.SimpleCalculatorTest" name="testToString1" time="0.0"/>
    <testcase classname="ru.vachok.networker.services.TimeCheckerTest" name="testCall" time="0.038"/>
    <testcase classname="ru.vachok.networker.services.WhoIsWithSRVTest" name="testWhoIs" time="3.735"/>
    <testcase classname="ru.vachok.networker.sysinfo.ServiceInfoCtrlTest" name="testCloseApp" time="0.003"/>
    <testcase classname="ru.vachok.networker.sysinfo.ServiceInfoCtrlTest" name="testInfoMapping" time="0.0"/>
    <testcase classname="ru.vachok.networker.sysinfo.ServiceInfoCtrlTest" name="testInfoMappingCOPY" time="0.018"/>
    <testcase classname="ru.vachok.networker.sysinfo.ServiceInfoCtrlTest" name="testOffPC" time="0.009"/>
    <testcase classname="ru.vachok.networker.sysinfo.ServiceInfoCtrlTest" name="testTestToString" time="0.001"/>
    <testcase classname="ru.vachok.networker.systray.actions.ActionMakeInfoAboutOldCommonFilesTest" name="testActionPerformed" time="0.002">
        <failure type="java.lang.AssertionError" message="did not expect to find [true] but found [false]">
            <![CDATA[java.lang.AssertionError: did not expect to find [true] but found [false]
at ru.vachok.networker.systray.actions.ActionMakeInfoAboutOldCommonFilesTest.testActionPerformed(ActionMakeInfoAboutOldCommonFilesTest.java:35)
... Removed 30 stack frames]]>
        </failure>
    </testcase> <!-- testActionPerformed -->
    <testcase classname="ru.vachok.networker.systray.actions.ActionMakeInfoAboutOldCommonFilesTest" name="testTestToString" time="0.001"/>
    <testcase classname="ru.vachok.networker.net.monitor.KudrWorkTimeTest" name="testGetExecution" time="0.0">
        <ignored/>
    </testcase> <!-- testGetExecution -->
    <testcase classname="ru.vachok.networker.mailserver.testserver.MailPOPTesterTest" name="testTestInput" time="0.0">
        <ignored/>
    </testcase> <!-- testTestInput -->
    <testcase classname="ru.vachok.networker.mailserver.testserver.MailPOPTesterTest" name="realTesting" time="0.0">
        <ignored/>
    </testcase> <!-- realTesting -->
    <testcase classname="ru.vachok.networker.mailserver.testserver.MailPOPTesterTest" name="testTestComplex" time="0.0">
        <ignored/>
    </testcase> <!-- testTestComplex -->
    <testcase classname="ru.vachok.networker.AppInfoOnLoadTest" name="testRun" time="0.0">
        <ignored/>
    </testcase> <!-- testRun -->
    <testcase classname="ru.vachok.networker.fileworks.FileSystemWorkerTest" name="countStringsInFileAsStream" time="0.0">
        <ignored/>
    </testcase> <!-- countStringsInFileAsStream -->
    <testcase classname="ru.vachok.networker.AppComponentsTest" name="testUpdateProps" time="0.0">
        <ignored/>
    </testcase> <!-- testUpdateProps -->
    <testcase classname="ru.vachok.networker.IntoApplicationTest" name="testGetConfigurableApplicationContext" time="0.0">
        <ignored/>
    </testcase> <!-- testGetConfigurableApplicationContext -->
    <testcase classname="ru.vachok.networker.componentsrepo.VersionInfoTest" name="testSetParams" time="0.0">
        <ignored/>
    </testcase> <!-- testSetParams -->
    <testcase classname="ru.vachok.networker.net.scanner.ScanOnlineTest" name="offlineNotEmptTEST" time="0.0">
        <ignored/>
    </testcase> <!-- offlineNotEmptTEST -->
    <testcase classname="ru.vachok.networker.fileworks.FileSystemWorkerTest" name="testCopyOrDelFileWithPath" time="0.0">
        <ignored/>
    </testcase> <!-- testCopyOrDelFileWithPath -->
    <testcase classname="ru.vachok.networker.accesscontrol.common.CommonCTRLTest" name="testCommonArchPOST" time="0.0">
        <ignored/>
    </testcase> <!-- testCommonArchPOST -->
    <testcase classname="ru.vachok.networker.net.monitor.KudrWorkTimeTest" name="monitorAddress$$COPY" time="0.0">
        <ignored/>
    </testcase> <!-- monitorAddress$$COPY -->
    <testcase classname="ru.vachok.networker.mailserver.testserver.MailPOPTesterTest" name="testTestOutput" time="0.0">
        <ignored/>
    </testcase> <!-- testTestOutput -->
    <testcase classname="ru.vachok.networker.AppInfoOnLoadTest" name="testKudrMonitor" time="0.0">
        <ignored/>
    </testcase> <!-- testKudrMonitor -->
    <testcase classname="ru.vachok.networker.AppComponentsTest" name="testConfigurableApplicationContext" time="0.0">
        <ignored/>
    </testcase> <!-- testConfigurableApplicationContext -->
    <testcase classname="ru.vachok.networker.componentsrepo.VersionInfoTest" name="getParamsTEST" time="0.0">
        <ignored/>
    </testcase> <!-- getParamsTEST -->
    <testcase classname="ru.vachok.networker.systray.actions.ActionOpenProgFolderTest" name="testActionPerformed" time="0.0">
        <ignored/>
    </testcase> <!-- testActionPerformed -->
    <testcase classname="ru.vachok.networker.ExitAppTest" name="testRun" time="0.0">
        <ignored/>
    </testcase> <!-- testRun -->
    <testcase classname="ru.vachok.networker.SSHFactoryTest" name="testOverABSFactory" time="0.0">
        <ignored/>
    </testcase> <!-- testOverABSFactory -->
</testsuite> <!-- networker -->
